

================================================================
== Vivado HLS Report for 'exp_generic_double_s'
================================================================
* Date:           Tue Oct 15 00:04:13 2024

* Version:        2018.3 (Build 2405991 on Thu Dec 06 23:56:15 MST 2018)
* Project:        HLS
* Solution:       solution1
* Product family: zynq
* Target device:  xc7z020clg400-2


================================================================
== Performance Estimates
================================================================
+ Timing (ns): 
    * Summary: 
    +--------+-------+----------+------------+
    |  Clock | Target| Estimated| Uncertainty|
    +--------+-------+----------+------------+
    |ap_clk  |  10.00|     8.662|        1.25|
    +--------+-------+----------+------------+

+ Latency (clock cycles): 
    * Summary: 
    +-----+-----+-----+-----+----------+
    |  Latency  |  Interval | Pipeline |
    | min | max | min | max |   Type   |
    +-----+-----+-----+-----+----------+
    |   12|   12|    1|    1| function |
    +-----+-----+-----+-----+----------+

    + Detail: 
        * Instance: 
        N/A

        * Loop: 
        N/A



================================================================
== Utilization Estimates
================================================================
* Summary: 
+-----------------+---------+-------+--------+-------+
|       Name      | BRAM_18K| DSP48E|   FF   |  LUT  |
+-----------------+---------+-------+--------+-------+
|DSP              |        -|      1|       -|      -|
|Expression       |        -|     24|       0|   2237|
|FIFO             |        -|      -|       -|      -|
|Instance         |        -|      4|     361|    195|
|Memory           |        5|      -|       0|      0|
|Multiplexer      |        -|      -|       -|      -|
|Register         |        2|      -|    1794|    289|
+-----------------+---------+-------+--------+-------+
|Total            |        7|     29|    2155|   2721|
+-----------------+---------+-------+--------+-------+
|Available        |      280|    220|  106400|  53200|
+-----------------+---------+-------+--------+-------+
|Utilization (%)  |        2|     13|       2|      5|
+-----------------+---------+-------+--------+-------+

+ Detail: 
    * Instance: 
    +-------------------------+----------------------+---------+-------+-----+-----+
    |         Instance        |        Module        | BRAM_18K| DSP48E|  FF | LUT |
    +-------------------------+----------------------+---------+-------+-----+-----+
    |GELU_mul_72ns_13seOg_U1  |GELU_mul_72ns_13seOg  |        0|      4|  361|  195|
    +-------------------------+----------------------+---------+-------+-----+-----+
    |Total                    |                      |        0|      4|  361|  195|
    +-------------------------+----------------------+---------+-------+-----+-----+

    * DSP48: 
    +-------------------------+----------------------+--------------+
    |         Instance        |        Module        |  Expression  |
    +-------------------------+----------------------+--------------+
    |GELU_mac_muladd_1fYi_U2  |GELU_mac_muladd_1fYi  | i0 * i1 + i2 |
    +-------------------------+----------------------+--------------+

    * Memory: 
    +------------------------+----------------------+---------+---+----+------+-----+------+-------------+
    |         Memory         |        Module        | BRAM_18K| FF| LUT| Words| Bits| Banks| W*Bits*Banks|
    +------------------------+----------------------+---------+---+----+------+-----+------+-------------+
    |table_exp_Z1_array_s_U  |exp_generic_doublbkb  |        2|  0|   0|   256|   58|     1|        14848|
    |table_f_Z3_array_V_U    |exp_generic_doublcud  |        1|  0|   0|   256|   26|     1|         6656|
    |table_f_Z2_array_V_U    |exp_generic_doubldEe  |        2|  0|   0|   256|   42|     1|        10752|
    +------------------------+----------------------+---------+---+----+------+-----+------+-------------+
    |Total                   |                      |        5|  0|   0|   768|  126|     3|        32256|
    +------------------------+----------------------+---------+---+----+------+-----+------+-------------+

    * FIFO: 
    N/A

    * Expression: 
    +-------------------------------+----------+-------+---+-----+------------+------------+
    |         Variable Name         | Operation| DSP48E| FF| LUT | Bitwidth P0| Bitwidth P1|
    +-------------------------------+----------+-------+---+-----+------------+------------+
    |r_V_16_fu_690_p2               |     *    |      6|  0|   23|          36|          43|
    |r_V_17_fu_760_p2               |     *    |      9|  0|   21|          44|          49|
    |r_V_18_fu_843_p2               |     *    |      9|  0|   22|          50|          50|
    |exp_Z1P_m_1_l_V_fu_802_p2      |     +    |      0|  0|   52|          52|          52|
    |exp_Z2P_m_1_V_fu_725_p2        |     +    |      0|  0|   44|          44|          44|
    |m_exp_fu_321_p2                |     +    |      0|  0|   12|          11|          12|
    |out_exp_V_fu_969_p2            |     +    |      0|  0|   11|          10|          11|
    |r_exp_V_fu_898_p2              |     +    |      0|  0|   13|           2|          13|
    |ret_V_20_cast_fu_884_p2        |     +    |      0|  0|  107|         107|         107|
    |ret_V_5_fu_669_p2              |     +    |      0|  0|   36|          36|          36|
    |ret_V_7_fu_831_p2              |     +    |      0|  0|   59|           5|          59|
    |ret_V_8_fu_878_p2              |     +    |      0|  0|  108|         108|         108|
    |tmp6_fu_793_p2                 |     +    |      0|  0|   44|          44|          44|
    |tmp_17_fu_517_p2               |     +    |      0|  0|   13|           1|          13|
    |tmp_fu_716_p2                  |     +    |      0|  0|   36|          36|          36|
    |e_frac_V_fu_335_p2             |     -    |      0|  0|   54|           1|          54|
    |ret_V_4_fu_592_p2              |     -    |      0|  0|   73|          73|          73|
    |tmp_s_fu_369_p2                |     -    |      0|  0|   11|          10|          11|
    |ap_block_pp0_stage0_11001      |    and   |      0|  0|    1|           1|           1|
    |not_demorgan_fu_299_p2         |    and   |      0|  0|    1|           1|           1|
    |sel_tmp10_fu_1128_p2           |    and   |      0|  0|    1|           1|           1|
    |sel_tmp12_fu_1029_p2           |    and   |      0|  0|    1|           1|           1|
    |sel_tmp2_fu_996_p2             |    and   |      0|  0|    1|           1|           1|
    |sel_tmp4_fu_1117_p2            |    and   |      0|  0|    1|           1|           1|
    |sel_tmp5_fu_1001_p2            |    and   |      0|  0|    1|           1|           1|
    |sel_tmp7_fu_1091_p2            |    and   |      0|  0|    1|           1|           1|
    |sel_tmp8_fu_1011_p2            |    and   |      0|  0|    1|           1|           1|
    |tmp10_fu_1112_p2               |    and   |      0|  0|    1|           1|           1|
    |tmp11_fu_1123_p2               |    and   |      0|  0|    1|           1|           1|
    |tmp12_fu_1134_p2               |    and   |      0|  0|    1|           1|           1|
    |tmp13_fu_1051_p2               |    and   |      0|  0|    1|           1|           1|
    |tmp9_fu_990_p2                 |    and   |      0|  0|    1|           1|           1|
    |tmp_36_fu_1164_p2              |    and   |      0|  0|    1|           1|           1|
    |tmp_4_i_fu_311_p2              |    and   |      0|  0|    1|           1|           1|
    |x_is_ninf_fu_1082_p2           |    and   |      0|  0|    1|           1|           1|
    |r_V_4_fu_473_p2                |   ashr   |      0|  0|  182|          64|          64|
    |r_V_fu_399_p2                  |   ashr   |      0|  0|  176|          61|          61|
    |icmp_fu_920_p2                 |   icmp   |      0|  0|    2|           3|           1|
    |tmp_16_fu_511_p2               |   icmp   |      0|  0|    8|          18|           1|
    |tmp_1_i_fu_293_p2              |   icmp   |      0|  0|   20|          52|           1|
    |tmp_23_fu_451_p2               |   icmp   |      0|  0|    5|          12|           1|
    |tmp_25_fu_554_p2               |   icmp   |      0|  0|   28|          71|          71|
    |tmp_26_fu_931_p2               |   icmp   |      0|  0|    6|          13|          11|
    |tmp_3_i_fu_305_p2              |   icmp   |      0|  0|   20|          52|           1|
    |tmp_i_fu_287_p2                |   icmp   |      0|  0|    5|          11|           2|
    |or_cond_fu_926_p2              |    or    |      0|  0|    1|           1|           1|
    |sel_tmp14_fu_1045_p2           |    or    |      0|  0|    1|           1|           1|
    |sel_tmp15_fu_1159_p2           |    or    |      0|  0|    1|           1|           1|
    |sel_tmp44_demorgan_fu_1034_p2  |    or    |      0|  0|    1|           1|           1|
    |sel_tmp9_fu_1017_p2            |    or    |      0|  0|    1|           1|           1|
    |sel_tmp_fu_1101_p2             |    or    |      0|  0|    1|           1|           1|
    |tmp_31_fu_1069_p2              |    or    |      0|  0|    1|           1|           1|
    |tmp_34_fu_1146_p2              |    or    |      0|  0|    1|           1|           1|
    |ap_return                      |  select  |      0|  0|   64|           1|           1|
    |m_exp_2_fu_379_p3              |  select  |      0|  0|   12|           1|          12|
    |r_V_13_fu_415_p3               |  select  |      0|  0|   71|           1|          71|
    |r_exp_V_2_fu_903_p3            |  select  |      0|  0|   13|           1|          13|
    |r_exp_V_3_fu_531_p3            |  select  |      0|  0|   13|           1|          13|
    |tmp_18_fu_523_p3               |  select  |      0|  0|   13|           1|          13|
    |tmp_1_fu_341_p3                |  select  |      0|  0|   54|           1|          54|
    |tmp_30_fu_1061_p3              |  select  |      0|  0|   63|           1|          63|
    |tmp_32_fu_1074_p3              |  select  |      0|  0|   64|           1|          64|
    |tmp_33_fu_1138_p3              |  select  |      0|  0|   63|           1|          63|
    |tmp_35_fu_1152_p3              |  select  |      0|  0|   64|           1|          64|
    |tmp_8_fu_539_p3                |  select  |      0|  0|   64|           1|          64|
    |tmp_V_4_fu_957_p3              |  select  |      0|  0|   52|           1|          52|
    |r_V_1_fu_409_p2                |    shl   |      0|  0|  211|          71|          71|
    |r_V_3_fu_468_p2                |    shl   |      0|  0|  182|          64|          64|
    |ap_enable_pp0                  |    xor   |      0|  0|    2|           1|           2|
    |not_Val2_i_fu_853_p2           |    xor   |      0|  0|    2|           1|           2|
    |rev_fu_1086_p2                 |    xor   |      0|  0|    2|           1|           2|
    |sel_tmp11_fu_1023_p2           |    xor   |      0|  0|    2|           1|           2|
    |sel_tmp13_fu_1039_p2           |    xor   |      0|  0|    2|           1|           2|
    |sel_tmp1_fu_985_p2             |    xor   |      0|  0|    2|           1|           2|
    |sel_tmp3_fu_1106_p2            |    xor   |      0|  0|    2|           1|           2|
    |sel_tmp6_fu_1006_p2            |    xor   |      0|  0|    2|           1|           2|
    |tmp_4_i_not_fu_1096_p2         |    xor   |      0|  0|    2|           1|           2|
    +-------------------------------+----------+-------+---+-----+------------+------------+
    |Total                          |          |     24|  0| 2237|        1209|        1754|
    +-------------------------------+----------+-------+---+-----+------------+------------+

    * Multiplexer: 
    N/A

    * Register: 
    +--------------------------------------+-----+----+-----+-----------+
    |                 Name                 |  FF | LUT| Bits| Const Bits|
    +--------------------------------------+-----+----+-----+-----------+
    |Z2_V_reg_1286                         |    8|   0|    8|          0|
    |Z3_V_reg_1293                         |    8|   0|    8|          0|
    |Z3_V_reg_1293_pp0_iter5_reg           |    8|   0|    8|          0|
    |Z4_V_reg_1298                         |   35|   0|   35|          0|
    |ap_CS_fsm                             |    1|   0|    1|          0|
    |ap_enable_reg_pp0_iter1               |    1|   0|    1|          0|
    |ap_enable_reg_pp0_iter10              |    1|   0|    1|          0|
    |ap_enable_reg_pp0_iter11              |    1|   0|    1|          0|
    |ap_enable_reg_pp0_iter12              |    1|   0|    1|          0|
    |ap_enable_reg_pp0_iter2               |    1|   0|    1|          0|
    |ap_enable_reg_pp0_iter3               |    1|   0|    1|          0|
    |ap_enable_reg_pp0_iter4               |    1|   0|    1|          0|
    |ap_enable_reg_pp0_iter5               |    1|   0|    1|          0|
    |ap_enable_reg_pp0_iter6               |    1|   0|    1|          0|
    |ap_enable_reg_pp0_iter7               |    1|   0|    1|          0|
    |ap_enable_reg_pp0_iter8               |    1|   0|    1|          0|
    |ap_enable_reg_pp0_iter9               |    1|   0|    1|          0|
    |exp_Z1P_m_1_V_reg_1366                |   50|   0|   50|          0|
    |exp_Z1_V_reg_1361                     |   58|   0|   58|          0|
    |exp_Z1_hi_V_reg_1371                  |   50|   0|   50|          0|
    |exp_Z2P_m_1_V_reg_1339                |   44|   0|   44|          0|
    |exp_Z2P_m_1_V_reg_1339_pp0_iter8_reg  |   44|   0|   44|          0|
    |isNeg_reg_1214                        |    1|   0|    1|          0|
    |m_diff_hi_V_reg_1281                  |    8|   0|    8|          0|
    |m_exp_1_cast_reg_1219                 |   32|   0|   32|          0|
    |m_fix_hi_V_reg_1235                   |   16|   0|   16|          0|
    |m_fix_l_V_reg_1229                    |   64|   0|   64|          0|
    |m_frac_l_V_2_cast_reg_1209            |   64|   0|   71|          7|
    |not_demorgan_reg_1196                 |    1|   0|    1|          0|
    |p_Result_23_reg_1189                  |    1|   0|    1|          0|
    |p_Result_24_reg_1240                  |    1|   0|    1|          0|
    |p_Val2_19_reg_1319                    |   26|   0|   26|          0|
    |r_V_13_reg_1224                       |   71|   0|   71|          0|
    |r_V_18_reg_1381                       |  100|   0|  100|          0|
    |r_exp_V_3_reg_1259                    |   13|   0|   13|          0|
    |ret_V_5_reg_1313                      |   36|   0|   36|          0|
    |ret_V_5_reg_1313_pp0_iter6_reg        |   36|   0|   36|          0|
    |ret_V_7_reg_1376                      |   59|   0|   59|          0|
    |sel_tmp1_reg_1392                     |    1|   0|    1|          0|
    |sel_tmp9_reg_1398                     |    1|   0|    1|          0|
    |tmp13_reg_1404                        |    1|   0|    1|          0|
    |tmp_1_i1_reg_1324                     |   34|   0|   43|          9|
    |tmp_23_reg_1245                       |    1|   0|    1|          0|
    |tmp_25_reg_1266                       |    1|   0|    1|          0|
    |tmp_2_reg_1276                        |   71|   0|   71|          0|
    |tmp_32_reg_1409                       |   63|   0|   64|          1|
    |tmp_3_reg_1329                        |   20|   0|   20|          0|
    |tmp_44_reg_1387                       |   58|   0|   58|          0|
    |tmp_47_reg_1253                       |    1|   0|    1|          0|
    |tmp_4_i_reg_1202                      |    1|   0|    1|          0|
    |tmp_4_reg_1345                        |   40|   0|   40|          0|
    |tmp_4_reg_1345_pp0_iter8_reg          |   40|   0|   40|          0|
    |tmp_5_reg_1356                        |   36|   0|   36|          0|
    |Z2_V_reg_1286                         |   64|  32|    8|          0|
    |m_diff_hi_V_reg_1281                  |   64|  32|    8|          0|
    |not_demorgan_reg_1196                 |   64|  32|    1|          0|
    |p_Result_23_reg_1189                  |   64|  32|    1|          0|
    |r_V_13_reg_1224                       |    2|   1|   71|          0|
    |r_exp_V_3_reg_1259                    |   64|  32|   13|          0|
    |tmp_23_reg_1245                       |   64|  32|    1|          0|
    |tmp_25_reg_1266                       |   64|  32|    1|          0|
    |tmp_47_reg_1253                       |   64|  32|    1|          0|
    |tmp_4_i_reg_1202                      |   64|  32|    1|          0|
    +--------------------------------------+-----+----+-----+-----------+
    |Total                                 | 1794| 289| 1339|         17|
    +--------------------------------------+-----+----+-----+-----------+



================================================================
== Interface
================================================================
* Summary: 
+-----------+-----+-----+------------+---------------------+--------------+
| RTL Ports | Dir | Bits|  Protocol  |    Source Object    |    C Type    |
+-----------+-----+-----+------------+---------------------+--------------+
|ap_clk     |  in |    1| ap_ctrl_hs | exp_generic<double> | return value |
|ap_rst     |  in |    1| ap_ctrl_hs | exp_generic<double> | return value |
|ap_start   |  in |    1| ap_ctrl_hs | exp_generic<double> | return value |
|ap_done    | out |    1| ap_ctrl_hs | exp_generic<double> | return value |
|ap_idle    | out |    1| ap_ctrl_hs | exp_generic<double> | return value |
|ap_ready   | out |    1| ap_ctrl_hs | exp_generic<double> | return value |
|ap_return  | out |   64| ap_ctrl_hs | exp_generic<double> | return value |
|x          |  in |   64|   ap_none  |          x          |    scalar    |
+-----------+-----+-----+------------+---------------------+--------------+

