

================================================================
== Vivado HLS Report for 'generic_tanh_float_s'
================================================================
* Date:           Tue Oct 15 00:04:14 2024

* Version:        2018.3 (Build 2405991 on Thu Dec 06 23:56:15 MST 2018)
* Project:        HLS
* Solution:       solution1
* Product family: zynq
* Target device:  xc7z020clg400-2


================================================================
== Performance Estimates
================================================================
+ Timing (ns): 
    * Summary: 
    +--------+-------+----------+------------+
    |  Clock | Target| Estimated| Uncertainty|
    +--------+-------+----------+------------+
    |ap_clk  |  10.00|     9.164|        1.25|
    +--------+-------+----------+------------+

+ Latency (clock cycles): 
    * Summary: 
    +-----+-----+-----+-----+---------+
    |  Latency  |  Interval | Pipeline|
    | min | max | min | max |   Type  |
    +-----+-----+-----+-----+---------+
    |    1|   45|    1|   45|   none  |
    +-----+-----+-----+-----+---------+

    + Detail: 
        * Instance: 
        +--------------------------------+----------------------+-----+-----+-----+-----+----------+
        |                                |                      |  Latency  |  Interval | Pipeline |
        |            Instance            |        Module        | min | max | min | max |   Type   |
        +--------------------------------+----------------------+-----+-----+-----+-----+----------+
        |grp_exp_generic_double_s_fu_89  |exp_generic_double_s  |   12|   12|    1|    1| function |
        +--------------------------------+----------------------+-----+-----+-----+-----+----------+

        * Loop: 
        N/A



================================================================
== Utilization Estimates
================================================================
* Summary: 
+-----------------+---------+-------+--------+-------+
|       Name      | BRAM_18K| DSP48E|   FF   |  LUT  |
+-----------------+---------+-------+--------+-------+
|DSP              |        -|      -|       -|      -|
|Expression       |        -|      -|       0|    237|
|FIFO             |        -|      -|       -|      -|
|Instance         |        7|     37|    3812|   6252|
|Memory           |        -|      -|       -|      -|
|Multiplexer      |        -|      -|       -|     41|
|Register         |        -|      -|     554|      -|
+-----------------+---------+-------+--------+-------+
|Total            |        7|     37|    4366|   6530|
+-----------------+---------+-------+--------+-------+
|Available        |      280|    220|  106400|  53200|
+-----------------+---------+-------+--------+-------+
|Utilization (%)  |        2|     16|       4|     12|
+-----------------+---------+-------+--------+-------+

+ Detail: 
    * Instance: 
    +--------------------------------+----------------------+---------+-------+------+------+
    |            Instance            |        Module        | BRAM_18K| DSP48E|  FF  |  LUT |
    +--------------------------------+----------------------+---------+-------+------+------+
    |GELU_dadd_64ns_64mb6_U15        |GELU_dadd_64ns_64mb6  |        0|      3|   445|  1149|
    |GELU_faddfsub_32ng8j_U9         |GELU_faddfsub_32ng8j  |        0|      2|   227|   404|
    |GELU_fcmp_32ns_32lbW_U14        |GELU_fcmp_32ns_32lbW  |        0|      0|    66|   239|
    |GELU_fdiv_32ns_32ibs_U11        |GELU_fdiv_32ns_32ibs  |        0|      0|   563|   991|
    |GELU_fmul_32ns_32hbi_U10        |GELU_fmul_32ns_32hbi  |        0|      3|   128|   320|
    |GELU_fpext_32ns_6kbM_U13        |GELU_fpext_32ns_6kbM  |        0|      0|   100|   143|
    |GELU_fptrunc_64nsjbC_U12        |GELU_fptrunc_64nsjbC  |        0|      0|   128|   285|
    |grp_exp_generic_double_s_fu_89  |exp_generic_double_s  |        7|     29|  2155|  2721|
    +--------------------------------+----------------------+---------+-------+------+------+
    |Total                           |                      |        7|     37|  3812|  6252|
    +--------------------------------+----------------------+---------+-------+------+------+

    * DSP48: 
    N/A

    * Memory: 
    N/A

    * FIFO: 
    N/A

    * Expression: 
    +----------------------+----------+-------+---+----+------------+------------+
    |     Variable Name    | Operation| DSP48E| FF| LUT| Bitwidth P0| Bitwidth P1|
    +----------------------+----------+-------+---+----+------------+------------+
    |or_cond_fu_220_p2     |    and   |      0|  0|   1|           1|           1|
    |tmp_3_fu_226_p2       |   icmp   |      0|  0|   4|           8|           7|
    |tmp_6_fu_138_p2       |   icmp   |      0|  0|   9|          23|           1|
    |tmp_7_fu_208_p2       |   icmp   |      0|  0|   4|           8|           7|
    |tmp_9_fu_214_p2       |   icmp   |      0|  0|   4|           8|           7|
    |tmp_fu_202_p2         |   icmp   |      0|  0|   4|           8|           2|
    |tmp_i_30_fu_278_p2    |   icmp   |      0|  0|   4|           8|           7|
    |tmp_i_fu_272_p2       |   icmp   |      0|  0|   4|           8|           1|
    |tmp_s_fu_133_p2       |   icmp   |      0|  0|   9|          23|           1|
    |p_1_fu_238_p3         |  select  |      0|  0|  31|           1|          30|
    |p_s_fu_298_p3         |  select  |      0|  0|  32|           1|          32|
    |x_2_fu_250_p3         |  select  |      0|  0|  32|           1|          32|
    |tmp_12_neg_fu_288_p2  |    xor   |      0|  0|  33|          32|          33|
    |tmp_4_neg_fu_232_p2   |    xor   |      0|  0|  33|          32|          33|
    |tmp_5_neg_fu_309_p2   |    xor   |      0|  0|  33|          32|          33|
    +----------------------+----------+-------+---+----+------------+------------+
    |Total                 |          |      0|  0| 237|         194|         227|
    +----------------------+----------+-------+---+----+------------+------------+

    * Multiplexer: 
    +------------------------------------+----+-----------+-----+-----------+
    |                Name                | LUT| Input Size| Bits| Total Bits|
    +------------------------------------+----+-----------+-----+-----------+
    |ap_NS_fsm                           |  11|         69|    1|         69|
    |ap_phi_mux_resultf_4_phi_fu_76_p10  |   3|          2|   32|         64|
    |ap_return                           |   3|          2|   32|         64|
    |expx_reg_58                         |   3|          3|   32|         96|
    |grp_fu_100_opcode                   |   3|          3|    2|          6|
    |grp_fu_100_p0                       |   4|          6|   32|        192|
    |grp_fu_100_p1                       |   4|          5|   32|        160|
    |grp_fu_112_p0                       |   3|          3|   32|         96|
    |grp_fu_112_p1                       |   3|          3|   32|         96|
    |resultf_4_reg_72                    |   4|          5|   32|        160|
    +------------------------------------+----+-----------+-----+-----------+
    |Total                               |  41|        101|  259|       1003|
    +------------------------------------+----+-----------+-----+-----------+

    * Register: 
    +---------------------------------------------+----+----+-----+-----------+
    |                     Name                    | FF | LUT| Bits| Const Bits|
    +---------------------------------------------+----+----+-----+-----------+
    |abst_in_reg_325                              |  31|   0|   32|          1|
    |ap_CS_fsm                                    |  68|   0|   68|          0|
    |ap_return_preg                               |  32|   0|   32|          0|
    |expx_reg_58                                  |  32|   0|   32|          0|
    |grp_exp_generic_double_s_fu_89_ap_start_reg  |   1|   0|    1|          0|
    |or_cond_reg_340                              |   1|   0|    1|          0|
    |p_Result_s_reg_320                           |   1|   0|    1|          0|
    |reg_143                                      |  32|   0|   32|          0|
    |reg_150                                      |  32|   0|   32|          0|
    |resultf_4_reg_72                             |  32|   0|   32|          0|
    |resultf_reg_409                              |  32|   0|   32|          0|
    |tmp_13_i_reg_384                             |  64|   0|   64|          0|
    |tmp_14_i_reg_389                             |  64|   0|   64|          0|
    |tmp_1_reg_344                                |   1|   0|    1|          0|
    |tmp_3_reg_348                                |   1|   0|    1|          0|
    |tmp_4_neg_reg_353                            |  32|   0|   32|          0|
    |tmp_7_reg_336                                |   1|   0|    1|          0|
    |tmp_8_reg_399                                |  32|   0|   32|          0|
    |tmp_reg_332                                  |   1|   0|    1|          0|
    |xd_reg_379                                   |  64|   0|   64|          0|
    +---------------------------------------------+----+----+-----+-----------+
    |Total                                        | 554|   0|  555|          1|
    +---------------------------------------------+----+----+-----+-----------+



================================================================
== Interface
================================================================
* Summary: 
+-----------+-----+-----+------------+---------------------+--------------+
| RTL Ports | Dir | Bits|  Protocol  |    Source Object    |    C Type    |
+-----------+-----+-----+------------+---------------------+--------------+
|ap_clk     |  in |    1| ap_ctrl_hs | generic_tanh<float> | return value |
|ap_rst     |  in |    1| ap_ctrl_hs | generic_tanh<float> | return value |
|ap_start   |  in |    1| ap_ctrl_hs | generic_tanh<float> | return value |
|ap_done    | out |    1| ap_ctrl_hs | generic_tanh<float> | return value |
|ap_idle    | out |    1| ap_ctrl_hs | generic_tanh<float> | return value |
|ap_ready   | out |    1| ap_ctrl_hs | generic_tanh<float> | return value |
|ap_return  | out |   32| ap_ctrl_hs | generic_tanh<float> | return value |
|t_in       |  in |   32|   ap_none  |         t_in        |    scalar    |
+-----------+-----+-----+------------+---------------------+--------------+

