INFO-FLOW: Workspace D:/code/git/HLS/HLS/Conv/solution1 opened at Tue Oct 15 13:26:08 +0800 2024
Execute     config_clock -quiet -name default -period 10 -default=false 
INFO: [SYN 201-201] Setting up clock 'default' with a period of 10ns.
Execute     open_platform DefaultPlatform 
Execute     import_lib D:/software/Xilinx/Vivado/2018.3/common/technology/xilinx/zynq/zynq 
Execute       source D:/software/Xilinx/Vivado/2018.3/common/technology/xilinx/common/xilinx.lib 
Execute         source D:/software/Xilinx/Vivado/2018.3/common/technology/xilinx/interface/xilinx_interface.lib 
Execute           source D:/software/Xilinx/Vivado/2018.3/common/technology/xilinx/interface/plb46.lib 
Execute           source D:/software/Xilinx/Vivado/2018.3/common/technology/xilinx/interface/fsl.lib 
Execute           source D:/software/Xilinx/Vivado/2018.3/common/technology/xilinx/interface/axi4.lib 
Execute           source D:/software/Xilinx/Vivado/2018.3/common/technology/xilinx/interface/maxi.lib 
Execute           source D:/software/Xilinx/Vivado/2018.3/common/technology/xilinx/interface/saxilite.lib 
Execute         source D:/software/Xilinx/Vivado/2018.3/common/technology/xilinx/common/dsp48.lib 
Execute         source D:/software/Xilinx/Vivado/2018.3/common/technology/xilinx/ip/dds_compiler.lib 
Execute         source D:/software/Xilinx/Vivado/2018.3/common/technology/xilinx/ip/xfft.lib 
Execute         source D:/software/Xilinx/Vivado/2018.3/common/technology/xilinx/ip/xfir.lib 
Execute       source D:/software/Xilinx/Vivado/2018.3/common/technology/xilinx/common/xilinx_old.lib 
Execute       source D:/software/Xilinx/Vivado/2018.3/common/technology/xilinx/common/xilinx_vivado.lib 
Execute       source D:/software/Xilinx/Vivado/2018.3/common/technology/xilinx/common/xilinx.hlp 
Execute         source D:/software/Xilinx/Vivado/2018.3/common/technology/xilinx/common/target_info.tcl 
Execute         source D:/software/Xilinx/Vivado/2018.3/common/technology/xilinx/interface/xilinx_interface.hlp 
Execute           source D:/software/Xilinx/Vivado/2018.3/common/technology/xilinx/interface/maxi.hlp 
Execute           source D:/software/Xilinx/Vivado/2018.3/common/technology/xilinx/interface/saxilite.hlp 
Execute         source D:/software/Xilinx/Vivado/2018.3/common/technology/xilinx/common/dsp48.hlp 
Command       ap_source done; 0.111 sec.
Execute       source D:/software/Xilinx/Vivado/2018.3/common/technology/xilinx/zynq/dsp48e1.hlp 
Execute       get_default_platform 
Execute       config_chip_info -quiet -resource  {SLICE 13300}  {LUT 53200}     {FF 106400} {DSP48E 220}   {BRAM 280}  
Execute       config_chip_info -quiet -speed medium 
Execute       source D:/software/Xilinx/Vivado/2018.3/common/technology/xilinx/common/xilinx.hlp 
Execute         source D:/software/Xilinx/Vivado/2018.3/common/technology/xilinx/common/target_info.tcl 
Execute         source D:/software/Xilinx/Vivado/2018.3/common/technology/xilinx/interface/xilinx_interface.hlp 
Execute           source D:/software/Xilinx/Vivado/2018.3/common/technology/xilinx/interface/maxi.hlp 
Execute           source D:/software/Xilinx/Vivado/2018.3/common/technology/xilinx/interface/saxilite.hlp 
Execute         source D:/software/Xilinx/Vivado/2018.3/common/technology/xilinx/common/dsp48.hlp 
Command     import_lib done; 0.218 sec.
Execute     source D:/software/Xilinx/Vivado/2018.3/common/technology/xilinx/zynq/zynq.gen 
Execute       source D:/software/Xilinx/Vivado/2018.3/common/technology/xilinx/common/virtex.gen 
Execute         source D:/software/Xilinx/Vivado/2018.3/common/technology/xilinx/common/xilinx.gen 
Execute           source D:/software/Xilinx/Vivado/2018.3/common/technology/xilinx/interface/plb46.gen 
Execute           source D:/software/Xilinx/Vivado/2018.3/common/technology/xilinx/interface/fsl.gen 
Execute           source D:/software/Xilinx/Vivado/2018.3/common/technology/xilinx/interface/axi4.gen 
Execute           source D:/software/Xilinx/Vivado/2018.3/common/technology/xilinx/interface/nativeAXI4.gen 
Execute             source D:/software/Xilinx/Vivado/2018.3/common/technology/xilinx/interface/saxilite.gen 
Execute             source D:/software/Xilinx/Vivado/2018.3/common/technology/xilinx/interface/maxi.gen 
Execute           source D:/software/Xilinx/Vivado/2018.3/common/technology/xilinx/scripts/xilinxcoregen.gen 
Execute           source D:/software/Xilinx/Vivado/2018.3/common/technology/xilinx/interface/XilEDKCoreGen.gen 
Execute           source D:/software/Xilinx/Vivado/2018.3/common/technology/xilinx/ip/dds_compiler.gen 
Execute           source D:/software/Xilinx/Vivado/2018.3/common/technology/xilinx/ip/util.gen 
Execute           source D:/software/Xilinx/Vivado/2018.3/common/technology/xilinx/ip/xfft.gen 
Command           ap_source done; 0.129 sec.
Execute           source D:/software/Xilinx/Vivado/2018.3/common/technology/xilinx/ip/xfir.gen 
Command         ap_source done; 0.351 sec.
Execute         source D:/software/Xilinx/Vivado/2018.3/common/technology/xilinx/common/dsp48.gen 
Command       ap_source done; 0.366 sec.
Command     ap_source done; 0.371 sec.
Execute     open_platform DefaultPlatform 
Execute     import_lib D:/software/Xilinx/Vivado/2018.3/common/technology/xilinx/zynq/zynq_fpv6 
Execute       source D:/software/Xilinx/Vivado/2018.3/common/technology/xilinx/common/xilinx_fpv7.lib 
Execute         source D:/software/Xilinx/Vivado/2018.3/common/technology/xilinx/common/xilinx_hp.lib 
Execute       source D:/software/Xilinx/Vivado/2018.3/common/technology/xilinx/common/xilinx_fpv.hlp 
Execute         source D:/software/Xilinx/Vivado/2018.3/common/technology/xilinx/common/xilinx.hlp 
Execute           source D:/software/Xilinx/Vivado/2018.3/common/technology/xilinx/common/target_info.tcl 
Execute           source D:/software/Xilinx/Vivado/2018.3/common/technology/xilinx/interface/xilinx_interface.hlp 
Execute             source D:/software/Xilinx/Vivado/2018.3/common/technology/xilinx/interface/maxi.hlp 
Execute             source D:/software/Xilinx/Vivado/2018.3/common/technology/xilinx/interface/saxilite.hlp 
Execute           source D:/software/Xilinx/Vivado/2018.3/common/technology/xilinx/common/dsp48.hlp 
Execute       source D:/software/Xilinx/Vivado/2018.3/common/technology/xilinx/zynq/zynq_hp.hlp 
Command     import_lib done; 0.111 sec.
Execute     source D:/software/Xilinx/Vivado/2018.3/common/technology/xilinx/zynq/zynq_fpv6.gen 
Execute       source D:/software/Xilinx/Vivado/2018.3/common/technology/xilinx/common/xilinx_fpv6.gen 
Execute     set_part xc7z020clg400-2 
Execute       add_library xilinx/zynq/zynq:xc7z020:clg400:-2 
Execute         get_default_platform 
Execute         license_isbetapart xc7z020 
Command         license_isbetapart done; error code: 1; 
Execute         get_default_platform 
Execute         config_chip_info -quiet -resource  {SLICE 13300}  {LUT 53200}     {FF 106400} {DSP48E 220}   {BRAM 280}  
Execute         config_chip_info -quiet -speed medium 
Execute       add_library xilinx/zynq/zynq_fpv6 
Execute         get_default_platform 
INFO: [HLS 200-10] Setting target device to 'xc7z020clg400-2'
Execute       get_default_platform 
Execute     get_default_platform 
Execute     config_chip_info -quiet -resource  {SLICE 13300}  {LUT 53200}     {FF 106400} {DSP48E 220}   {BRAM 280}  
Execute     config_chip_info -quiet -speed medium 
Command   open_solution done; 0.887 sec.
Execute   set_part xc7z020clg400-2 -tool vivado 
Execute     add_library xilinx/zynq/zynq:xc7z020:clg400:-2 
Execute       get_default_platform 
Execute       license_isbetapart xc7z020 
Command       license_isbetapart done; error code: 1; 
Execute       get_default_platform 
Execute       config_chip_info -quiet -resource  {SLICE 13300}  {LUT 53200}     {FF 106400} {DSP48E 220}   {BRAM 280}  
Execute       config_chip_info -quiet -speed medium 
Execute     add_library xilinx/zynq/zynq_fpv6 
Execute       get_default_platform 
Execute     get_default_platform 
Execute   create_clock -period 10 -name default 
Execute     config_clock -quiet -name default -period 10 -default=false 
INFO: [SYN 201-201] Setting up clock 'default' with a period of 10ns.
Execute   csynth_design 
Execute     get_config_compile -effort 
Execute     get_config_compile -enable_clang39 
Execute     get_config_compile -g 
Execute     get_config_compile -lm 
Execute     get_config_compile -ng 
Execute     get_config_compile -opt_fp 
Execute     get_config_compile -skip_cdt 
Execute     get_config_compile -skip_syncheck 
Execute     get_config_compile -skip_transform 
Execute     config_compile -blackbox  
Execute     get_config_compile -keep_printf 
Execute     elaborate -effort=medium -skip_syncheck=0 -keep_printf=0 -lm=0 -skip_cdt=0 -skip_transform=0 -ng=0 -g=0 -opt_fp=0 -from_csynth_design=1 
Execute       get_config_schedule -relax_ii_for_timing 
INFO: [SCHED 204-61] Option 'relax_ii_for_timing' is enabled, will increase II to preserve clock frequency constraints.
Execute       get_config_schedule -suppress_dependence_error_break 
INFO: [HLS 200-10] Analyzing design file '../src/Conv2d/Conv2d.cpp' ... 
INFO-FLOW: Compiling one TU...
Execute       is_m_axi_addr64 
INFO-FLOW: Handling ../src/Conv2d/Conv2d.cpp as C++
Execute       get_default_platform 
Execute       is_encrypted ../src/Conv2d/Conv2d.cpp 
Execute       get_default_platform 
INFO-FLOW: Running: GCC PP
INFO-FLOW: Source preprocessing
Execute       clang  -fno-limit-debug-info -gcc-toolchain "D:/software/Xilinx/Vivado/2018.3/msys" -hls  -fno-exceptions  -D__llvm__  -E "../src/Conv2d/Conv2d.cpp"     -fno-math-errno -c -emit-llvm -O0  -mllvm -disable-llvm-optzns -fno-threadsafe-statics  -fno-use-cxa-atexit  -fno-threadsafe-statics -fno-use-cxa-atexit -D__CLANG_3_1__ -D__cdecl= -DAESL_SYN -D__SYNTHESIS__ -D__HLS_SYN__ -I "D:/software/Xilinx/Vivado/2018.3/common/technology/autopilot" -I "D:/software/Xilinx/Vivado/2018.3/common/technology/autopilot/ap_sysc" -include etc/autopilot_ssdm_op.h -D__DSP48E1__  -o "D:/code/git/HLS/HLS/Conv/solution1/.autopilot/db/Conv2d.pp.0.cpp" 
INFO-FLOW: exec D:/software/Xilinx/Vivado/2018.3/win64/tools/clang/bin/clang -fno-limit-debug-info -gcc-toolchain D:/software/Xilinx/Vivado/2018.3/msys -hls -fno-exceptions -D__llvm__ -E ../src/Conv2d/Conv2d.cpp -fno-math-errno -c -emit-llvm -O0 -mllvm -disable-llvm-optzns -fno-threadsafe-statics -fno-use-cxa-atexit -fno-threadsafe-statics -fno-use-cxa-atexit -D__CLANG_3_1__ -D__cdecl= -DAESL_SYN -D__SYNTHESIS__ -D__HLS_SYN__ -I D:/software/Xilinx/Vivado/2018.3/common/technology/autopilot -I D:/software/Xilinx/Vivado/2018.3/common/technology/autopilot/ap_sysc -include etc/autopilot_ssdm_op.h -D__DSP48E1__ -o D:/code/git/HLS/HLS/Conv/solution1/.autopilot/db/Conv2d.pp.0.cpp
Command       clang done; 1.955 sec.
Execute       tidy_31 xilinx-xfmat-array-geometry D:/code/git/HLS/HLS/Conv/solution1/.autopilot/db/Conv2d.pp.0.cpp std=gnu++98 
INFO-FLOW: exec D:/software/Xilinx/Vivado/2018.3/win64/tools/clang-3.9-csynth/bin/tidy-3.1 -header-filter=.* -checks=-*,xilinx-xfmat-array-geometry -quiet -fix D:/code/git/HLS/HLS/Conv/solution1/.autopilot/db/Conv2d.pp.0.cpp -- -std=gnu++98 -fhls -ferror-limit=0
Command       tidy_31 done; 0.641 sec.
INFO-FLOW: Syntax Checking before pre-processing...
Execute       clang -syntaxcheck -src D:/code/git/HLS/HLS/Conv/solution1/.autopilot/db/Conv2d.pp.0.cpp  -fno-limit-debug-info -gcc-toolchain "D:/software/Xilinx/Vivado/2018.3/msys" -hls    -fno-math-errno -c -emit-llvm -O0  -mllvm -disable-llvm-optzns -fno-threadsafe-statics  -fno-use-cxa-atexit  -fno-threadsafe-statics -fno-use-cxa-atexit -D__CLANG_3_1__ -D__cdecl= -DAESL_SYN -D__SYNTHESIS__ -D__HLS_SYN__ -I "D:/software/Xilinx/Vivado/2018.3/common/technology/autopilot" -I "D:/software/Xilinx/Vivado/2018.3/common/technology/autopilot/ap_sysc" -include etc/autopilot_ssdm_op.h -D__DSP48E1__  "D:/code/git/HLS/HLS/Conv/solution1/.autopilot/db/Conv2d.pp.0.cpp"  -o "D:/code/git/HLS/HLS/Conv/solution1/.autopilot/db/useless.bc"  
INFO-FLOW: exec D:/software/Xilinx/Vivado/2018.3/win64/tools/clang/bin/clang -fno-limit-debug-info -gcc-toolchain D:/software/Xilinx/Vivado/2018.3/msys -hls -fno-math-errno -c -emit-llvm -O0 -mllvm -disable-llvm-optzns -fno-threadsafe-statics -fno-use-cxa-atexit -fno-threadsafe-statics -fno-use-cxa-atexit -D__CLANG_3_1__ -D__cdecl= -DAESL_SYN -D__SYNTHESIS__ -D__HLS_SYN__ -I D:/software/Xilinx/Vivado/2018.3/common/technology/autopilot -I D:/software/Xilinx/Vivado/2018.3/common/technology/autopilot/ap_sysc -include etc/autopilot_ssdm_op.h -D__DSP48E1__ D:/code/git/HLS/HLS/Conv/solution1/.autopilot/db/Conv2d.pp.0.cpp -o D:/code/git/HLS/HLS/Conv/solution1/.autopilot/db/useless.bc
Command       clang done; 1.748 sec.
INFO-FLOW: Done: GCC PP time: 4.3 seconds per iteration
Execute       list_core -type functional_unit 
Execute       tidy_31 xilinx-systemc-detector D:/code/git/HLS/HLS/Conv/solution1/.autopilot/db/Conv2d.pp.0.cpp std=gnu++98 -directive=D:/code/git/HLS/HLS/Conv/solution1/.autopilot/db/.systemc_flag 
INFO-FLOW: exec D:/software/Xilinx/Vivado/2018.3/win64/tools/clang-3.9-csynth/bin/tidy-3.1 -header-filter=.* -checks=-*,xilinx-systemc-detector -import-directive=D:/code/git/HLS/HLS/Conv/solution1/.autopilot/db/.systemc_flag -quiet -fix-errors D:/code/git/HLS/HLS/Conv/solution1/.autopilot/db/Conv2d.pp.0.cpp -- -std=gnu++98 -fhls -ferror-limit=0
Command       tidy_31 done; 0.469 sec.
INFO-FLOW: Running: tidy-3.1 CDT preprocess
Execute       tidy_31 xilinx-directive2pragma D:/code/git/HLS/HLS/Conv/solution1/.autopilot/db/Conv2d.pp.0.cpp std=gnu++98 -directive=D:/code/git/HLS/HLS/Conv/solution1/.autopilot/db/all.directive.json 
INFO-FLOW: exec D:/software/Xilinx/Vivado/2018.3/win64/tools/clang-3.9-csynth/bin/tidy-3.1 -header-filter=.* -checks=-*,xilinx-directive2pragma -import-directive=D:/code/git/HLS/HLS/Conv/solution1/.autopilot/db/all.directive.json -quiet -fix-errors D:/code/git/HLS/HLS/Conv/solution1/.autopilot/db/Conv2d.pp.0.cpp -- -std=gnu++98 -fhls -ferror-limit=0
Command       tidy_31 done; 0.469 sec.
Execute       get_config_dataflow -strict_mode 
Execute       ap_eval exec -ignorestderr D:/software/Xilinx/Vivado/2018.3/win64/tools/clang-3.9-csynth/bin/xilinx-dataflow-lawyer -export-fixes=D:/code/git/HLS/HLS/Conv/solution1/.autopilot/db/xilinx-dataflow-lawyer.Conv2d.pp.0.cpp.diag.yml D:/code/git/HLS/HLS/Conv/solution1/.autopilot/db/Conv2d.pp.0.cpp -- -std=gnu++98 -fhls -ferror-limit=0 -fstrict-dataflow > D:/code/git/HLS/HLS/Conv/solution1/.autopilot/db/xilinx-dataflow-lawyer.Conv2d.pp.0.cpp.out.log 2> D:/code/git/HLS/HLS/Conv/solution1/.autopilot/db/xilinx-dataflow-lawyer.Conv2d.pp.0.cpp.err.log 
Command       ap_eval done; 0.498 sec.
Execute       tidy_31 -errorcheck xilinx-constantarray-param,xilinx-resource-pragma-transformer,xilinx-xfmat-array-geometry D:/code/git/HLS/HLS/Conv/solution1/.autopilot/db/Conv2d.pp.0.cpp std=gnu++98 
Execute         ap_eval exec -ignorestderr D:/software/Xilinx/Vivado/2018.3/win64/tools/clang-3.9-csynth/bin/tidy-3.1 -export-fixes=D:/code/git/HLS/HLS/Conv/solution1/.autopilot/db/tidy-3.1.Conv2d.pp.0.cpp.diag.yml -header-filter=.* -checks=-*,xilinx-constantarray-param,xilinx-resource-pragma-transformer,xilinx-xfmat-array-geometry -quiet -fix-errors D:/code/git/HLS/HLS/Conv/solution1/.autopilot/db/Conv2d.pp.0.cpp -- -std=gnu++98 -fhls -ferror-limit=0 > D:/code/git/HLS/HLS/Conv/solution1/.autopilot/db/tidy-3.1.Conv2d.pp.0.cpp.out.log 2> D:/code/git/HLS/HLS/Conv/solution1/.autopilot/db/tidy-3.1.Conv2d.pp.0.cpp.err.log 
Command         ap_eval done; 0.653 sec.
Execute         ap_eval exec -ignorestderr D:/software/Xilinx/Vivado/2018.3/win64/tools/clang-3.9-csynth/bin/xilinx-legacy-rewriter D:/code/git/HLS/HLS/Conv/solution1/.autopilot/db/Conv2d.pp.0.cpp -- -std=gnu++98 -fhls -ferror-limit=0 > D:/code/git/HLS/HLS/Conv/solution1/.autopilot/db/xilinx-legacy-rewriter.Conv2d.pp.0.cpp.out.log 2> D:/code/git/HLS/HLS/Conv/solution1/.autopilot/db/xilinx-legacy-rewriter.Conv2d.pp.0.cpp.err.log 
Command         ap_eval done; 0.547 sec.
Command       tidy_31 done; 1.207 sec.
INFO-FLOW: Done: tidy-3.1 CDT preprocess time: 2.2 seconds per iteration
INFO-FLOW: Pragma Handling...
Execute       tidy_31 xilinx-ssdm-intrinsics-arguments D:/code/git/HLS/HLS/Conv/solution1/.autopilot/db/Conv2d.pragma.1.cpp std=gnu++98 
INFO-FLOW: exec D:/software/Xilinx/Vivado/2018.3/win64/tools/clang-3.9-csynth/bin/tidy-3.1 -header-filter=.* -checks=-*,xilinx-ssdm-intrinsics-arguments -quiet -fix-errors D:/code/git/HLS/HLS/Conv/solution1/.autopilot/db/Conv2d.pragma.1.cpp -- -std=gnu++98 -fhls -ferror-limit=0
Command       tidy_31 done; 1.251 sec.
Execute       get_default_platform 
INFO-FLOW: Processing labels
Execute       clang -src D:/code/git/HLS/HLS/Conv/solution1/.autopilot/db/Conv2d.pragma.2.cpp  -fno-limit-debug-info -gcc-toolchain D:/software/Xilinx/Vivado/2018.3/msys -hls -hls-analyze-label -hls-analyze-pragma -fno-exceptions  -D__llvm__  -w  "D:/code/git/HLS/HLS/Conv/solution1/.autopilot/db/Conv2d.pragma.2.cpp"    -fno-math-errno -c -emit-llvm -O0  -mllvm -disable-llvm-optzns -fno-threadsafe-statics  -fno-use-cxa-atexit -DAESL_SYN -D__SYNTHESIS__ -D__HLS_SYN__ -I "D:/software/Xilinx/Vivado/2018.3/common/technology/autopilot" -I "D:/software/Xilinx/Vivado/2018.3/common/technology/autopilot/ap_sysc" -include etc/autopilot_ssdm_op.h -D__DSP48E1__ -g -o "D:/code/git/HLS/HLS/Conv/solution1/.autopilot/db/Conv2d.bc" 
INFO-FLOW: exec D:/software/Xilinx/Vivado/2018.3/win64/tools/clang/bin/clang -fno-limit-debug-info -gcc-toolchain D:/software/Xilinx/Vivado/2018.3/msys -hls -hls-analyze-label -hls-analyze-pragma -fno-exceptions -D__llvm__ -w D:/code/git/HLS/HLS/Conv/solution1/.autopilot/db/Conv2d.pragma.2.cpp -fno-math-errno -c -emit-llvm -O0 -mllvm -disable-llvm-optzns -fno-threadsafe-statics -fno-use-cxa-atexit -DAESL_SYN -D__SYNTHESIS__ -D__HLS_SYN__ -I D:/software/Xilinx/Vivado/2018.3/common/technology/autopilot -I D:/software/Xilinx/Vivado/2018.3/common/technology/autopilot/ap_sysc -include etc/autopilot_ssdm_op.h -D__DSP48E1__ -g -o D:/code/git/HLS/HLS/Conv/solution1/.autopilot/db/Conv2d.bc
Command       clang done; 1.794 sec.
INFO-FLOW: Linking Debug ...
Execute       llvm-ld D:/code/git/HLS/HLS/Conv/solution1/.autopilot/db/Conv2d.g.bc -hls-opt -except-internalize Conv2D -LD:/software/Xilinx/Vivado/2018.3/win64/lib -lhlsm -lhlsmc++ -o D:/code/git/HLS/HLS/Conv/solution1/.autopilot/db/a.g 
Command       llvm-ld done; 1.035 sec.
INFO: [HLS 200-111] Finished Linking Time (s): cpu = 00:00:00 ; elapsed = 00:00:13 . Memory (MB): peak = 103.293 ; gain = 18.543
INFO: [HLS 200-111] Finished Checking Pragmas Time (s): cpu = 00:00:00 ; elapsed = 00:00:13 . Memory (MB): peak = 103.293 ; gain = 18.543
Execute       get_config_sdx -target 
Execute       opt_and_import_c a -opt_level=2 -skip_syncheck=0 -ng=0 -keep_printf=0 
Execute         cleanup_all_models 
INFO: [HLS 200-10] Starting code transformations ...
Execute         transform -promote-dbg-pointer D:/code/git/HLS/HLS/Conv/solution1/.autopilot/db/a.pp.bc -o D:/code/git/HLS/HLS/Conv/solution1/.autopilot/db/a.pp.0.bc -f 
Command         transform done; 0.128 sec.
Execute         llvm-ld D:/code/git/HLS/HLS/Conv/solution1/.autopilot/db/a.pp.0.bc -disable-opt -LD:/software/Xilinx/Vivado/2018.3/win64/lib -lfloatconversion -o D:/code/git/HLS/HLS/Conv/solution1/.autopilot/db/a.g.0 
Command         llvm-ld done; 0.456 sec.
INFO-FLOW: Running Standard Transforms...
Execute         transform -hls -share-std-xform -demangle-name -inline-byval-memcpy -always-inline -promote-dbg-pointer -interface-preproc -mem2reg -lower-blackbox -scalarrepl -mem2reg -keep-read-access -instcombine -dce -promote-dbg-pointer -bitop-raise -loop-simplify -indvarspre -indvars -loop-simplify -xunroll -constprop -instcombine -simplifycfg -indvars -simplifycfg -dce -globaldce -basicaa -simplifycfg -mem2reg -globalopt -global-constprop -deadargelim -instcombine -simplifycfg -prune-eh -simplifycfg -scalarrepl -instcombine -reassociate -licm -simplifycfg -loop-simplify -indvars -instcombine -simplifycfg -mem2reg -loop-simplify -indvars -instcombine -gvn -gvn -instcombine -adce -break-crit-edges -simplifycfg -loop-delete -global-array-opt -dce -dse -adce -find-syn-modules -top Conv2D -deadargelim -mem2reg -instcombine -dce -presyn-prepare -auto-rom-infer -interface-preproc -syn-check -check-rec-only -find-region -simplifycfg -func-extr -function-inline -globaldce -mem2reg -instcombine -dce -gvn -globaldce -adce -adse -constprop -instcombine -bit-constprop -instcombine -dce -simplifycfg -bitop-raise -simplifycfg -dce -loop-delete -reassociate -globalopt -global-privatize -mem2reg -dce -global-constprop -pointer-simplify -constprop -dce -func-inst -deadargelim -auto-shift-reg-idiom -promote-dbg-pointer -norm-name D:/code/git/HLS/HLS/Conv/solution1/.autopilot/db/a.g.0.bc -o D:/code/git/HLS/HLS/Conv/solution1/.autopilot/db/a.g.1.bc -f -phase std-opt 
Command         transform done; 0.169 sec.
INFO: [HLS 200-111] Finished Standard Transforms Time (s): cpu = 00:00:00 ; elapsed = 00:00:14 . Memory (MB): peak = 152.840 ; gain = 68.090
INFO: [HLS 200-10] Checking synthesizability ...
INFO-FLOW: Checking Synthesizability 1/2..
Execute         transform -hls -syn-check -check-rec-only -disaggr -scalarrepl -norm-name -dce -mem2reg -instcombine -function-uniquify -directive-preproc -mem2reg -dse -dce -auto-rom-infer -dce -pag -array-normalize -instcombine -dce -warn-fifo-pointer -array-seg-normalize -instcombine -dce -array-flatten -instcombine -dce -array-burst -dce -deadargelim -promote-global-argument -simplifycfg -mem2reg -globaldce -resolve-double-ptr -dce -deadargelim -dce -instcombine -function-inline -globaldce -dce -doublePtrSimplify -doublePtrElim -dce -doublePtrSimplify -promote-dbg-pointer -dce -scalarrepl -dse -adse -instcombine -ptrLegalization -simplifycfg -dce -instcombine -pointer-simplify -ptrArgReplace -dce -instcombine -disaggr -scalarrepl -norm-name -dce -mem2reg -instcombine -ptrLegalization -simplifycfg -deadargelim -instcombine -dce -inst-simplify -function-uniquify -directive-preproc -mem2reg -dse -dce -globaldce -check-dspbuiltin D:/code/git/HLS/HLS/Conv/solution1/.autopilot/db/a.g.1.bc -o D:/code/git/HLS/HLS/Conv/solution1/.autopilot/db/a.g.2.prechk.bc -f 
Command         transform done; 0.148 sec.
INFO-FLOW: Checking Synthesizability 2/2..
Execute         transform -syn-check D:/code/git/HLS/HLS/Conv/solution1/.autopilot/db/a.g.2.prechk.bc -o D:/code/git/HLS/HLS/Conv/solution1/.autopilot/db/a.g.2.bc -f -phase syn-check 
Command         transform done; 0.128 sec.
INFO: [HLS 200-111] Finished Checking Synthesizability Time (s): cpu = 00:00:00 ; elapsed = 00:00:14 . Memory (MB): peak = 187.938 ; gain = 103.188
INFO-FLOW: Compiler optimizing ...
INFO-FLOW: Share syncheck's 1.bc for syn flow: copy D:/code/git/HLS/HLS/Conv/solution1/.autopilot/db/a.g.1.bc to D:/code/git/HLS/HLS/Conv/solution1/.autopilot/db/a.o.1.bc
INFO-FLOW: Presyn 1...
Execute         transform -hls -tmp D:/code/git/HLS/HLS/Conv/solution1/.autopilot/db -interface-port-rename -type-info -function-uniquify -directive-preproc -mem2reg -dse -dce -disaggr -scalarrepl -norm-name -deadargelim -mem2reg -instcombine -dce -simplifycfg -auto-rom-infer -dce -function-uniquify -resource-proc -simplifycfg -mem2reg -globaldce -resolve-double-ptr -dce -deadargelim -dce -instcombine -clib-intrinsic-prepare -dce -func-buffer -dce -pag -array-normalize -func-legal -instcombine -gvn -constprop -dce -ptrArgReplace -mem2reg -instcombine -dce -array-seg-normalize -deadargelim -instcombine -dce -pointer-simplify -dce -port-alignment -dce -interface-preproc -data-pack -instcombine -dce -basicaa -aggr-aa -aggrmodref-aa -aggr-aa -gvn -gvn -basicaa -aggr-aa -aggrmodref-aa -aggr-aa -dse -adse -adce -loop-simplify -indvars -instcombine -gvn -loop-simplify -mem2reg -dce -find-region -instcombine -auto-loop-pipeline -inst-simplify -interface-preproc -cfgopt -instcombine -indvars -auto-loop-unroll -loop-simplify -loop-bound -xunroll -constprop -instcombine -simplifycfg -indvars -simplifycfg -dce -globaldce -clean-region -attach-range -gvn -inst-simplify -constprop -simplifycfg -dce -pointer-simplify -dce -globalopt -constprop -dce -array-promote -constprop -instcombine -dce -ptrArgReplace -mem2reg -instcombine -simplifycfg -dce -auto-par -instcombine -dce -array-transform-check -array-reshape -instcombine -simplifycfg -dce -ptrArgReplace -deadargelim -mem2reg -instcombine -simplifycfg -dce -indvars -loop-simplify -loop-bound -xunroll -constprop -instcombine -simplifycfg -indvars -simplifycfg -dce -globaldce -basicaa -aggr-aa -aggrmodref-aa -aggr-aa -dse -duplicate-dataflow-processes -globaldce -instcombine -array-partition -instcombine -simplifycfg -dce -ptrArgReplace -global-constprop -deadargelim -mem2reg -func-legal -instcombine -dce -global-constprop -deadargelim -mem2reg -instcombine -simplifycfg -dce -merge-param -deadargelim -globalopt -constprop -dce -array-promote -constprop -instcombine -dce -ptrArgReplace -mem2reg -instcombine -simplifycfg -dce -mem-intrinsic-preproc -dce -global-internalize -global-privatize -mem2reg -globaldce -promote-global-argument -ptrArgReplace -mem2reg -instcombine -dce -globalopt -mergereturn -simplify-global-access -mem2reg -dce -pointer-simplify -dce -functionattrs -basicaa -aggr-aa -aggrmodref-aa -aggr-aa -gvn -gvn -basicaa -aggr-aa -aggrmodref-aa -aggr-aa -dse -adse -adce -inst-simplify -dce -norm-name -function-inline -globaldce -func-inst -constprop -instcombine -simplifycfg -dce -func-legal -dce -loop-bound -arraycheck -bitwidthmin -on-by-dataflow -loop-delete -instcombine -simplifycfg -globaldce -dce -gvn -deadargelim -dce -loop-simplify -clean-region -simplifycfg -propagate-stable-arguments -loop-stream -instcombine -simplifycfg -dce -globaldce -duplicate-dataflow-processes -stream-intrinsic-preproc -dce -check-ap-stream -loop-simplify -eliminate-keepreads -extract-dataflow-in-loop -loop-simplify -dce -gvn -deadargelim -dse -check-dataflow-syntax -legalize-stream-variable -legalize-global -extract-subproc -dce -dead-channel-elimination -canonicalize-gep -globaldce -dce -gvn -deadargelim -annotate-dataflow-channels -scalar-propagation -deadargelim -globaldce -mem2reg -check-dataflow-channels -function-stream -dce -globaldce -prop-fifo-spec -internal-stream-gen -canonicalize-gep -globaldce -dce -gvn -deadargelim -mergereturn -indvars -loop-simplify -instcombine -array-stream -array-seg-normalize -array-partition -func-legal -instcombine -simplifycfg -dce -bundle-memfifo-ops -deadargelim -function-uniquify -directive-preproc -mem2reg -dse -dce -group-axi-access -licm -simplifycfg -dce -loop-delete -norm-name D:/code/git/HLS/HLS/Conv/solution1/.autopilot/db/a.o.1.bc -o D:/code/git/HLS/HLS/Conv/solution1/.autopilot/db/a.o.1.tmp.bc -f 
Command         transform done; 0.251 sec.
INFO-FLOW: Presyn 2...
Execute         transform -hls -keep-callgraph -scalarrepl -mem2reg -port-alignment -attach-range -dce -pipe-mux-gen -indvars -loop-bound -inst-simplify -instcombine -dce -merge-array-access -mem2reg -dce -clean-region -mergereturn -if-conv -instcombine -dce -constprop -basicaa -aggr-aa -aggrmodref-aa -aggr-aa -gvn -gvn -basicaa -aggr-aa -aggrmodref-aa -aggr-aa -dse -adse -adce -scalarrepl -mem2reg -global-constprop -deadargelim -deadargelim -instcombine -dce -simplifycfg -ptrArgReplace -mem2reg -function-inline -globaldce -mem2reg -instcombine -dce -expr-balance -instcombine -dce -bitwidthmin -interface-preproc -directive-preproc -inst-rectify -instcombine -dce -functionattrs -constprop -instcombine -bit-constprop -simplify-global-access -globalopt -globaldce -inst-simplify -instcombine -elimdeaddata -dce -loop-delete -simplifycfg -loop-simplify -auto-burst -norm-name D:/code/git/HLS/HLS/Conv/solution1/.autopilot/db/a.o.1.tmp.bc -o D:/code/git/HLS/HLS/Conv/solution1/.autopilot/db/a.o.2.bc -f -phase presyn 
INFO: [XFORM 203-11] Balancing expressions in function 'Conv2D' (../src/Conv2d/Conv2d.cpp:10)...3 expression(s) balanced.
Command         transform done; 0.185 sec.
INFO: [HLS 200-111] Finished Pre-synthesis Time (s): cpu = 00:00:00 ; elapsed = 00:00:14 . Memory (MB): peak = 246.441 ; gain = 161.691
INFO-FLOW: Building ssdm...
Execute         transform -hls -function-uniquify -auto-function-inline -globaldce -ptrArgReplace -mem2reg -instcombine -dce -reset-lda -loop-simplify -indvars -licm -loop-dep -loop-bound -licm -loop-simplify -flattenloopnest -array-flatten -gvn -instcombine -dce -array-map -dce -func-legal -gvn -adce -instcombine -cfgopt -simplifycfg -loop-simplify -array-burst -promote-global-argument -dce -axi4-lower -array-seg-normalize -basicaa -aggrmodref-aa -globalsmodref-aa -aggr-aa -gvn -gvn -basicaa -aggrmodref-aa -globalsmodref-aa -aggr-aa -dse -adse -adce -licm -inst-simplify -dce -globaldce -instcombine -array-stream -eliminate-keepreads -instcombine -dce -deadargelim -doublePtrSimplify -doublePtrElim -dce -doublePtrSimplify -promote-dbg-pointer -dce -scalarrepl -mem2reg -disaggr -norm-name -mem2reg -instcombine -dse -adse -adce -ptrLegalization -dce -auto-rom-infer -array-flatten -dce -instcombine -check-doubleptr -loop-rot -constprop -cfgopt -simplifycfg -loop-simplify -indvars -pointer-simplify -dce -loop-bound -loop-simplify -loop-preproc -constprop -global-constprop -gvn -mem2reg -instcombine -dce -loop-bound -loop-merge -dce -bitwidthmin -deadargelim -dce -canonicalize-dataflow -dce -scalar-propagation -deadargelim -globaldce -mem2reg -read-loop-dep -interface-preproc -directive-preproc -interface-gen -bram-byte-enable -deadargelim -inst-simplify -dce -gvn -mem2reg -instcombine -dce -adse -loop-bound -instcombine -cfgopt -simplifycfg -loop-simplify -clean-region -io-protocol -find-region -mem2reg -bitop-raise -inst-simplify -inst-rectify -instcombine -adce -deadargelim -loop-simplify -phi-opt -bitop-raise -cfgopt -simplifycfg -strip-dead-prototypes -interface-lower -bitop-lower -intrinsic-lower -auto-function-inline -basicaa -aggrmodref-aa -globalsmodref-aa -aggr-aa -inst-simplify -simplifycfg -loop-simplify -mergereturn -inst-simplify -inst-rectify -dce -load-elim -bitop-lower -loop-rewind -pointer-simplify -dce -cfgopt -dce -bitwidth -loop-bound -loop-dep -read-loop-dep -dce -check-stream -norm-name -legalize -validate-dataflow -inst-clarity -cdfg-build D:/code/git/HLS/HLS/Conv/solution1/.autopilot/db/a.o.2.bc -o D:/code/git/HLS/HLS/Conv/solution1/.autopilot/db/a.o.3.bc -f -phase build-ssdm 
INFO: [HLS 200-444] Inferring multiple bus burst write of variable length on port 'gmem' (../src/Conv2d/Conv2d.cpp:51:88). These data requests might be further partitioned to multiple requests during RTL generation, based on max_read_burst_length or max_write_burst_length settings.
Command         transform done; 0.283 sec.
INFO: [HLS 200-111] Finished Architecture Synthesis Time (s): cpu = 00:00:00 ; elapsed = 00:00:15 . Memory (MB): peak = 259.371 ; gain = 174.621
INFO-FLOW: Finish building internal data model.
Command       opt_and_import_c done; 1.787 sec.
Command     elaborate done; 13.243 sec.
Execute     autosyn -from_csynth_design=1 
INFO: [HLS 200-10] Starting hardware synthesis ...
INFO-FLOW: Synthesizing C/C++ design ...
INFO: [HLS 200-10] Synthesizing 'Conv2D' ...
Execute       ap_set_top_model Conv2D 
Execute       get_model_list Conv2D -filter all-wo-channel -topdown 
Execute       preproc_iomode -model Conv2D 
Execute       get_model_list Conv2D -filter all-wo-channel 
INFO-FLOW: Model list for configure: Conv2D
INFO-FLOW: Configuring Module : Conv2D ...
Execute       set_default_model Conv2D 
Execute       apply_spec_resource_limit Conv2D 
INFO-FLOW: Model list for preprocess: Conv2D
INFO-FLOW: Preprocessing Module: Conv2D ...
Execute       set_default_model Conv2D 
Execute       cdfg_preprocess -model Conv2D 
Execute       rtl_gen_preprocess Conv2D 
INFO-FLOW: Model list for synthesis: Conv2D
INFO: [HLS 200-10] ----------------------------------------------------------------
INFO: [HLS 200-42] -- Implementing module 'Conv2D' 
INFO: [HLS 200-10] ----------------------------------------------------------------
Execute       set_default_model Conv2D 
Execute       schedule -model Conv2D 
INFO: [SCHED 204-11] Starting scheduling ...
INFO: [SCHED 204-11] Finished scheduling.
INFO: [HLS 200-111]  Elapsed time: 14.76 seconds; current allocated memory: 201.750 MB.
Execute       report -o D:/code/git/HLS/HLS/Conv/solution1/.autopilot/db/Conv2D.verbose.sched.rpt -verbose -f 
INFO: [HLS 200-434] Only 0 loops out of a total 6 loops have been pipelined in this design.
Execute       db_write -o D:/code/git/HLS/HLS/Conv/solution1/.autopilot/db/Conv2D.sched.adb -f 
INFO-FLOW: Finish scheduling Conv2D.
Execute       set_default_model Conv2D 
Execute       bind -model Conv2D 
BIND OPTION: fu_weight=[ 0.0 -- 1.0 ]
BIND OPTION: model=Conv2D
BIND OPTION: reg_weight=[ 0.0 -- 1.0 ]
INFO: [BIND 205-100] Starting micro-architecture generation ...
INFO: [BIND 205-101] Performing variable lifetime analysis.
INFO: [BIND 205-101] Exploring resource sharing.
INFO: [BIND 205-101] Binding ...
INFO: [BIND 205-100] Finished micro-architecture generation.
INFO: [HLS 200-111]  Elapsed time: 0.146 seconds; current allocated memory: 202.589 MB.
Execute       report -o D:/code/git/HLS/HLS/Conv/solution1/.autopilot/db/Conv2D.verbose.bind.rpt -verbose -f 
Execute       db_write -o D:/code/git/HLS/HLS/Conv/solution1/.autopilot/db/Conv2D.bind.adb -f 
INFO-FLOW: Finish binding Conv2D.
Execute       get_model_list Conv2D -filter all-wo-channel 
INFO-FLOW: Preprocessing for RTLGen ...
Execute       rtl_gen_preprocess Conv2D 
INFO-FLOW: Model list for RTL generation: Conv2D
INFO: [HLS 200-10] ----------------------------------------------------------------
INFO: [HLS 200-10] -- Generating RTL for module 'Conv2D' 
INFO: [HLS 200-10] ----------------------------------------------------------------
Execute       get_config_rtl -prefix 
Execute       get_config_rtl -auto_prefix 
Execute       create_rtl_model Conv2D -vendor xilinx -mg_file D:/code/git/HLS/HLS/Conv/solution1/.autopilot/db/Conv2D.compgen.tcl 
INFO: [RTGEN 206-500] Setting interface mode on port 'Conv2D/gmem' to 'm_axi'.
INFO: [RTGEN 206-500] Setting interface mode on port 'Conv2D/in_channel_V' to 's_axilite & ap_none'.
INFO: [RTGEN 206-500] Setting interface mode on port 'Conv2D/out_channel_V' to 's_axilite & ap_none'.
INFO: [RTGEN 206-500] Setting interface mode on port 'Conv2D/kernel_size_V' to 's_axilite & ap_none'.
INFO: [RTGEN 206-500] Setting interface mode on port 'Conv2D/stride_V' to 's_axilite & ap_none'.
INFO: [RTGEN 206-500] Setting interface mode on port 'Conv2D/padding_V' to 's_axilite & ap_none'.
INFO: [RTGEN 206-500] Setting interface mode on port 'Conv2D/input_width_V' to 's_axilite & ap_none'.
INFO: [RTGEN 206-500] Setting interface mode on port 'Conv2D/input_height_V' to 's_axilite & ap_none'.
INFO: [RTGEN 206-500] Setting interface mode on port 'Conv2D/in_data_V' to 's_axilite & ap_none'.
INFO: [RTGEN 206-500] Setting interface mode on port 'Conv2D/weights_V' to 's_axilite & ap_none'.
INFO: [RTGEN 206-500] Setting interface mode on port 'Conv2D/biases_V' to 's_axilite & ap_none'.
INFO: [RTGEN 206-500] Setting interface mode on port 'Conv2D/out_data_V' to 's_axilite & ap_none'.
INFO: [RTGEN 206-500] Setting interface mode on function 'Conv2D' to 's_axilite & ap_ctrl_hs'.
INFO: [RTGEN 206-100] Bundling port 'return', 'in_channel_V', 'out_channel_V', 'kernel_size_V', 'stride_V', 'padding_V', 'input_width_V', 'input_height_V', 'in_data_V', 'weights_V', 'biases_V' and 'out_data_V' to AXI-Lite port AXILiteS.
INFO: [SYN 201-210] Renamed object name 'Conv2D_sdiv_12s_9ns_12_16_seq_1' to 'Conv2D_sdiv_12s_9bkb' due to the length limit 20
INFO: [SYN 201-210] Renamed object name 'Conv2D_mul_mul_16ns_13s_28_1_1' to 'Conv2D_mul_mul_16cud' due to the length limit 20
INFO: [SYN 201-210] Renamed object name 'Conv2D_mul_mul_24ns_8ns_32_1_1' to 'Conv2D_mul_mul_24dEe' due to the length limit 20
INFO: [SYN 201-210] Renamed object name 'Conv2D_mac_muladd_24ns_8ns_48ns_48_1_1' to 'Conv2D_mac_muladdeOg' due to the length limit 20
INFO: [SYN 201-210] Renamed object name 'Conv2D_mac_muladd_8ns_20s_32ns_33_1_1' to 'Conv2D_mac_muladdfYi' due to the length limit 20
INFO: [SYN 201-210] Renamed object name 'Conv2D_mac_muladd_16s_16s_24ns_24_1_1' to 'Conv2D_mac_muladdg8j' due to the length limit 20
INFO: [RTGEN 206-100] Generating core module 'Conv2D_mac_muladdeOg': 1 instance(s).
INFO: [RTGEN 206-100] Generating core module 'Conv2D_mac_muladdfYi': 1 instance(s).
INFO: [RTGEN 206-100] Generating core module 'Conv2D_mac_muladdg8j': 1 instance(s).
INFO: [RTGEN 206-100] Generating core module 'Conv2D_mul_mul_16cud': 1 instance(s).
INFO: [RTGEN 206-100] Generating core module 'Conv2D_mul_mul_24dEe': 1 instance(s).
INFO: [RTGEN 206-100] Generating core module 'Conv2D_sdiv_12s_9bkb': 2 instance(s).
INFO: [RTGEN 206-100] Finished creating RTL model for 'Conv2D'.
Command       create_rtl_model done; 0.41 sec.
INFO: [HLS 200-111]  Elapsed time: 0.546 seconds; current allocated memory: 204.363 MB.
Execute       source D:/code/git/HLS/HLS/Conv/solution1/.autopilot/db/Conv2D.rtl_wrap.cfg.tcl 
Execute       gen_rtl Conv2D -istop -style xilinx -tracefl mytrace -tracefmt vcd -traceopt all -f -lang sc -o D:/code/git/HLS/HLS/Conv/solution1/syn/systemc/Conv2D -synmodules Conv2D 
Execute       gen_rtl Conv2D -istop -style xilinx -f -lang vhdl -o D:/code/git/HLS/HLS/Conv/solution1/syn/vhdl/Conv2D 
Execute       gen_rtl Conv2D -istop -style xilinx -f -lang vlog -o D:/code/git/HLS/HLS/Conv/solution1/syn/verilog/Conv2D 
Execute       export_constraint_db -o D:/code/git/HLS/HLS/Conv/solution1/.autopilot/db/Conv2D.constraint.tcl -f -tool general 
Execute       report -model Conv2D -o D:/code/git/HLS/HLS/Conv/solution1/.autopilot/db/Conv2D.design.xml -verbose -f -dv 
Execute       report -model Conv2D -o D:/code/git/HLS/HLS/Conv/solution1/.autopilot/db/Conv2D.sdaccel.xml -verbose -f -sdaccel 
Execute       gen_tb_info Conv2D -o D:/code/git/HLS/HLS/Conv/solution1/.autopilot/db/Conv2D -p D:/code/git/HLS/HLS/Conv/solution1/.autopilot/db 
Execute       report -model Conv2D -o D:/code/git/HLS/HLS/Conv/solution1/syn/report/Conv2D_csynth.rpt -f 
Execute       report -model Conv2D -o D:/code/git/HLS/HLS/Conv/solution1/syn/report/Conv2D_csynth.xml -f -x 
Execute       report -model Conv2D -o D:/code/git/HLS/HLS/Conv/solution1/.autopilot/db/Conv2D.verbose.rpt -verbose -f 
Execute       db_write -model Conv2D -o D:/code/git/HLS/HLS/Conv/solution1/.autopilot/db/Conv2D.adb -f 
Execute       sc_get_clocks Conv2D 
Execute       get_config_export -vivado_clock 
Execute       sc_get_portdomain Conv2D 
INFO-FLOW: Model list for RTL component generation: Conv2D
INFO-FLOW: Handling components in module [Conv2D] ... 
Execute       source D:/code/git/HLS/HLS/Conv/solution1/.autopilot/db/Conv2D.compgen.tcl 
INFO-FLOW: Found component Conv2D_sdiv_12s_9bkb.
INFO-FLOW: Append model Conv2D_sdiv_12s_9bkb
INFO-FLOW: Found component Conv2D_mul_mul_16cud.
INFO-FLOW: Append model Conv2D_mul_mul_16cud
INFO-FLOW: Found component Conv2D_mul_mul_24dEe.
INFO-FLOW: Append model Conv2D_mul_mul_24dEe
INFO-FLOW: Found component Conv2D_mac_muladdeOg.
INFO-FLOW: Append model Conv2D_mac_muladdeOg
INFO-FLOW: Found component Conv2D_mac_muladdfYi.
INFO-FLOW: Append model Conv2D_mac_muladdfYi
INFO-FLOW: Found component Conv2D_mac_muladdg8j.
INFO-FLOW: Append model Conv2D_mac_muladdg8j
INFO-FLOW: Found component Conv2D_AXILiteS_s_axi.
INFO-FLOW: Append model Conv2D_AXILiteS_s_axi
INFO-FLOW: Found component Conv2D_gmem_m_axi.
INFO-FLOW: Append model Conv2D_gmem_m_axi
INFO-FLOW: Append model Conv2D
INFO-FLOW: Generating RTL model list ...
INFO-FLOW: All models in this session: Conv2D_sdiv_12s_9bkb Conv2D_mul_mul_16cud Conv2D_mul_mul_24dEe Conv2D_mac_muladdeOg Conv2D_mac_muladdfYi Conv2D_mac_muladdg8j Conv2D_AXILiteS_s_axi Conv2D_gmem_m_axi Conv2D
INFO-FLOW: To file: write model Conv2D_sdiv_12s_9bkb
INFO-FLOW: To file: write model Conv2D_mul_mul_16cud
INFO-FLOW: To file: write model Conv2D_mul_mul_24dEe
INFO-FLOW: To file: write model Conv2D_mac_muladdeOg
INFO-FLOW: To file: write model Conv2D_mac_muladdfYi
INFO-FLOW: To file: write model Conv2D_mac_muladdg8j
INFO-FLOW: To file: write model Conv2D_AXILiteS_s_axi
INFO-FLOW: To file: write model Conv2D_gmem_m_axi
INFO-FLOW: To file: write model Conv2D
INFO-FLOW: Finished generating RTL model list.


INFO-FLOW: RTL Generation done.
INFO-FLOW: CAS Generation done.
INFO-FLOW: CBC Generation done.
INFO-FLOW: DBG:CMD: auto_generate_csynth_design
INFO-FLOW: DBG:CMD:     auto_generate --sim-model -phase csynth_design -d D:/code/git/HLS/HLS/Conv/solution1
Execute       source D:/code/git/HLS/HLS/Conv/solution1/.autopilot/db/global.setting.tcl 
INFO-FLOW: DBG:CMD: read_platform_lib D:/code/git/HLS/HLS/Conv/solution1/.autopilot/db/global.setting.tcl
Execute       source D:/software/Xilinx/Vivado/2018.3/common/technology/generic/autopilot/common.gen 
Execute         source D:/software/Xilinx/Vivado/2018.3/common/technology/generic/autopilot/APCoreGen.gen 
Execute       source D:/software/Xilinx/Vivado/2018.3/common/technology/generic/autopilot/op.gen 
Execute       source D:/software/Xilinx/Vivado/2018.3/common/technology/generic/autopilot/op_simcore.gen 
Execute       source D:/software/Xilinx/Vivado/2018.3/common/technology/generic/autopilot/interface.gen 
Execute       source D:/code/git/HLS/HLS/Conv/solution1/.autopilot/db/global.setting.tcl 
Execute       source D:/software/Xilinx/Vivado/2018.3/common/technology/xilinx/zynq/zynq.gen 
Execute         source D:/software/Xilinx/Vivado/2018.3/common/technology/xilinx/common/virtex.gen 
Execute           source D:/software/Xilinx/Vivado/2018.3/common/technology/xilinx/common/xilinx.gen 
Execute             source D:/software/Xilinx/Vivado/2018.3/common/technology/xilinx/interface/plb46.gen 
Execute             source D:/software/Xilinx/Vivado/2018.3/common/technology/xilinx/interface/fsl.gen 
Execute             source D:/software/Xilinx/Vivado/2018.3/common/technology/xilinx/interface/axi4.gen 
Execute             source D:/software/Xilinx/Vivado/2018.3/common/technology/xilinx/interface/nativeAXI4.gen 
Execute               source D:/software/Xilinx/Vivado/2018.3/common/technology/xilinx/interface/saxilite.gen 
Execute               source D:/software/Xilinx/Vivado/2018.3/common/technology/xilinx/interface/maxi.gen 
Execute             source D:/software/Xilinx/Vivado/2018.3/common/technology/xilinx/scripts/xilinxcoregen.gen 
Execute             source D:/software/Xilinx/Vivado/2018.3/common/technology/xilinx/interface/XilEDKCoreGen.gen 
Execute             source D:/software/Xilinx/Vivado/2018.3/common/technology/xilinx/ip/dds_compiler.gen 
Execute             source D:/software/Xilinx/Vivado/2018.3/common/technology/xilinx/ip/util.gen 
Execute             source D:/software/Xilinx/Vivado/2018.3/common/technology/xilinx/ip/xfft.gen 
Execute             source D:/software/Xilinx/Vivado/2018.3/common/technology/xilinx/ip/xfir.gen 
Execute           source D:/software/Xilinx/Vivado/2018.3/common/technology/xilinx/common/dsp48.gen 
Execute       source D:/software/Xilinx/Vivado/2018.3/common/technology/xilinx/zynq/zynq_fpv6.gen 
Execute         source D:/software/Xilinx/Vivado/2018.3/common/technology/xilinx/common/xilinx_fpv6.gen 
INFO-FLOW: DBG:CMD:   using AESL_AUTOCG::g_clock_period=10.000 (was NA)
INFO-FLOW: DBG:CMD:       generate_ip_cores sim=1 export=0 expOnly=0 dstVlogDir=syn/verilog
Execute       source D:/code/git/HLS/HLS/Conv/solution1/.autopilot/db/global.setting.tcl 
Execute       source D:/code/git/HLS/HLS/Conv/solution1/.autopilot/db/global.setting.tcl 
Execute       source D:/code/git/HLS/HLS/Conv/solution1/.autopilot/db/global.setting.tcl 
Execute       source D:/code/git/HLS/HLS/Conv/solution1/.autopilot/db/Conv2D.compgen.tcl 
INFO: [RTMG 210-282] Generating pipelined core: 'Conv2D_sdiv_12s_9bkb_div'
Execute         source ./AXILiteS.slave.tcl 
Execute         is_m_axi_addr64 
Command       ap_source done; 0.271 sec.
INFO-FLOW: DBG:CMD:     auto_generate -export -impltomg_flag -rtl both -tool Vivado -pcore_version 1.00.a -phase csynth_design -d D:/code/git/HLS/HLS/Conv/solution1
Execute       source D:/code/git/HLS/HLS/Conv/solution1/.autopilot/db/global.setting.tcl 
INFO-FLOW: DBG:CMD: read_platform_lib D:/code/git/HLS/HLS/Conv/solution1/.autopilot/db/global.setting.tcl
Execute       source D:/software/Xilinx/Vivado/2018.3/common/technology/generic/autopilot/common.gen 
Execute         source D:/software/Xilinx/Vivado/2018.3/common/technology/generic/autopilot/APCoreGen.gen 
Execute       source D:/software/Xilinx/Vivado/2018.3/common/technology/generic/autopilot/op.gen 
Execute       source D:/software/Xilinx/Vivado/2018.3/common/technology/generic/autopilot/op_simcore.gen 
Execute       source D:/software/Xilinx/Vivado/2018.3/common/technology/generic/autopilot/interface.gen 
Execute       source D:/code/git/HLS/HLS/Conv/solution1/.autopilot/db/global.setting.tcl 
Execute       source D:/software/Xilinx/Vivado/2018.3/common/technology/xilinx/zynq/zynq.gen 
Execute         source D:/software/Xilinx/Vivado/2018.3/common/technology/xilinx/common/virtex.gen 
Execute           source D:/software/Xilinx/Vivado/2018.3/common/technology/xilinx/common/xilinx.gen 
Execute             source D:/software/Xilinx/Vivado/2018.3/common/technology/xilinx/interface/plb46.gen 
Execute             source D:/software/Xilinx/Vivado/2018.3/common/technology/xilinx/interface/fsl.gen 
Execute             source D:/software/Xilinx/Vivado/2018.3/common/technology/xilinx/interface/axi4.gen 
Execute             source D:/software/Xilinx/Vivado/2018.3/common/technology/xilinx/interface/nativeAXI4.gen 
Execute               source D:/software/Xilinx/Vivado/2018.3/common/technology/xilinx/interface/saxilite.gen 
Execute               source D:/software/Xilinx/Vivado/2018.3/common/technology/xilinx/interface/maxi.gen 
Execute             source D:/software/Xilinx/Vivado/2018.3/common/technology/xilinx/scripts/xilinxcoregen.gen 
Execute             source D:/software/Xilinx/Vivado/2018.3/common/technology/xilinx/interface/XilEDKCoreGen.gen 
Execute             source D:/software/Xilinx/Vivado/2018.3/common/technology/xilinx/ip/dds_compiler.gen 
Execute             source D:/software/Xilinx/Vivado/2018.3/common/technology/xilinx/ip/util.gen 
Execute             source D:/software/Xilinx/Vivado/2018.3/common/technology/xilinx/ip/xfft.gen 
Execute             source D:/software/Xilinx/Vivado/2018.3/common/technology/xilinx/ip/xfir.gen 
Execute           source D:/software/Xilinx/Vivado/2018.3/common/technology/xilinx/common/dsp48.gen 
Execute       source D:/software/Xilinx/Vivado/2018.3/common/technology/xilinx/zynq/zynq_fpv6.gen 
Execute         source D:/software/Xilinx/Vivado/2018.3/common/technology/xilinx/common/xilinx_fpv6.gen 
INFO-FLOW: DBG:CMD:       initCTypeInfo top_module=Conv2D xml_exists=0
Execute       source D:/code/git/HLS/HLS/Conv/solution1/.autopilot/db/Conv2D.rtl_wrap.cfg.tcl 
Execute       source D:/code/git/HLS/HLS/Conv/solution1/.autopilot/db/Conv2D.rtl_wrap.cfg.tcl 
Execute       source D:/code/git/HLS/HLS/Conv/solution1/.autopilot/db/Conv2D.rtl_wrap.cfg.tcl 
Execute       source D:/code/git/HLS/HLS/Conv/solution1/.autopilot/db/Conv2D.tbgen.tcl 
Execute       source D:/code/git/HLS/HLS/Conv/solution1/.autopilot/db/Conv2D.tbgen.tcl 
INFO-FLOW: DBG:CMD:       export_impl_rtl
INFO-FLOW: DBG:CMD:       generate_ip_cores sim=0 export=0 expOnly=0 dstVlogDir=impl/.verilog
Execute       source D:/code/git/HLS/HLS/Conv/solution1/.autopilot/db/global.setting.tcl 
Execute       source D:/code/git/HLS/HLS/Conv/solution1/.autopilot/db/Conv2D.compgen.tcl 
INFO-FLOW: DBG:CMD:       generate_ip_cores sim=0 export=1 expOnly=1 dstVlogDir=impl/.pcores/verilog
Execute       source D:/code/git/HLS/HLS/Conv/solution1/.autopilot/db/global.setting.tcl 
Execute       source D:/code/git/HLS/HLS/Conv/solution1/.autopilot/db/Conv2D.compgen.tcl 
INFO-FLOW: DBG:CMD:       generate_ip_cores sim=0 export=0 expOnly=0 dstVlogDir=impl/.pcores/verilog_sim
Execute       source D:/code/git/HLS/HLS/Conv/solution1/.autopilot/db/global.setting.tcl 
Execute       source D:/code/git/HLS/HLS/Conv/solution1/.autopilot/db/Conv2D.compgen.tcl 
Execute       source D:/code/git/HLS/HLS/Conv/solution1/.autopilot/db/global.setting.tcl 
Execute       source D:/code/git/HLS/HLS/Conv/solution1/.autopilot/db/Conv2D.constraint.tcl 
Execute       source D:/code/git/HLS/HLS/Conv/solution1/.autopilot/db/Conv2D.tbgen.tcl 
INFO-FLOW: DBG:CMD:       hasPcoreIpAdapter=false #gSsdmPorts=0
INFO-FLOW: DBG:CMD: Skipping loadAnalyze_DB, #g_database=12
INFO-FLOW: DBG:CMD:       generate_json is_phase_csynth=1 g_has_adaptors=false generate_bd_files=0 #modelList=9 #gSsdmPorts=0
Execute       source D:/code/git/HLS/HLS/Conv/solution1/.autopilot/db/global.setting.tcl 
Execute       source D:/code/git/HLS/HLS/Conv/solution1/.autopilot/db/global.setting.tcl 
Execute       source D:/code/git/HLS/HLS/Conv/solution1/.autopilot/db/Conv2D.tbgen.tcl 
Execute       source D:/code/git/HLS/HLS/Conv/solution1/.autopilot/db/global.setting.tcl 
Execute       get_config_sdx -target 
Execute       get_config_export -xo 
Execute       source D:/code/git/HLS/HLS/Conv/solution1/.autopilot/db/global.setting.tcl 
Execute       source D:/code/git/HLS/HLS/Conv/solution1/.autopilot/db/Conv2D.constraint.tcl 
Execute       sc_get_clocks Conv2D 
Execute       source D:/code/git/HLS/HLS/Conv/solution1/.autopilot/db/global.setting.tcl 
Execute       get_config_sdx -target 
Execute       get_config_sdx -profile 
Execute       ::config_rtl 
INFO-FLOW: DBG:CMD: add_json_sdx_info kernel file does not exist: D:/code/git/HLS/HLS/Conv/solution1/.autopilot/db/kernel.internal.xml
INFO-FLOW: DBG:CMD:       delete-temp-dirs (skipped for debug)
INFO: [HLS 200-111] Finished generating all RTL models Time (s): cpu = 00:00:01 ; elapsed = 00:00:17 . Memory (MB): peak = 265.453 ; gain = 180.703
INFO: [SYSC 207-301] Generating SystemC RTL for Conv2D.
INFO: [VHDL 208-304] Generating VHDL RTL for Conv2D.
INFO: [VLOG 209-307] Generating Verilog RTL for Conv2D.
Command     autosyn done; 2.748 sec.
Execute     get_part 
Execute     get_config_export -sdx_tcl 
Command   csynth_design done; 16.026 sec.
Command ap_source done; 17.008 sec.
Execute cleanup_all 
INFO-FLOW: Workspace D:/code/git/HLS/HLS/Conv/solution1 opened at Tue Oct 15 13:26:37 +0800 2024
Execute     config_clock -quiet -name default -period 10 -default=false 
INFO: [SYN 201-201] Setting up clock 'default' with a period of 10ns.
Execute     open_platform DefaultPlatform 
Execute     import_lib D:/software/Xilinx/Vivado/2018.3/common/technology/xilinx/zynq/zynq 
Execute       source D:/software/Xilinx/Vivado/2018.3/common/technology/xilinx/common/xilinx.lib 
Execute         source D:/software/Xilinx/Vivado/2018.3/common/technology/xilinx/interface/xilinx_interface.lib 
Execute           source D:/software/Xilinx/Vivado/2018.3/common/technology/xilinx/interface/plb46.lib 
Execute           source D:/software/Xilinx/Vivado/2018.3/common/technology/xilinx/interface/fsl.lib 
Execute           source D:/software/Xilinx/Vivado/2018.3/common/technology/xilinx/interface/axi4.lib 
Execute           source D:/software/Xilinx/Vivado/2018.3/common/technology/xilinx/interface/maxi.lib 
Execute           source D:/software/Xilinx/Vivado/2018.3/common/technology/xilinx/interface/saxilite.lib 
Execute         source D:/software/Xilinx/Vivado/2018.3/common/technology/xilinx/common/dsp48.lib 
Execute         source D:/software/Xilinx/Vivado/2018.3/common/technology/xilinx/ip/dds_compiler.lib 
Execute         source D:/software/Xilinx/Vivado/2018.3/common/technology/xilinx/ip/xfft.lib 
Execute         source D:/software/Xilinx/Vivado/2018.3/common/technology/xilinx/ip/xfir.lib 
Execute       source D:/software/Xilinx/Vivado/2018.3/common/technology/xilinx/common/xilinx_old.lib 
Execute       source D:/software/Xilinx/Vivado/2018.3/common/technology/xilinx/common/xilinx_vivado.lib 
Execute       source D:/software/Xilinx/Vivado/2018.3/common/technology/xilinx/common/xilinx.hlp 
Execute         source D:/software/Xilinx/Vivado/2018.3/common/technology/xilinx/common/target_info.tcl 
Execute         source D:/software/Xilinx/Vivado/2018.3/common/technology/xilinx/interface/xilinx_interface.hlp 
Execute           source D:/software/Xilinx/Vivado/2018.3/common/technology/xilinx/interface/maxi.hlp 
Execute           source D:/software/Xilinx/Vivado/2018.3/common/technology/xilinx/interface/saxilite.hlp 
Execute         source D:/software/Xilinx/Vivado/2018.3/common/technology/xilinx/common/dsp48.hlp 
Execute       source D:/software/Xilinx/Vivado/2018.3/common/technology/xilinx/zynq/dsp48e1.hlp 
Execute       get_default_platform 
Execute       config_chip_info -quiet -resource  {SLICE 13300}  {LUT 53200}     {FF 106400} {DSP48E 220}   {BRAM 280}  
Execute       config_chip_info -quiet -speed medium 
Execute       source D:/software/Xilinx/Vivado/2018.3/common/technology/xilinx/common/xilinx.hlp 
Execute         source D:/software/Xilinx/Vivado/2018.3/common/technology/xilinx/common/target_info.tcl 
Execute         source D:/software/Xilinx/Vivado/2018.3/common/technology/xilinx/interface/xilinx_interface.hlp 
Execute           source D:/software/Xilinx/Vivado/2018.3/common/technology/xilinx/interface/maxi.hlp 
Execute           source D:/software/Xilinx/Vivado/2018.3/common/technology/xilinx/interface/saxilite.hlp 
Execute         source D:/software/Xilinx/Vivado/2018.3/common/technology/xilinx/common/dsp48.hlp 
Execute     source D:/software/Xilinx/Vivado/2018.3/common/technology/xilinx/zynq/zynq.gen 
Execute       source D:/software/Xilinx/Vivado/2018.3/common/technology/xilinx/common/virtex.gen 
Execute         source D:/software/Xilinx/Vivado/2018.3/common/technology/xilinx/common/xilinx.gen 
Execute           source D:/software/Xilinx/Vivado/2018.3/common/technology/xilinx/interface/plb46.gen 
Execute           source D:/software/Xilinx/Vivado/2018.3/common/technology/xilinx/interface/fsl.gen 
Execute           source D:/software/Xilinx/Vivado/2018.3/common/technology/xilinx/interface/axi4.gen 
Execute           source D:/software/Xilinx/Vivado/2018.3/common/technology/xilinx/interface/nativeAXI4.gen 
Execute             source D:/software/Xilinx/Vivado/2018.3/common/technology/xilinx/interface/saxilite.gen 
Execute             source D:/software/Xilinx/Vivado/2018.3/common/technology/xilinx/interface/maxi.gen 
Execute           source D:/software/Xilinx/Vivado/2018.3/common/technology/xilinx/scripts/xilinxcoregen.gen 
Execute           source D:/software/Xilinx/Vivado/2018.3/common/technology/xilinx/interface/XilEDKCoreGen.gen 
Execute           source D:/software/Xilinx/Vivado/2018.3/common/technology/xilinx/ip/dds_compiler.gen 
Execute           source D:/software/Xilinx/Vivado/2018.3/common/technology/xilinx/ip/util.gen 
Execute           source D:/software/Xilinx/Vivado/2018.3/common/technology/xilinx/ip/xfft.gen 
Execute           source D:/software/Xilinx/Vivado/2018.3/common/technology/xilinx/ip/xfir.gen 
Execute         source D:/software/Xilinx/Vivado/2018.3/common/technology/xilinx/common/dsp48.gen 
Execute     open_platform DefaultPlatform 
Execute     import_lib D:/software/Xilinx/Vivado/2018.3/common/technology/xilinx/zynq/zynq_fpv6 
Execute       source D:/software/Xilinx/Vivado/2018.3/common/technology/xilinx/common/xilinx_fpv7.lib 
Execute         source D:/software/Xilinx/Vivado/2018.3/common/technology/xilinx/common/xilinx_hp.lib 
Execute       source D:/software/Xilinx/Vivado/2018.3/common/technology/xilinx/common/xilinx_fpv.hlp 
Execute         source D:/software/Xilinx/Vivado/2018.3/common/technology/xilinx/common/xilinx.hlp 
Execute           source D:/software/Xilinx/Vivado/2018.3/common/technology/xilinx/common/target_info.tcl 
Execute           source D:/software/Xilinx/Vivado/2018.3/common/technology/xilinx/interface/xilinx_interface.hlp 
Execute             source D:/software/Xilinx/Vivado/2018.3/common/technology/xilinx/interface/maxi.hlp 
Execute             source D:/software/Xilinx/Vivado/2018.3/common/technology/xilinx/interface/saxilite.hlp 
Execute           source D:/software/Xilinx/Vivado/2018.3/common/technology/xilinx/common/dsp48.hlp 
Execute       source D:/software/Xilinx/Vivado/2018.3/common/technology/xilinx/zynq/zynq_hp.hlp 
Execute     source D:/software/Xilinx/Vivado/2018.3/common/technology/xilinx/zynq/zynq_fpv6.gen 
Execute       source D:/software/Xilinx/Vivado/2018.3/common/technology/xilinx/common/xilinx_fpv6.gen 
Execute     set_part xc7z020clg400-2 
Execute       add_library xilinx/zynq/zynq:xc7z020:clg400:-2 
Execute         get_default_platform 
Execute         license_isbetapart xc7z020 
Command         license_isbetapart done; error code: 1; 
Execute         get_default_platform 
Execute         config_chip_info -quiet -resource  {SLICE 13300}  {LUT 53200}     {FF 106400} {DSP48E 220}   {BRAM 280}  
Execute         config_chip_info -quiet -speed medium 
Execute       add_library xilinx/zynq/zynq_fpv6 
Execute         get_default_platform 
INFO: [HLS 200-10] Setting target device to 'xc7z020clg400-2'
Execute       get_default_platform 
Execute     get_default_platform 
Execute     config_chip_info -quiet -resource  {SLICE 13300}  {LUT 53200}     {FF 106400} {DSP48E 220}   {BRAM 280}  
Execute     config_chip_info -quiet -speed medium 
Command   open_solution done; 0.219 sec.
Execute   export_design -rtl verilog -format ip_catalog 
Execute     get_config_export -acc 
Execute     get_config_export -clock_margin 
Execute     get_config_export -custom_script 
Execute     get_config_export -description 
Execute     get_config_export -display_name 
Execute     get_config_export -driver_input_dir 
Execute     get_config_export -ipname 
Execute     get_config_export -kernel_drc 
Execute     get_config_export -library 
Execute     get_config_export -qor_test 
Execute     get_config_export -sdaccel 
Execute     get_config_export -sim 
Execute     get_config_export -taxonomy 
Execute     get_config_export -use_ip 
Execute     get_config_export -use_netlist 
Execute     get_config_export -vendor 
Execute     get_config_export -version 
Execute     get_config_export -xo 
Execute     config_export -format=ip_catalog -rtl=verilog 
INFO-FLOW: DBG:CMD: export_design_wrap: -format ip_catalog -rtl verilog
Execute     source D:/code/git/HLS/HLS/Conv/solution1/.autopilot/db/global.setting.tcl 
Execute     get_config_export -vivado_clock 
Execute     get_top 
Execute     get_config_sdx -target 
Execute     get_config_rtl -auto_prefix 
Execute     get_config_sdx -target 
INFO-FLOW: DBG:CMD:   auto_impl: pack: -export -tool vivado -rtl verilog -sdx-target none
Execute     source D:/code/git/HLS/HLS/Conv/solution1/.autopilot/db/global.setting.tcl 
INFO-FLOW: DBG:CMD: read_platform_lib D:/code/git/HLS/HLS/Conv/solution1/.autopilot/db/global.setting.tcl
Execute     source D:/software/Xilinx/Vivado/2018.3/common/technology/generic/autopilot/common.gen 
Execute       source D:/software/Xilinx/Vivado/2018.3/common/technology/generic/autopilot/APCoreGen.gen 
Execute     source D:/software/Xilinx/Vivado/2018.3/common/technology/generic/autopilot/op.gen 
Execute     source D:/software/Xilinx/Vivado/2018.3/common/technology/generic/autopilot/op_simcore.gen 
Execute     source D:/software/Xilinx/Vivado/2018.3/common/technology/generic/autopilot/interface.gen 
Execute     source D:/code/git/HLS/HLS/Conv/solution1/.autopilot/db/global.setting.tcl 
Execute     source D:/software/Xilinx/Vivado/2018.3/common/technology/xilinx/zynq/zynq.gen 
Execute       source D:/software/Xilinx/Vivado/2018.3/common/technology/xilinx/common/virtex.gen 
Execute         source D:/software/Xilinx/Vivado/2018.3/common/technology/xilinx/common/xilinx.gen 
Execute           source D:/software/Xilinx/Vivado/2018.3/common/technology/xilinx/interface/plb46.gen 
Execute           source D:/software/Xilinx/Vivado/2018.3/common/technology/xilinx/interface/fsl.gen 
Execute           source D:/software/Xilinx/Vivado/2018.3/common/technology/xilinx/interface/axi4.gen 
Execute           source D:/software/Xilinx/Vivado/2018.3/common/technology/xilinx/interface/nativeAXI4.gen 
Execute             source D:/software/Xilinx/Vivado/2018.3/common/technology/xilinx/interface/saxilite.gen 
Execute             source D:/software/Xilinx/Vivado/2018.3/common/technology/xilinx/interface/maxi.gen 
Execute           source D:/software/Xilinx/Vivado/2018.3/common/technology/xilinx/scripts/xilinxcoregen.gen 
Execute           source D:/software/Xilinx/Vivado/2018.3/common/technology/xilinx/interface/XilEDKCoreGen.gen 
Execute           source D:/software/Xilinx/Vivado/2018.3/common/technology/xilinx/ip/dds_compiler.gen 
Execute           source D:/software/Xilinx/Vivado/2018.3/common/technology/xilinx/ip/util.gen 
Execute           source D:/software/Xilinx/Vivado/2018.3/common/technology/xilinx/ip/xfft.gen 
Execute           source D:/software/Xilinx/Vivado/2018.3/common/technology/xilinx/ip/xfir.gen 
Execute         source D:/software/Xilinx/Vivado/2018.3/common/technology/xilinx/common/dsp48.gen 
Execute     source D:/software/Xilinx/Vivado/2018.3/common/technology/xilinx/zynq/zynq_fpv6.gen 
Execute       source D:/software/Xilinx/Vivado/2018.3/common/technology/xilinx/common/xilinx_fpv6.gen 
INFO-FLOW: DBG:CMD:   using AESL_AUTOCG::g_clock_period=10.000 (was NA)
Execute     source D:/code/git/HLS/HLS/Conv/solution1/.autopilot/db/global.setting.tcl 
INFO: [IMPL 213-8] Exporting RTL as a Vivado IP.
Execute     source D:/code/git/HLS/HLS/Conv/solution1/.autopilot/db/global.setting.tcl 
INFO-FLOW: DBG:CMD: automg_wrap -export -pcore_version 1.00.a -rtl vlog -sdx-target none -tool Vivado -impltomg_flag
INFO-FLOW: DBG:CMD:     auto_generate -export -pcore_version 1.00.a -rtl vlog -sdx-target none -tool Vivado -impltomg_flag
Execute     source D:/code/git/HLS/HLS/Conv/solution1/.autopilot/db/global.setting.tcl 
INFO-FLOW: DBG:CMD: read_platform_lib D:/code/git/HLS/HLS/Conv/solution1/.autopilot/db/global.setting.tcl
Execute     source D:/software/Xilinx/Vivado/2018.3/common/technology/generic/autopilot/common.gen 
Execute       source D:/software/Xilinx/Vivado/2018.3/common/technology/generic/autopilot/APCoreGen.gen 
Execute     source D:/software/Xilinx/Vivado/2018.3/common/technology/generic/autopilot/op.gen 
Execute     source D:/software/Xilinx/Vivado/2018.3/common/technology/generic/autopilot/op_simcore.gen 
Execute     source D:/software/Xilinx/Vivado/2018.3/common/technology/generic/autopilot/interface.gen 
Execute     source D:/code/git/HLS/HLS/Conv/solution1/.autopilot/db/global.setting.tcl 
Execute     source D:/software/Xilinx/Vivado/2018.3/common/technology/xilinx/zynq/zynq.gen 
Execute       source D:/software/Xilinx/Vivado/2018.3/common/technology/xilinx/common/virtex.gen 
Execute         source D:/software/Xilinx/Vivado/2018.3/common/technology/xilinx/common/xilinx.gen 
Execute           source D:/software/Xilinx/Vivado/2018.3/common/technology/xilinx/interface/plb46.gen 
Execute           source D:/software/Xilinx/Vivado/2018.3/common/technology/xilinx/interface/fsl.gen 
Execute           source D:/software/Xilinx/Vivado/2018.3/common/technology/xilinx/interface/axi4.gen 
Execute           source D:/software/Xilinx/Vivado/2018.3/common/technology/xilinx/interface/nativeAXI4.gen 
Execute             source D:/software/Xilinx/Vivado/2018.3/common/technology/xilinx/interface/saxilite.gen 
Execute             source D:/software/Xilinx/Vivado/2018.3/common/technology/xilinx/interface/maxi.gen 
Execute           source D:/software/Xilinx/Vivado/2018.3/common/technology/xilinx/scripts/xilinxcoregen.gen 
Execute           source D:/software/Xilinx/Vivado/2018.3/common/technology/xilinx/interface/XilEDKCoreGen.gen 
Execute           source D:/software/Xilinx/Vivado/2018.3/common/technology/xilinx/ip/dds_compiler.gen 
Execute           source D:/software/Xilinx/Vivado/2018.3/common/technology/xilinx/ip/util.gen 
Execute           source D:/software/Xilinx/Vivado/2018.3/common/technology/xilinx/ip/xfft.gen 
Execute           source D:/software/Xilinx/Vivado/2018.3/common/technology/xilinx/ip/xfir.gen 
Execute         source D:/software/Xilinx/Vivado/2018.3/common/technology/xilinx/common/dsp48.gen 
Execute     source D:/software/Xilinx/Vivado/2018.3/common/technology/xilinx/zynq/zynq_fpv6.gen 
Execute       source D:/software/Xilinx/Vivado/2018.3/common/technology/xilinx/common/xilinx_fpv6.gen 
INFO-FLOW: DBG:CMD:       initCTypeInfo top_module=Conv2D xml_exists=1
Execute     source D:/code/git/HLS/HLS/Conv/solution1/.autopilot/db/Conv2D.rtl_wrap.cfg.tcl 
Execute     source D:/code/git/HLS/HLS/Conv/solution1/.autopilot/db/Conv2D.rtl_wrap.cfg.tcl 
Execute     source D:/code/git/HLS/HLS/Conv/solution1/.autopilot/db/Conv2D.rtl_wrap.cfg.tcl 
Execute     source D:/code/git/HLS/HLS/Conv/solution1/.autopilot/db/Conv2D.tbgen.tcl 
Execute     source D:/code/git/HLS/HLS/Conv/solution1/.autopilot/db/Conv2D.tbgen.tcl 
INFO-FLOW: DBG:CMD:       export_impl_rtl
INFO-FLOW: DBG:CMD:       generate_ip_cores sim=0 export=0 expOnly=0 dstVlogDir=impl/.verilog
Execute     source D:/code/git/HLS/HLS/Conv/solution1/.autopilot/db/global.setting.tcl 
Execute     source D:/code/git/HLS/HLS/Conv/solution1/.autopilot/db/Conv2D.compgen.tcl 
INFO-FLOW: DBG:CMD:       generate_ip_cores sim=0 export=1 expOnly=1 dstVlogDir=impl/.pcores/verilog
Execute     source D:/code/git/HLS/HLS/Conv/solution1/.autopilot/db/global.setting.tcl 
Execute     source D:/code/git/HLS/HLS/Conv/solution1/.autopilot/db/Conv2D.compgen.tcl 
INFO-FLOW: DBG:CMD:       generate_ip_cores sim=0 export=0 expOnly=0 dstVlogDir=impl/.pcores/verilog_sim
Execute     source D:/code/git/HLS/HLS/Conv/solution1/.autopilot/db/global.setting.tcl 
Execute     source D:/code/git/HLS/HLS/Conv/solution1/.autopilot/db/Conv2D.compgen.tcl 
Execute     source D:/code/git/HLS/HLS/Conv/solution1/.autopilot/db/global.setting.tcl 
Execute     source D:/code/git/HLS/HLS/Conv/solution1/.autopilot/db/Conv2D.constraint.tcl 
Execute     source D:/code/git/HLS/HLS/Conv/solution1/.autopilot/db/Conv2D.tbgen.tcl 
INFO-FLOW: DBG:CMD:       hasPcoreIpAdapter=false #gSsdmPorts=0
INFO-FLOW: DBG:CMD:       copy ip_driver_dir 1_0 D:/code/git/HLS/HLS/Conv/solution1/.autopilot/db/driver
INFO-FLOW: DBG:CMD:       generate_ip_script #gSsdmPorts=0
Execute     source D:/code/git/HLS/HLS/Conv/solution1/.autopilot/db/Conv2D.tbgen.tcl 
Execute     source D:/code/git/HLS/HLS/Conv/solution1/.autopilot/db/global.setting.tcl 
Execute     get_config_sdx -target 
INFO-FLOW: DBG:CMD:       generate_ip_auxiliary
Execute     source D:/code/git/HLS/HLS/Conv/solution1/.autopilot/db/global.setting.tcl 
INFO-FLOW: DBG:CMD:       prepArgInfo -> loadAnalyze_DB top_module=Conv2D
Execute     source D:/code/git/HLS/HLS/Conv/solution1/.autopilot/db/Conv2D.rtl_wrap.cfg.tcl 
Execute     source D:/code/git/HLS/HLS/Conv/solution1/.autopilot/db/Conv2D.rtl_wrap.cfg.tcl 
Execute     source D:/code/git/HLS/HLS/Conv/solution1/.autopilot/db/Conv2D.rtl_wrap.cfg.tcl 
Execute     source D:/code/git/HLS/HLS/Conv/solution1/.autopilot/db/Conv2D.tbgen.tcl 
Execute     source D:/code/git/HLS/HLS/Conv/solution1/.autopilot/db/Conv2D.tbgen.tcl 
Execute     source D:/code/git/HLS/HLS/Conv/solution1/.autopilot/db/Conv2D.tbgen.tcl 
INFO-FLOW: DBG:CMD:       generate_top_info
INFO-FLOW: DBG:CMD:       prepArgInfo -> loadAnalyze_DB top_module=Conv2D
Execute     source D:/code/git/HLS/HLS/Conv/solution1/.autopilot/db/Conv2D.rtl_wrap.cfg.tcl 
Execute     source D:/code/git/HLS/HLS/Conv/solution1/.autopilot/db/Conv2D.rtl_wrap.cfg.tcl 
Execute     source D:/code/git/HLS/HLS/Conv/solution1/.autopilot/db/Conv2D.rtl_wrap.cfg.tcl 
Execute     source D:/code/git/HLS/HLS/Conv/solution1/.autopilot/db/Conv2D.tbgen.tcl 
Execute     source D:/code/git/HLS/HLS/Conv/solution1/.autopilot/db/Conv2D.tbgen.tcl 
Execute     source D:/code/git/HLS/HLS/Conv/solution1/.autopilot/db/global.setting.tcl 
Execute     source D:/code/git/HLS/HLS/Conv/solution1/.autopilot/db/Conv2D.tbgen.tcl 
Execute     source D:/code/git/HLS/HLS/Conv/solution1/.autopilot/db/global.setting.tcl 
Execute     source D:/code/git/HLS/HLS/Conv/solution1/.autopilot/db/Conv2D.constraint.tcl 
INFO-FLOW: DBG:CMD:       generate_ipi_example_script
INFO-FLOW: DBG:CMD:       generate_syn_sh
Execute     source D:/code/git/HLS/HLS/Conv/solution1/.autopilot/db/global.setting.tcl 
Execute     source D:/code/git/HLS/HLS/Conv/solution1/.autopilot/db/global.setting.tcl 
INFO-FLOW: DBG:CMD:       generate_imp_constraints
Execute     source D:/code/git/HLS/HLS/Conv/solution1/.autopilot/db/Conv2D.constraint.tcl 
Execute     source D:/code/git/HLS/HLS/Conv/solution1/.autopilot/db/Conv2D.tbgen.tcl 
Execute     source D:/code/git/HLS/HLS/Conv/solution1/.autopilot/db/Conv2D.constraint.tcl 
Execute     source D:/code/git/HLS/HLS/Conv/solution1/.autopilot/db/Conv2D.tbgen.tcl 
INFO-FLOW: DBG:CMD:       copy-tb-rtl-files
INFO-FLOW: DBG:CMD:       copy-tb-data-files
INFO-FLOW: DBG:CMD:       delete-temp-dirs (skipped for debug)
INFO-FLOW: DBG:CMD: read_platform_lib D:/code/git/HLS/HLS/Conv/solution1/.autopilot/db/global.setting.tcl
Execute     source D:/software/Xilinx/Vivado/2018.3/common/technology/generic/autopilot/common.gen 
Execute       source D:/software/Xilinx/Vivado/2018.3/common/technology/generic/autopilot/APCoreGen.gen 
Execute     source D:/software/Xilinx/Vivado/2018.3/common/technology/generic/autopilot/op.gen 
Execute     source D:/software/Xilinx/Vivado/2018.3/common/technology/generic/autopilot/op_simcore.gen 
Execute     source D:/software/Xilinx/Vivado/2018.3/common/technology/generic/autopilot/interface.gen 
Execute     source D:/code/git/HLS/HLS/Conv/solution1/.autopilot/db/global.setting.tcl 
Execute     source D:/software/Xilinx/Vivado/2018.3/common/technology/xilinx/zynq/zynq.gen 
Execute       source D:/software/Xilinx/Vivado/2018.3/common/technology/xilinx/common/virtex.gen 
Execute         source D:/software/Xilinx/Vivado/2018.3/common/technology/xilinx/common/xilinx.gen 
Execute           source D:/software/Xilinx/Vivado/2018.3/common/technology/xilinx/interface/plb46.gen 
Execute           source D:/software/Xilinx/Vivado/2018.3/common/technology/xilinx/interface/fsl.gen 
Execute           source D:/software/Xilinx/Vivado/2018.3/common/technology/xilinx/interface/axi4.gen 
Execute           source D:/software/Xilinx/Vivado/2018.3/common/technology/xilinx/interface/nativeAXI4.gen 
Execute             source D:/software/Xilinx/Vivado/2018.3/common/technology/xilinx/interface/saxilite.gen 
Execute             source D:/software/Xilinx/Vivado/2018.3/common/technology/xilinx/interface/maxi.gen 
Execute           source D:/software/Xilinx/Vivado/2018.3/common/technology/xilinx/scripts/xilinxcoregen.gen 
Execute           source D:/software/Xilinx/Vivado/2018.3/common/technology/xilinx/interface/XilEDKCoreGen.gen 
Execute           source D:/software/Xilinx/Vivado/2018.3/common/technology/xilinx/ip/dds_compiler.gen 
Execute           source D:/software/Xilinx/Vivado/2018.3/common/technology/xilinx/ip/util.gen 
Execute           source D:/software/Xilinx/Vivado/2018.3/common/technology/xilinx/ip/xfft.gen 
Execute           source D:/software/Xilinx/Vivado/2018.3/common/technology/xilinx/ip/xfir.gen 
Execute         source D:/software/Xilinx/Vivado/2018.3/common/technology/xilinx/common/dsp48.gen 
Execute     source D:/software/Xilinx/Vivado/2018.3/common/technology/xilinx/zynq/zynq_fpv6.gen 
Execute       source D:/software/Xilinx/Vivado/2018.3/common/technology/xilinx/common/xilinx_fpv6.gen 
INFO-FLOW: DBG:CMD:     exec D:/code/git/HLS/HLS/Conv/solution1/impl/ip/pack.bat
ERROR: [IMPL 213-28] Failed to generate IP.
Command   export_design done; error code: 2; 4.96 sec.
Command ap_source done; error code: 1; 5.195 sec.
Execute cleanup_all 
INFO-FLOW: Workspace D:/code/git/HLS/HLS/Conv/solution1 opened at Tue Oct 15 13:26:56 +0800 2019
Execute     config_clock -quiet -name default -period 10 -default=false 
INFO: [SYN 201-201] Setting up clock 'default' with a period of 10ns.
Execute     open_platform DefaultPlatform 
Execute     import_lib D:/software/Xilinx/Vivado/2018.3/common/technology/xilinx/zynq/zynq 
Execute       source D:/software/Xilinx/Vivado/2018.3/common/technology/xilinx/common/xilinx.lib 
Execute         source D:/software/Xilinx/Vivado/2018.3/common/technology/xilinx/interface/xilinx_interface.lib 
Execute           source D:/software/Xilinx/Vivado/2018.3/common/technology/xilinx/interface/plb46.lib 
Execute           source D:/software/Xilinx/Vivado/2018.3/common/technology/xilinx/interface/fsl.lib 
Execute           source D:/software/Xilinx/Vivado/2018.3/common/technology/xilinx/interface/axi4.lib 
Execute           source D:/software/Xilinx/Vivado/2018.3/common/technology/xilinx/interface/maxi.lib 
Execute           source D:/software/Xilinx/Vivado/2018.3/common/technology/xilinx/interface/saxilite.lib 
Execute         source D:/software/Xilinx/Vivado/2018.3/common/technology/xilinx/common/dsp48.lib 
Execute         source D:/software/Xilinx/Vivado/2018.3/common/technology/xilinx/ip/dds_compiler.lib 
Execute         source D:/software/Xilinx/Vivado/2018.3/common/technology/xilinx/ip/xfft.lib 
Execute         source D:/software/Xilinx/Vivado/2018.3/common/technology/xilinx/ip/xfir.lib 
Execute       source D:/software/Xilinx/Vivado/2018.3/common/technology/xilinx/common/xilinx_old.lib 
Execute       source D:/software/Xilinx/Vivado/2018.3/common/technology/xilinx/common/xilinx_vivado.lib 
Execute       source D:/software/Xilinx/Vivado/2018.3/common/technology/xilinx/common/xilinx.hlp 
Execute         source D:/software/Xilinx/Vivado/2018.3/common/technology/xilinx/common/target_info.tcl 
Execute         source D:/software/Xilinx/Vivado/2018.3/common/technology/xilinx/interface/xilinx_interface.hlp 
Execute           source D:/software/Xilinx/Vivado/2018.3/common/technology/xilinx/interface/maxi.hlp 
Execute           source D:/software/Xilinx/Vivado/2018.3/common/technology/xilinx/interface/saxilite.hlp 
Execute         source D:/software/Xilinx/Vivado/2018.3/common/technology/xilinx/common/dsp48.hlp 
Execute       source D:/software/Xilinx/Vivado/2018.3/common/technology/xilinx/zynq/dsp48e1.hlp 
Execute       get_default_platform 
Execute       config_chip_info -quiet -resource  {SLICE 13300}  {LUT 53200}     {FF 106400} {DSP48E 220}   {BRAM 280}  
Execute       config_chip_info -quiet -speed medium 
Execute       source D:/software/Xilinx/Vivado/2018.3/common/technology/xilinx/common/xilinx.hlp 
Execute         source D:/software/Xilinx/Vivado/2018.3/common/technology/xilinx/common/target_info.tcl 
Execute         source D:/software/Xilinx/Vivado/2018.3/common/technology/xilinx/interface/xilinx_interface.hlp 
Execute           source D:/software/Xilinx/Vivado/2018.3/common/technology/xilinx/interface/maxi.hlp 
Execute           source D:/software/Xilinx/Vivado/2018.3/common/technology/xilinx/interface/saxilite.hlp 
Execute         source D:/software/Xilinx/Vivado/2018.3/common/technology/xilinx/common/dsp48.hlp 
Execute     source D:/software/Xilinx/Vivado/2018.3/common/technology/xilinx/zynq/zynq.gen 
Execute       source D:/software/Xilinx/Vivado/2018.3/common/technology/xilinx/common/virtex.gen 
Execute         source D:/software/Xilinx/Vivado/2018.3/common/technology/xilinx/common/xilinx.gen 
Execute           source D:/software/Xilinx/Vivado/2018.3/common/technology/xilinx/interface/plb46.gen 
Execute           source D:/software/Xilinx/Vivado/2018.3/common/technology/xilinx/interface/fsl.gen 
Execute           source D:/software/Xilinx/Vivado/2018.3/common/technology/xilinx/interface/axi4.gen 
Execute           source D:/software/Xilinx/Vivado/2018.3/common/technology/xilinx/interface/nativeAXI4.gen 
Execute             source D:/software/Xilinx/Vivado/2018.3/common/technology/xilinx/interface/saxilite.gen 
Execute             source D:/software/Xilinx/Vivado/2018.3/common/technology/xilinx/interface/maxi.gen 
Execute           source D:/software/Xilinx/Vivado/2018.3/common/technology/xilinx/scripts/xilinxcoregen.gen 
Execute           source D:/software/Xilinx/Vivado/2018.3/common/technology/xilinx/interface/XilEDKCoreGen.gen 
Execute           source D:/software/Xilinx/Vivado/2018.3/common/technology/xilinx/ip/dds_compiler.gen 
Execute           source D:/software/Xilinx/Vivado/2018.3/common/technology/xilinx/ip/util.gen 
Execute           source D:/software/Xilinx/Vivado/2018.3/common/technology/xilinx/ip/xfft.gen 
Execute           source D:/software/Xilinx/Vivado/2018.3/common/technology/xilinx/ip/xfir.gen 
Execute         source D:/software/Xilinx/Vivado/2018.3/common/technology/xilinx/common/dsp48.gen 
Execute     open_platform DefaultPlatform 
Execute     import_lib D:/software/Xilinx/Vivado/2018.3/common/technology/xilinx/zynq/zynq_fpv6 
Execute       source D:/software/Xilinx/Vivado/2018.3/common/technology/xilinx/common/xilinx_fpv7.lib 
Execute         source D:/software/Xilinx/Vivado/2018.3/common/technology/xilinx/common/xilinx_hp.lib 
Execute       source D:/software/Xilinx/Vivado/2018.3/common/technology/xilinx/common/xilinx_fpv.hlp 
Execute         source D:/software/Xilinx/Vivado/2018.3/common/technology/xilinx/common/xilinx.hlp 
Execute           source D:/software/Xilinx/Vivado/2018.3/common/technology/xilinx/common/target_info.tcl 
Execute           source D:/software/Xilinx/Vivado/2018.3/common/technology/xilinx/interface/xilinx_interface.hlp 
Execute             source D:/software/Xilinx/Vivado/2018.3/common/technology/xilinx/interface/maxi.hlp 
Execute             source D:/software/Xilinx/Vivado/2018.3/common/technology/xilinx/interface/saxilite.hlp 
Execute           source D:/software/Xilinx/Vivado/2018.3/common/technology/xilinx/common/dsp48.hlp 
Execute       source D:/software/Xilinx/Vivado/2018.3/common/technology/xilinx/zynq/zynq_hp.hlp 
Execute     source D:/software/Xilinx/Vivado/2018.3/common/technology/xilinx/zynq/zynq_fpv6.gen 
Execute       source D:/software/Xilinx/Vivado/2018.3/common/technology/xilinx/common/xilinx_fpv6.gen 
Execute     set_part xc7z020clg400-2 
Execute       add_library xilinx/zynq/zynq:xc7z020:clg400:-2 
Execute         get_default_platform 
Execute         license_isbetapart xc7z020 
Command         license_isbetapart done; error code: 1; 
Execute         get_default_platform 
Execute         config_chip_info -quiet -resource  {SLICE 13300}  {LUT 53200}     {FF 106400} {DSP48E 220}   {BRAM 280}  
Execute         config_chip_info -quiet -speed medium 
Execute       add_library xilinx/zynq/zynq_fpv6 
Execute         get_default_platform 
INFO: [HLS 200-10] Setting target device to 'xc7z020clg400-2'
Execute       get_default_platform 
Execute     get_default_platform 
Execute     config_chip_info -quiet -resource  {SLICE 13300}  {LUT 53200}     {FF 106400} {DSP48E 220}   {BRAM 280}  
Execute     config_chip_info -quiet -speed medium 
Execute     config_export -format=ip_catalog 
Execute     config_export -rtl=verilog 
Command   open_solution done; 0.226 sec.
Execute   export_design -rtl verilog -format ip_catalog 
Execute     get_config_export -acc 
Execute     get_config_export -clock_margin 
Execute     get_config_export -custom_script 
Execute     get_config_export -description 
Execute     get_config_export -display_name 
Execute     get_config_export -driver_input_dir 
Execute     get_config_export -ipname 
Execute     get_config_export -kernel_drc 
Execute     get_config_export -library 
Execute     get_config_export -qor_test 
Execute     get_config_export -sdaccel 
Execute     get_config_export -sim 
Execute     get_config_export -taxonomy 
Execute     get_config_export -use_ip 
Execute     get_config_export -use_netlist 
Execute     get_config_export -vendor 
Execute     get_config_export -version 
Execute     get_config_export -xo 
Execute     config_export -format=ip_catalog -rtl=verilog 
INFO-FLOW: DBG:CMD: export_design_wrap: -format ip_catalog -rtl verilog
Execute     source D:/code/git/HLS/HLS/Conv/solution1/.autopilot/db/global.setting.tcl 
Execute     get_config_export -vivado_clock 
Execute     get_top 
Execute     get_config_sdx -target 
Execute     get_config_rtl -auto_prefix 
Execute     get_config_sdx -target 
INFO-FLOW: DBG:CMD:   auto_impl: pack: -export -tool vivado -rtl verilog -sdx-target none
Execute     source D:/code/git/HLS/HLS/Conv/solution1/.autopilot/db/global.setting.tcl 
INFO-FLOW: DBG:CMD: read_platform_lib D:/code/git/HLS/HLS/Conv/solution1/.autopilot/db/global.setting.tcl
Execute     source D:/software/Xilinx/Vivado/2018.3/common/technology/generic/autopilot/common.gen 
Execute       source D:/software/Xilinx/Vivado/2018.3/common/technology/generic/autopilot/APCoreGen.gen 
Execute     source D:/software/Xilinx/Vivado/2018.3/common/technology/generic/autopilot/op.gen 
Execute     source D:/software/Xilinx/Vivado/2018.3/common/technology/generic/autopilot/op_simcore.gen 
Execute     source D:/software/Xilinx/Vivado/2018.3/common/technology/generic/autopilot/interface.gen 
Execute     source D:/code/git/HLS/HLS/Conv/solution1/.autopilot/db/global.setting.tcl 
Execute     source D:/software/Xilinx/Vivado/2018.3/common/technology/xilinx/zynq/zynq.gen 
Execute       source D:/software/Xilinx/Vivado/2018.3/common/technology/xilinx/common/virtex.gen 
Execute         source D:/software/Xilinx/Vivado/2018.3/common/technology/xilinx/common/xilinx.gen 
Execute           source D:/software/Xilinx/Vivado/2018.3/common/technology/xilinx/interface/plb46.gen 
Execute           source D:/software/Xilinx/Vivado/2018.3/common/technology/xilinx/interface/fsl.gen 
Execute           source D:/software/Xilinx/Vivado/2018.3/common/technology/xilinx/interface/axi4.gen 
Execute           source D:/software/Xilinx/Vivado/2018.3/common/technology/xilinx/interface/nativeAXI4.gen 
Execute             source D:/software/Xilinx/Vivado/2018.3/common/technology/xilinx/interface/saxilite.gen 
Execute             source D:/software/Xilinx/Vivado/2018.3/common/technology/xilinx/interface/maxi.gen 
Execute           source D:/software/Xilinx/Vivado/2018.3/common/technology/xilinx/scripts/xilinxcoregen.gen 
Execute           source D:/software/Xilinx/Vivado/2018.3/common/technology/xilinx/interface/XilEDKCoreGen.gen 
Execute           source D:/software/Xilinx/Vivado/2018.3/common/technology/xilinx/ip/dds_compiler.gen 
Execute           source D:/software/Xilinx/Vivado/2018.3/common/technology/xilinx/ip/util.gen 
Execute           source D:/software/Xilinx/Vivado/2018.3/common/technology/xilinx/ip/xfft.gen 
Execute           source D:/software/Xilinx/Vivado/2018.3/common/technology/xilinx/ip/xfir.gen 
Execute         source D:/software/Xilinx/Vivado/2018.3/common/technology/xilinx/common/dsp48.gen 
Execute     source D:/software/Xilinx/Vivado/2018.3/common/technology/xilinx/zynq/zynq_fpv6.gen 
Execute       source D:/software/Xilinx/Vivado/2018.3/common/technology/xilinx/common/xilinx_fpv6.gen 
INFO-FLOW: DBG:CMD:   using AESL_AUTOCG::g_clock_period=10.000 (was NA)
Execute     source D:/code/git/HLS/HLS/Conv/solution1/.autopilot/db/global.setting.tcl 
INFO: [IMPL 213-8] Exporting RTL as a Vivado IP.
Execute     source D:/code/git/HLS/HLS/Conv/solution1/.autopilot/db/global.setting.tcl 
INFO-FLOW: DBG:CMD: automg_wrap -export -pcore_version 1.00.a -rtl vlog -sdx-target none -tool Vivado -impltomg_flag
INFO-FLOW: DBG:CMD:     auto_generate -export -pcore_version 1.00.a -rtl vlog -sdx-target none -tool Vivado -impltomg_flag
Execute     source D:/code/git/HLS/HLS/Conv/solution1/.autopilot/db/global.setting.tcl 
INFO-FLOW: DBG:CMD: read_platform_lib D:/code/git/HLS/HLS/Conv/solution1/.autopilot/db/global.setting.tcl
Execute     source D:/software/Xilinx/Vivado/2018.3/common/technology/generic/autopilot/common.gen 
Execute       source D:/software/Xilinx/Vivado/2018.3/common/technology/generic/autopilot/APCoreGen.gen 
Execute     source D:/software/Xilinx/Vivado/2018.3/common/technology/generic/autopilot/op.gen 
Execute     source D:/software/Xilinx/Vivado/2018.3/common/technology/generic/autopilot/op_simcore.gen 
Execute     source D:/software/Xilinx/Vivado/2018.3/common/technology/generic/autopilot/interface.gen 
Execute     source D:/code/git/HLS/HLS/Conv/solution1/.autopilot/db/global.setting.tcl 
Execute     source D:/software/Xilinx/Vivado/2018.3/common/technology/xilinx/zynq/zynq.gen 
Execute       source D:/software/Xilinx/Vivado/2018.3/common/technology/xilinx/common/virtex.gen 
Execute         source D:/software/Xilinx/Vivado/2018.3/common/technology/xilinx/common/xilinx.gen 
Execute           source D:/software/Xilinx/Vivado/2018.3/common/technology/xilinx/interface/plb46.gen 
Execute           source D:/software/Xilinx/Vivado/2018.3/common/technology/xilinx/interface/fsl.gen 
Execute           source D:/software/Xilinx/Vivado/2018.3/common/technology/xilinx/interface/axi4.gen 
Execute           source D:/software/Xilinx/Vivado/2018.3/common/technology/xilinx/interface/nativeAXI4.gen 
Execute             source D:/software/Xilinx/Vivado/2018.3/common/technology/xilinx/interface/saxilite.gen 
Execute             source D:/software/Xilinx/Vivado/2018.3/common/technology/xilinx/interface/maxi.gen 
Execute           source D:/software/Xilinx/Vivado/2018.3/common/technology/xilinx/scripts/xilinxcoregen.gen 
Execute           source D:/software/Xilinx/Vivado/2018.3/common/technology/xilinx/interface/XilEDKCoreGen.gen 
Execute           source D:/software/Xilinx/Vivado/2018.3/common/technology/xilinx/ip/dds_compiler.gen 
Execute           source D:/software/Xilinx/Vivado/2018.3/common/technology/xilinx/ip/util.gen 
Execute           source D:/software/Xilinx/Vivado/2018.3/common/technology/xilinx/ip/xfft.gen 
Execute           source D:/software/Xilinx/Vivado/2018.3/common/technology/xilinx/ip/xfir.gen 
Execute         source D:/software/Xilinx/Vivado/2018.3/common/technology/xilinx/common/dsp48.gen 
Execute     source D:/software/Xilinx/Vivado/2018.3/common/technology/xilinx/zynq/zynq_fpv6.gen 
Execute       source D:/software/Xilinx/Vivado/2018.3/common/technology/xilinx/common/xilinx_fpv6.gen 
INFO-FLOW: DBG:CMD:       initCTypeInfo top_module=Conv2D xml_exists=1
Execute     source D:/code/git/HLS/HLS/Conv/solution1/.autopilot/db/Conv2D.rtl_wrap.cfg.tcl 
Execute     source D:/code/git/HLS/HLS/Conv/solution1/.autopilot/db/Conv2D.rtl_wrap.cfg.tcl 
Execute     source D:/code/git/HLS/HLS/Conv/solution1/.autopilot/db/Conv2D.rtl_wrap.cfg.tcl 
Execute     source D:/code/git/HLS/HLS/Conv/solution1/.autopilot/db/Conv2D.tbgen.tcl 
Execute     source D:/code/git/HLS/HLS/Conv/solution1/.autopilot/db/Conv2D.tbgen.tcl 
INFO-FLOW: DBG:CMD:       export_impl_rtl
INFO-FLOW: DBG:CMD:       generate_ip_cores sim=0 export=0 expOnly=0 dstVlogDir=impl/.verilog
Execute     source D:/code/git/HLS/HLS/Conv/solution1/.autopilot/db/global.setting.tcl 
Execute     source D:/code/git/HLS/HLS/Conv/solution1/.autopilot/db/Conv2D.compgen.tcl 
INFO-FLOW: DBG:CMD:       generate_ip_cores sim=0 export=1 expOnly=1 dstVlogDir=impl/.pcores/verilog
Execute     source D:/code/git/HLS/HLS/Conv/solution1/.autopilot/db/global.setting.tcl 
Execute     source D:/code/git/HLS/HLS/Conv/solution1/.autopilot/db/Conv2D.compgen.tcl 
INFO-FLOW: DBG:CMD:       generate_ip_cores sim=0 export=0 expOnly=0 dstVlogDir=impl/.pcores/verilog_sim
Execute     source D:/code/git/HLS/HLS/Conv/solution1/.autopilot/db/global.setting.tcl 
Execute     source D:/code/git/HLS/HLS/Conv/solution1/.autopilot/db/Conv2D.compgen.tcl 
Execute     source D:/code/git/HLS/HLS/Conv/solution1/.autopilot/db/global.setting.tcl 
Execute     source D:/code/git/HLS/HLS/Conv/solution1/.autopilot/db/Conv2D.constraint.tcl 
Execute     source D:/code/git/HLS/HLS/Conv/solution1/.autopilot/db/Conv2D.tbgen.tcl 
INFO-FLOW: DBG:CMD:       hasPcoreIpAdapter=false #gSsdmPorts=0
INFO-FLOW: DBG:CMD:       copy ip_driver_dir 1_0 D:/code/git/HLS/HLS/Conv/solution1/.autopilot/db/driver
INFO-FLOW: DBG:CMD:       generate_ip_script #gSsdmPorts=0
Execute     source D:/code/git/HLS/HLS/Conv/solution1/.autopilot/db/Conv2D.tbgen.tcl 
Execute     source D:/code/git/HLS/HLS/Conv/solution1/.autopilot/db/global.setting.tcl 
Execute     get_config_sdx -target 
INFO-FLOW: DBG:CMD:       generate_ip_auxiliary
Execute     source D:/code/git/HLS/HLS/Conv/solution1/.autopilot/db/global.setting.tcl 
INFO-FLOW: DBG:CMD:       prepArgInfo -> loadAnalyze_DB top_module=Conv2D
Execute     source D:/code/git/HLS/HLS/Conv/solution1/.autopilot/db/Conv2D.rtl_wrap.cfg.tcl 
Execute     source D:/code/git/HLS/HLS/Conv/solution1/.autopilot/db/Conv2D.rtl_wrap.cfg.tcl 
Execute     source D:/code/git/HLS/HLS/Conv/solution1/.autopilot/db/Conv2D.rtl_wrap.cfg.tcl 
Execute     source D:/code/git/HLS/HLS/Conv/solution1/.autopilot/db/Conv2D.tbgen.tcl 
Execute     source D:/code/git/HLS/HLS/Conv/solution1/.autopilot/db/Conv2D.tbgen.tcl 
Execute     source D:/code/git/HLS/HLS/Conv/solution1/.autopilot/db/Conv2D.tbgen.tcl 
INFO-FLOW: DBG:CMD:       generate_top_info
INFO-FLOW: DBG:CMD:       prepArgInfo -> loadAnalyze_DB top_module=Conv2D
Execute     source D:/code/git/HLS/HLS/Conv/solution1/.autopilot/db/Conv2D.rtl_wrap.cfg.tcl 
Execute     source D:/code/git/HLS/HLS/Conv/solution1/.autopilot/db/Conv2D.rtl_wrap.cfg.tcl 
Execute     source D:/code/git/HLS/HLS/Conv/solution1/.autopilot/db/Conv2D.rtl_wrap.cfg.tcl 
Execute     source D:/code/git/HLS/HLS/Conv/solution1/.autopilot/db/Conv2D.tbgen.tcl 
Execute     source D:/code/git/HLS/HLS/Conv/solution1/.autopilot/db/Conv2D.tbgen.tcl 
Execute     source D:/code/git/HLS/HLS/Conv/solution1/.autopilot/db/global.setting.tcl 
Execute     source D:/code/git/HLS/HLS/Conv/solution1/.autopilot/db/Conv2D.tbgen.tcl 
Execute     source D:/code/git/HLS/HLS/Conv/solution1/.autopilot/db/global.setting.tcl 
Execute     source D:/code/git/HLS/HLS/Conv/solution1/.autopilot/db/Conv2D.constraint.tcl 
INFO-FLOW: DBG:CMD:       generate_ipi_example_script
INFO-FLOW: DBG:CMD:       generate_syn_sh
Execute     source D:/code/git/HLS/HLS/Conv/solution1/.autopilot/db/global.setting.tcl 
Execute     source D:/code/git/HLS/HLS/Conv/solution1/.autopilot/db/global.setting.tcl 
INFO-FLOW: DBG:CMD:       generate_imp_constraints
Execute     source D:/code/git/HLS/HLS/Conv/solution1/.autopilot/db/Conv2D.constraint.tcl 
Execute     source D:/code/git/HLS/HLS/Conv/solution1/.autopilot/db/Conv2D.tbgen.tcl 
Execute     source D:/code/git/HLS/HLS/Conv/solution1/.autopilot/db/Conv2D.constraint.tcl 
Execute     source D:/code/git/HLS/HLS/Conv/solution1/.autopilot/db/Conv2D.tbgen.tcl 
INFO-FLOW: DBG:CMD:       copy-tb-rtl-files
INFO-FLOW: DBG:CMD:       copy-tb-data-files
INFO-FLOW: DBG:CMD:       delete-temp-dirs (skipped for debug)
INFO-FLOW: DBG:CMD: read_platform_lib D:/code/git/HLS/HLS/Conv/solution1/.autopilot/db/global.setting.tcl
Execute     source D:/software/Xilinx/Vivado/2018.3/common/technology/generic/autopilot/common.gen 
Execute       source D:/software/Xilinx/Vivado/2018.3/common/technology/generic/autopilot/APCoreGen.gen 
Execute     source D:/software/Xilinx/Vivado/2018.3/common/technology/generic/autopilot/op.gen 
Execute     source D:/software/Xilinx/Vivado/2018.3/common/technology/generic/autopilot/op_simcore.gen 
Execute     source D:/software/Xilinx/Vivado/2018.3/common/technology/generic/autopilot/interface.gen 
Execute     source D:/code/git/HLS/HLS/Conv/solution1/.autopilot/db/global.setting.tcl 
Execute     source D:/software/Xilinx/Vivado/2018.3/common/technology/xilinx/zynq/zynq.gen 
Execute       source D:/software/Xilinx/Vivado/2018.3/common/technology/xilinx/common/virtex.gen 
Execute         source D:/software/Xilinx/Vivado/2018.3/common/technology/xilinx/common/xilinx.gen 
Execute           source D:/software/Xilinx/Vivado/2018.3/common/technology/xilinx/interface/plb46.gen 
Execute           source D:/software/Xilinx/Vivado/2018.3/common/technology/xilinx/interface/fsl.gen 
Execute           source D:/software/Xilinx/Vivado/2018.3/common/technology/xilinx/interface/axi4.gen 
Execute           source D:/software/Xilinx/Vivado/2018.3/common/technology/xilinx/interface/nativeAXI4.gen 
Execute             source D:/software/Xilinx/Vivado/2018.3/common/technology/xilinx/interface/saxilite.gen 
Execute             source D:/software/Xilinx/Vivado/2018.3/common/technology/xilinx/interface/maxi.gen 
Execute           source D:/software/Xilinx/Vivado/2018.3/common/technology/xilinx/scripts/xilinxcoregen.gen 
Execute           source D:/software/Xilinx/Vivado/2018.3/common/technology/xilinx/interface/XilEDKCoreGen.gen 
Execute           source D:/software/Xilinx/Vivado/2018.3/common/technology/xilinx/ip/dds_compiler.gen 
Execute           source D:/software/Xilinx/Vivado/2018.3/common/technology/xilinx/ip/util.gen 
Execute           source D:/software/Xilinx/Vivado/2018.3/common/technology/xilinx/ip/xfft.gen 
Execute           source D:/software/Xilinx/Vivado/2018.3/common/technology/xilinx/ip/xfir.gen 
Execute         source D:/software/Xilinx/Vivado/2018.3/common/technology/xilinx/common/dsp48.gen 
Execute     source D:/software/Xilinx/Vivado/2018.3/common/technology/xilinx/zynq/zynq_fpv6.gen 
Execute       source D:/software/Xilinx/Vivado/2018.3/common/technology/xilinx/common/xilinx_fpv6.gen 
INFO-FLOW: DBG:CMD:     exec D:/code/git/HLS/HLS/Conv/solution1/impl/ip/pack.bat
Command   export_design done; 7.075 sec.
Command ap_source done; 7.305 sec.
Execute cleanup_all 
