INFO: [HLS 200-10] Running 'D:/software/Xilinx/Vivado/2018.3/bin/unwrapped/win64.o/vivado_hls.exe'
INFO: [HLS 200-10] For user '11925' on host 'wushen' (Windows NT_amd64 version 6.2) on Tue Oct 15 14:43:55 +0800 2024
INFO: [HLS 200-10] In directory 'D:/code/git/HLS/HLS'
INFO: [HLS 200-10] Opening project 'D:/code/git/HLS/HLS/Gelu'.
INFO: [HLS 200-10] Adding design file '../src/Gelu/GELU.h' to the project
INFO: [HLS 200-10] Adding design file '../src/Gelu/GELU.cpp' to the project
INFO: [HLS 200-10] Opening solution 'D:/code/git/HLS/HLS/Gelu/solution1'.
INFO: [SYN 201-201] Setting up clock 'default' with a period of 10ns.
INFO: [HLS 200-10] Setting target device to 'xc7z020clg400-2'
INFO: [SCHED 204-61] Option 'relax_ii_for_timing' is enabled, will increase II to preserve clock frequency constraints.
INFO: [HLS 200-10] Analyzing design file '../src/Gelu/GELU.cpp' ... 
INFO: [HLS 200-111] Finished Linking Time (s): cpu = 00:00:00 ; elapsed = 00:00:10 . Memory (MB): peak = 103.254 ; gain = 17.918
INFO: [HLS 200-111] Finished Checking Pragmas Time (s): cpu = 00:00:00 ; elapsed = 00:00:10 . Memory (MB): peak = 103.254 ; gain = 17.918
INFO: [HLS 200-10] Starting code transformations ...
INFO: [HLS 200-111] Finished Standard Transforms Time (s): cpu = 00:00:00 ; elapsed = 00:00:12 . Memory (MB): peak = 242.207 ; gain = 156.871
INFO: [HLS 200-10] Checking synthesizability ...
INFO: [XFORM 203-602] Inlining function 'fp_struct<float>::data' into 'fp_struct<float>::to_float' (r:/builds/2018.3/continuous/2018_12_06_2405991/src/products/hls/hls_lib/src/hls\utils/x_hls_utils.h:348) automatically.
INFO: [XFORM 203-602] Inlining function 'fp_struct<float>::to_float' into 'fp_struct<float>::to_ieee' (r:/builds/2018.3/continuous/2018_12_06_2405991/src/products/hls/hls_lib/src/hls\utils/x_hls_utils.h:369) automatically.
INFO: [XFORM 203-602] Inlining function 'fp_struct<float>::to_ieee' into 'generic_copysign<float>' (r:/builds/2018.3/continuous/2018_12_06_2405991/src/products/hls/hls_lib/hlsmath/include/FloatingPoint/hls_copysign.h:13) automatically.
INFO: [XFORM 203-602] Inlining function 'generic_copysign<float>' into 'generic_fabs<float>' (r:/builds/2018.3/continuous/2018_12_06_2405991/src/products/hls/hls_lib/hlsmath/include/FloatingPoint/hls_fabs.h:12) automatically.
INFO: [XFORM 203-602] Inlining function 'fp_struct<float>::to_ieee' into 'generic_nan<float>' (r:/builds/2018.3/continuous/2018_12_06_2405991/src/products/hls/hls_lib/hlsmath/include/FloatingPoint/hls_nan.h:14) automatically.
INFO: [XFORM 203-602] Inlining function 'fp_struct<double>::data' into 'fp_struct<double>::to_double' (r:/builds/2018.3/continuous/2018_12_06_2405991/src/products/hls/hls_lib/src/hls\utils/x_hls_utils.h:512) automatically.
INFO: [XFORM 203-602] Inlining function 'fp_struct<double>::to_double' into 'fp_struct<double>::to_ieee' (r:/builds/2018.3/continuous/2018_12_06_2405991/src/products/hls/hls_lib/src/hls\utils/x_hls_utils.h:526) automatically.
INFO: [XFORM 203-602] Inlining function 'generic_isnan<double>' into 'exp_reduce_::exp_generic<double>' (r:/builds/2018.3/continuous/2018_12_06_2405991/src/products/hls/hls_lib/hlsmath/include/FloatingPoint\hls_exp_.h:208) automatically.
INFO: [XFORM 203-602] Inlining function 'generic_isinf<double>' into 'exp_reduce_::exp_generic<double>' (r:/builds/2018.3/continuous/2018_12_06_2405991/src/products/hls/hls_lib/hlsmath/include/FloatingPoint\hls_exp_.h:209) automatically.
INFO: [XFORM 203-602] Inlining function 'fp_struct<double>::to_ieee' into 'exp_reduce_::exp_generic<double>' (r:/builds/2018.3/continuous/2018_12_06_2405991/src/products/hls/hls_lib/hlsmath/include/FloatingPoint\hls_exp_.h:218) automatically.
INFO: [XFORM 203-602] Inlining function 'fp_struct<double>::expv' into 'exp_reduce_::exp_generic<double>' (r:/builds/2018.3/continuous/2018_12_06_2405991/src/products/hls/hls_lib/hlsmath/include/FloatingPoint\hls_exp_.h:236) automatically.
INFO: [XFORM 203-602] Inlining function 'exp_reduce_::exp_traits<double>::exp_Z1P_m_1' into 'exp_reduce_::exp_generic<double>' (r:/builds/2018.3/continuous/2018_12_06_2405991/src/products/hls/hls_lib/hlsmath/include/FloatingPoint\hls_exp_.h:321) automatically.
INFO: [XFORM 203-602] Inlining function 'generic_fabs<float>' into 'explog_based::generic_tanh<float>' (r:/builds/2018.3/continuous/2018_12_06_2405991/src/products/hls/hls_lib/hlsmath/include/FloatingPoint\hls_tanh.h:61) automatically.
INFO: [XFORM 203-602] Inlining function 'generic_nan<float>' into 'explog_based::generic_tanh<float>' (r:/builds/2018.3/continuous/2018_12_06_2405991/src/products/hls/hls_lib/hlsmath/include/FloatingPoint\hls_tanh.h:67) automatically.
INFO: [XFORM 203-602] Inlining function 'exp_reduce_::expm1' into 'explog_based::generic_tanh<float>' (r:/builds/2018.3/continuous/2018_12_06_2405991/src/products/hls/hls_lib/hlsmath/include/FloatingPoint\hls_tanh.h:89) automatically.
INFO: [XFORM 203-602] Inlining function 'tanhf' into 'std::tanh' (D:/software/Xilinx/Vivado/2018.3/win64/tools/clang/bin\..\lib\clang\3.1/../../../include/c++/4.5.2\cmath:466) automatically.
INFO: [XFORM 203-602] Inlining function 'std::tanh' into 'GELU' (../src/Gelu/GELU.cpp:16) automatically.
INFO: [HLS 200-111] Finished Checking Synthesizability Time (s): cpu = 00:00:00 ; elapsed = 00:00:13 . Memory (MB): peak = 293.609 ; gain = 208.273
INFO: [XFORM 203-602] Inlining function 'fp_struct<float>::data' into 'fp_struct<float>::to_float' (r:/builds/2018.3/continuous/2018_12_06_2405991/src/products/hls/hls_lib/src/hls\utils/x_hls_utils.h:348) automatically.
INFO: [XFORM 203-602] Inlining function 'fp_struct<float>::to_float' into 'fp_struct<float>::to_ieee' (r:/builds/2018.3/continuous/2018_12_06_2405991/src/products/hls/hls_lib/src/hls\utils/x_hls_utils.h:369) automatically.
INFO: [XFORM 203-602] Inlining function 'fp_struct<float>::to_ieee' into 'generic_copysign<float>' (r:/builds/2018.3/continuous/2018_12_06_2405991/src/products/hls/hls_lib/hlsmath/include/FloatingPoint/hls_copysign.h:13) automatically.
INFO: [XFORM 203-602] Inlining function 'generic_copysign<float>' into 'generic_fabs<float>' (r:/builds/2018.3/continuous/2018_12_06_2405991/src/products/hls/hls_lib/hlsmath/include/FloatingPoint/hls_fabs.h:12) automatically.
INFO: [XFORM 203-602] Inlining function 'fp_struct<float>::to_ieee' into 'generic_nan<float>' (r:/builds/2018.3/continuous/2018_12_06_2405991/src/products/hls/hls_lib/hlsmath/include/FloatingPoint/hls_nan.h:14) automatically.
INFO: [XFORM 203-602] Inlining function 'fp_struct<double>::data' into 'fp_struct<double>::to_double' (r:/builds/2018.3/continuous/2018_12_06_2405991/src/products/hls/hls_lib/src/hls\utils/x_hls_utils.h:512) automatically.
INFO: [XFORM 203-602] Inlining function 'fp_struct<double>::to_double' into 'fp_struct<double>::to_ieee' (r:/builds/2018.3/continuous/2018_12_06_2405991/src/products/hls/hls_lib/src/hls\utils/x_hls_utils.h:526) automatically.
INFO: [XFORM 203-602] Inlining function 'generic_isnan<double>' into 'exp_reduce_::exp_generic<double>' (r:/builds/2018.3/continuous/2018_12_06_2405991/src/products/hls/hls_lib/hlsmath/include/FloatingPoint\hls_exp_.h:208) automatically.
INFO: [XFORM 203-602] Inlining function 'generic_isinf<double>' into 'exp_reduce_::exp_generic<double>' (r:/builds/2018.3/continuous/2018_12_06_2405991/src/products/hls/hls_lib/hlsmath/include/FloatingPoint\hls_exp_.h:209) automatically.
INFO: [XFORM 203-602] Inlining function 'fp_struct<double>::to_ieee' into 'exp_reduce_::exp_generic<double>' (r:/builds/2018.3/continuous/2018_12_06_2405991/src/products/hls/hls_lib/hlsmath/include/FloatingPoint\hls_exp_.h:218) automatically.
INFO: [XFORM 203-602] Inlining function 'fp_struct<double>::expv' into 'exp_reduce_::exp_generic<double>' (r:/builds/2018.3/continuous/2018_12_06_2405991/src/products/hls/hls_lib/hlsmath/include/FloatingPoint\hls_exp_.h:236) automatically.
INFO: [XFORM 203-602] Inlining function 'exp_reduce_::exp_traits<double>::exp_Z1P_m_1' into 'exp_reduce_::exp_generic<double>' (r:/builds/2018.3/continuous/2018_12_06_2405991/src/products/hls/hls_lib/hlsmath/include/FloatingPoint\hls_exp_.h:321) automatically.
INFO: [XFORM 203-602] Inlining function 'generic_fabs<float>' into 'explog_based::generic_tanh<float>' (r:/builds/2018.3/continuous/2018_12_06_2405991/src/products/hls/hls_lib/hlsmath/include/FloatingPoint\hls_tanh.h:61) automatically.
INFO: [XFORM 203-602] Inlining function 'generic_nan<float>' into 'explog_based::generic_tanh<float>' (r:/builds/2018.3/continuous/2018_12_06_2405991/src/products/hls/hls_lib/hlsmath/include/FloatingPoint\hls_tanh.h:67) automatically.
INFO: [XFORM 203-602] Inlining function 'exp_reduce_::expm1' into 'explog_based::generic_tanh<float>' (r:/builds/2018.3/continuous/2018_12_06_2405991/src/products/hls/hls_lib/hlsmath/include/FloatingPoint\hls_tanh.h:89) automatically.
INFO: [XFORM 203-602] Inlining function 'tanhf' into 'std::tanh' (D:/software/Xilinx/Vivado/2018.3/win64/tools/clang/bin\..\lib\clang\3.1/../../../include/c++/4.5.2\cmath:466) automatically.
INFO: [XFORM 203-602] Inlining function 'std::tanh' into 'GELU' (../src/Gelu/GELU.cpp:16) automatically.
INFO: [XFORM 203-401] Performing if-conversion on hyperblock from (r:/builds/2018.3/continuous/2018_12_06_2405991/src/products/hls/hls_lib/hlsmath/include/FloatingPoint\hls_tanh.h:107:8) to (r:/builds/2018.3/continuous/2018_12_06_2405991/src/products/hls/hls_lib/hlsmath/include/FloatingPoint\hls_tanh.h:113:3) in function 'explog_based::generic_tanh<float>'... converting 3 basic blocks.
INFO: [XFORM 203-401] Performing if-conversion on hyperblock from (r:/builds/2018.3/continuous/2018_12_06_2405991/src/products/hls/hls_lib/hlsmath/include/FloatingPoint\hls_tanh.h:82:10) to (r:/builds/2018.3/continuous/2018_12_06_2405991/src/products/hls/hls_lib/hlsmath/src/common/hls_exp_float.cpp:8:10) in function 'explog_based::generic_tanh<float>'... converting 4 basic blocks.
INFO: [XFORM 203-401] Performing if-conversion on hyperblock from (r:/builds/2018.3/continuous/2018_12_06_2405991/src/products/hls/hls_lib/hlsmath/include/FloatingPoint\hls_exp_.h:184:19) to (r:/builds/2018.3/continuous/2018_12_06_2405991/src/products/hls/hls_lib/hlsmath/include/FloatingPoint\hls_exp_.h:367:3) in function 'exp_reduce_::exp_generic<double>'... converting 20 basic blocks.
INFO: [HLS 200-111] Finished Pre-synthesis Time (s): cpu = 00:00:01 ; elapsed = 00:00:14 . Memory (MB): peak = 383.023 ; gain = 297.688
WARNING: [XFORM 203-631] Renaming function 'explog_based::generic_tanh<float>' to 'generic_tanh<float>' (r:/builds/2018.3/continuous/2018_12_06_2405991/src/products/hls/hls_lib/hlsmath/include/FloatingPoint\hls_tanh.h:56)
WARNING: [XFORM 203-631] Renaming function 'exp_reduce_::exp_generic<double>' to 'exp_generic<double>' (r:/builds/2018.3/continuous/2018_12_06_2405991/src/products/hls/hls_lib/hlsmath/include/FloatingPoint\hls_exp_.h:184)
ERROR: [XFORM 203-801] Cannot specify interface mode m_axi on a scalar argument 'x' (../src/Gelu/GELU.cpp:3) for function 'GELU' (../src/Gelu/GELU.cpp:3).
ERROR: [XFORM 203-801] Cannot specify interface mode 'm_axi' on a non-pointer argument 'x' (../src/Gelu/GELU.cpp:3) for function 'GELU' (../src/Gelu/GELU.cpp:3). Please use a pointer (or reference) instead.
ERROR: [HLS 200-70] Failed building synthesis data model.
command 'ap_source' returned error code
    while executing
"source D:/code/git/HLS/HLS/Gelu/solution1/csynth.tcl"
    invoked from within
"hls::main D:/code/git/HLS/HLS/Gelu/solution1/csynth.tcl"
    ("uplevel" body line 1)
    invoked from within
"uplevel 1 hls::main {*}$args"
    (procedure "hls_proc" line 5)
    invoked from within
"hls_proc $argv"
