

================================================================
== Vivado HLS Report for 'generic_tanh_float_s'
================================================================
* Date:           Tue Oct 15 00:04:12 2024

* Version:        2018.3 (Build 2405991 on Thu Dec 06 23:56:15 MST 2018)
* Project:        HLS
* Solution:       solution1
* Product family: zynq
* Target device:  xc7z020clg400-2


================================================================
== Performance Estimates
================================================================
+ Timing (ns): 
    * Summary: 
    +--------+-------+----------+------------+
    |  Clock | Target| Estimated| Uncertainty|
    +--------+-------+----------+------------+
    |ap_clk  |  10.00|     8.662|        1.25|
    +--------+-------+----------+------------+

+ Latency (clock cycles): 
    * Summary: 
    +-----+-----+-----+-----+---------+
    |  Latency  |  Interval | Pipeline|
    | min | max | min | max |   Type  |
    +-----+-----+-----+-----+---------+
    |    1|   45|    1|   45|   none  |
    +-----+-----+-----+-----+---------+

    + Detail: 
        * Instance: 
        N/A

        * Loop: 
        N/A

============================================================
+ Verbose Summary: Synthesis Manager
============================================================
InlineROM: 1
ExposeGlobal: 0
============================================================
+ Verbose Summary: CDFG Model
============================================================
IsTopModel: 0
ResetActiveHigh: 1
IsCombinational: 0
IsDatapathOnly: 0
HasWiredReturn: 1
HasMFsm: 0
HasVarLatency: 1
IsPipeline: 0
IsRtlPipelined: 0
IsInstanceOverlapped: 0
IsDontTouch: 0
HasImplIP: 0
IsGatedGlobalClock: 0


============================================================
+ Verbose Summary: Schedule
============================================================
* Number of FSM states : 68
* Pipeline : 0
* Dataflow Pipeline: 0

* FSM state transitions: 
1 --> 
	62  / (!tmp & or_cond) | (!tmp & tmp_7)
	2  / (!tmp & !tmp_7 & !or_cond & tmp_1)
	46  / (!tmp_7 & !or_cond & !tmp_1) | (tmp)
2 --> 
	3  / true
3 --> 
	4  / true
4 --> 
	5  / true
5 --> 
	6  / true
6 --> 
	26  / (tmp_i_30) | (tmp_i)
	7  / (!tmp_i & !tmp_i_30)
7 --> 
	8  / true
8 --> 
	9  / true
9 --> 
	10  / true
10 --> 
	11  / true
11 --> 
	12  / true
12 --> 
	13  / true
13 --> 
	14  / true
14 --> 
	15  / true
15 --> 
	16  / true
16 --> 
	17  / true
17 --> 
	18  / true
18 --> 
	19  / true
19 --> 
	20  / true
20 --> 
	21  / true
21 --> 
	22  / true
22 --> 
	23  / true
23 --> 
	24  / true
24 --> 
	25  / true
25 --> 
	26  / true
26 --> 
	27  / (!tmp_3)
	47  / (tmp_3)
27 --> 
	28  / true
28 --> 
	29  / true
29 --> 
	30  / true
30 --> 
	31  / true
31 --> 
	32  / true
32 --> 
	33  / true
33 --> 
	34  / true
34 --> 
	35  / true
35 --> 
	36  / true
36 --> 
	37  / true
37 --> 
	38  / true
38 --> 
	39  / true
39 --> 
	40  / true
40 --> 
	41  / true
41 --> 
	42  / true
42 --> 
	43  / true
43 --> 
	44  / true
44 --> 
	45  / true
45 --> 
	46  / true
46 --> 
47 --> 
	48  / true
48 --> 
	49  / true
49 --> 
	50  / true
50 --> 
	51  / true
51 --> 
	52  / true
52 --> 
	53  / true
53 --> 
	54  / true
54 --> 
	55  / true
55 --> 
	56  / true
56 --> 
	57  / true
57 --> 
	58  / true
58 --> 
	59  / true
59 --> 
	60  / true
60 --> 
	61  / true
61 --> 
	46  / true
62 --> 
	63  / true
63 --> 
	64  / true
64 --> 
	65  / true
65 --> 
	66  / true
66 --> 
	67  / true
67 --> 
	68  / true
68 --> 
	46  / true

* FSM state operations: 

State 1 <SV = 0> <Delay = 8.58>
ST_1 : Operation 69 [1/1] (0.00ns)   --->   "%t_in_read = call float @_ssdm_op_Read.ap_auto.float(float %t_in) nounwind" [r:/builds/2018.3/continuous/2018_12_06_2405991/src/products/hls/hls_lib/hlsmath/include/FloatingPoint\hls_tanh.h:56]   --->   Operation 69 'read' 't_in_read' <Predicate = true> <Delay = 0.00>
ST_1 : Operation 70 [1/1] (0.00ns)   --->   "%p_Val2_s = bitcast float %t_in_read to i32" [r:/builds/2018.3/continuous/2018_12_06_2405991/src/products/hls/hls_lib/src/hls\utils/x_hls_utils.h:310->r:/builds/2018.3/continuous/2018_12_06_2405991/src/products/hls/hls_lib/src/hls\utils/x_hls_utils.h:319->r:/builds/2018.3/continuous/2018_12_06_2405991/src/products/hls/hls_lib/hlsmath/include/FloatingPoint\hls_tanh.h:60]   --->   Operation 70 'bitcast' 'p_Val2_s' <Predicate = true> <Delay = 0.00>
ST_1 : Operation 71 [1/1] (0.00ns)   --->   "%p_Result_s = call i1 @_ssdm_op_BitSelect.i1.i32.i32(i32 %p_Val2_s, i32 31)" [r:/builds/2018.3/continuous/2018_12_06_2405991/src/products/hls/hls_lib/src/hls\utils/x_hls_utils.h:310->r:/builds/2018.3/continuous/2018_12_06_2405991/src/products/hls/hls_lib/src/hls\utils/x_hls_utils.h:319->r:/builds/2018.3/continuous/2018_12_06_2405991/src/products/hls/hls_lib/hlsmath/include/FloatingPoint\hls_tanh.h:60]   --->   Operation 71 'bitselect' 'p_Result_s' <Predicate = true> <Delay = 0.00>
ST_1 : Operation 72 [1/1] (0.00ns)   --->   "%tmp_V = call i8 @_ssdm_op_PartSelect.i8.i32.i32.i32(i32 %p_Val2_s, i32 23, i32 30)" [r:/builds/2018.3/continuous/2018_12_06_2405991/src/products/hls/hls_lib/src/hls\utils/x_hls_utils.h:317->r:/builds/2018.3/continuous/2018_12_06_2405991/src/products/hls/hls_lib/src/hls\utils/x_hls_utils.h:319->r:/builds/2018.3/continuous/2018_12_06_2405991/src/products/hls/hls_lib/hlsmath/include/FloatingPoint\hls_tanh.h:60]   --->   Operation 72 'partselect' 'tmp_V' <Predicate = true> <Delay = 0.00>
ST_1 : Operation 73 [1/1] (0.00ns)   --->   "%tmp_V_1 = trunc i32 %p_Val2_s to i23" [r:/builds/2018.3/continuous/2018_12_06_2405991/src/products/hls/hls_lib/src/hls\utils/x_hls_utils.h:318->r:/builds/2018.3/continuous/2018_12_06_2405991/src/products/hls/hls_lib/src/hls\utils/x_hls_utils.h:319->r:/builds/2018.3/continuous/2018_12_06_2405991/src/products/hls/hls_lib/hlsmath/include/FloatingPoint\hls_tanh.h:60]   --->   Operation 73 'trunc' 'tmp_V_1' <Predicate = true> <Delay = 0.00>
ST_1 : Operation 74 [1/1] (0.00ns)   --->   "%tmp_15 = trunc i32 %p_Val2_s to i31" [r:/builds/2018.3/continuous/2018_12_06_2405991/src/products/hls/hls_lib/src/hls\utils/x_hls_utils.h:335->r:/builds/2018.3/continuous/2018_12_06_2405991/src/products/hls/hls_lib/src/hls\utils/x_hls_utils.h:348->r:/builds/2018.3/continuous/2018_12_06_2405991/src/products/hls/hls_lib/src/hls\utils/x_hls_utils.h:369->r:/builds/2018.3/continuous/2018_12_06_2405991/src/products/hls/hls_lib/hlsmath/include/FloatingPoint/hls_copysign.h:13->r:/builds/2018.3/continuous/2018_12_06_2405991/src/products/hls/hls_lib/hlsmath/include/FloatingPoint/hls_fabs.h:12->r:/builds/2018.3/continuous/2018_12_06_2405991/src/products/hls/hls_lib/hlsmath/include/FloatingPoint\hls_tanh.h:61]   --->   Operation 74 'trunc' 'tmp_15' <Predicate = true> <Delay = 0.00>
ST_1 : Operation 75 [1/1] (0.00ns)   --->   "%p_Result_9 = call i32 @_ssdm_op_BitConcatenate.i32.i1.i31(i1 false, i31 %tmp_15)" [r:/builds/2018.3/continuous/2018_12_06_2405991/src/products/hls/hls_lib/src/hls\utils/x_hls_utils.h:335->r:/builds/2018.3/continuous/2018_12_06_2405991/src/products/hls/hls_lib/src/hls\utils/x_hls_utils.h:348->r:/builds/2018.3/continuous/2018_12_06_2405991/src/products/hls/hls_lib/src/hls\utils/x_hls_utils.h:369->r:/builds/2018.3/continuous/2018_12_06_2405991/src/products/hls/hls_lib/hlsmath/include/FloatingPoint/hls_copysign.h:13->r:/builds/2018.3/continuous/2018_12_06_2405991/src/products/hls/hls_lib/hlsmath/include/FloatingPoint/hls_fabs.h:12->r:/builds/2018.3/continuous/2018_12_06_2405991/src/products/hls/hls_lib/hlsmath/include/FloatingPoint\hls_tanh.h:61]   --->   Operation 75 'bitconcatenate' 'p_Result_9' <Predicate = true> <Delay = 0.00>
ST_1 : Operation 76 [1/1] (0.00ns)   --->   "%abst_in = bitcast i32 %p_Result_9 to float" [r:/builds/2018.3/continuous/2018_12_06_2405991/src/products/hls/hls_lib/src/hls\utils/x_hls_utils.h:348->r:/builds/2018.3/continuous/2018_12_06_2405991/src/products/hls/hls_lib/src/hls\utils/x_hls_utils.h:369->r:/builds/2018.3/continuous/2018_12_06_2405991/src/products/hls/hls_lib/hlsmath/include/FloatingPoint/hls_copysign.h:13->r:/builds/2018.3/continuous/2018_12_06_2405991/src/products/hls/hls_lib/hlsmath/include/FloatingPoint/hls_fabs.h:12->r:/builds/2018.3/continuous/2018_12_06_2405991/src/products/hls/hls_lib/hlsmath/include/FloatingPoint\hls_tanh.h:61]   --->   Operation 76 'bitcast' 'abst_in' <Predicate = true> <Delay = 0.00>
ST_1 : Operation 77 [1/1] (1.31ns)   --->   "%tmp = icmp eq i8 %tmp_V, -1" [r:/builds/2018.3/continuous/2018_12_06_2405991/src/products/hls/hls_lib/hlsmath/include/FloatingPoint\hls_tanh.h:64]   --->   Operation 77 'icmp' 'tmp' <Predicate = true> <Delay = 1.31> <Core = "Cmp">   --->   Core 25 'Cmp' <Latency = 0> <II = 1> <Delay = 2.02> <FuncUnit> <Opcode : 'icmp'> <InPorts = 2> <OutPorts = 1>
ST_1 : Operation 78 [1/1] (0.00ns)   --->   "br i1 %tmp, label %1, label %2" [r:/builds/2018.3/continuous/2018_12_06_2405991/src/products/hls/hls_lib/hlsmath/include/FloatingPoint\hls_tanh.h:64]   --->   Operation 78 'br' <Predicate = true> <Delay = 0.00>
ST_1 : Operation 79 [1/1] (1.31ns)   --->   "%tmp_7 = icmp ult i8 %tmp_V, 72" [r:/builds/2018.3/continuous/2018_12_06_2405991/src/products/hls/hls_lib/hlsmath/include/FloatingPoint\hls_tanh.h:73]   --->   Operation 79 'icmp' 'tmp_7' <Predicate = (!tmp)> <Delay = 1.31> <Core = "Cmp">   --->   Core 25 'Cmp' <Latency = 0> <II = 1> <Delay = 2.02> <FuncUnit> <Opcode : 'icmp'> <InPorts = 2> <OutPorts = 1>
ST_1 : Operation 80 [1/1] (0.00ns)   --->   "br i1 %tmp_7, label %._crit_edge56, label %3" [r:/builds/2018.3/continuous/2018_12_06_2405991/src/products/hls/hls_lib/hlsmath/include/FloatingPoint\hls_tanh.h:73]   --->   Operation 80 'br' <Predicate = (!tmp)> <Delay = 0.00>
ST_1 : Operation 81 [1/1] (1.31ns)   --->   "%tmp_9 = icmp eq i8 %tmp_V, 72" [r:/builds/2018.3/continuous/2018_12_06_2405991/src/products/hls/hls_lib/hlsmath/include/FloatingPoint\hls_tanh.h:74]   --->   Operation 81 'icmp' 'tmp_9' <Predicate = (!tmp & !tmp_7)> <Delay = 1.31> <Core = "Cmp">   --->   Core 25 'Cmp' <Latency = 0> <II = 1> <Delay = 2.02> <FuncUnit> <Opcode : 'icmp'> <InPorts = 2> <OutPorts = 1>
ST_1 : Operation 82 [1/1] (2.02ns)   --->   "%tmp_s = icmp eq i23 %tmp_V_1, 0" [r:/builds/2018.3/continuous/2018_12_06_2405991/src/products/hls/hls_lib/hlsmath/include/FloatingPoint\hls_tanh.h:74]   --->   Operation 82 'icmp' 'tmp_s' <Predicate = (!tmp & !tmp_7)> <Delay = 2.02> <Core = "Cmp">   --->   Core 25 'Cmp' <Latency = 0> <II = 1> <Delay = 2.02> <FuncUnit> <Opcode : 'icmp'> <InPorts = 2> <OutPorts = 1>
ST_1 : Operation 83 [1/1] (0.80ns)   --->   "%or_cond = and i1 %tmp_9, %tmp_s" [r:/builds/2018.3/continuous/2018_12_06_2405991/src/products/hls/hls_lib/hlsmath/include/FloatingPoint\hls_tanh.h:74]   --->   Operation 83 'and' 'or_cond' <Predicate = (!tmp & !tmp_7)> <Delay = 0.80> <Core = "LogicGate">   --->   Core 27 'LogicGate' <Latency = 0> <II = 1> <Delay = 0.80> <FuncUnit> <Opcode : 'and' 'or' 'xor'> <InPorts = 2> <OutPorts = 1>
ST_1 : Operation 84 [1/1] (0.00ns)   --->   "br i1 %or_cond, label %._crit_edge56, label %._crit_edge57" [r:/builds/2018.3/continuous/2018_12_06_2405991/src/products/hls/hls_lib/hlsmath/include/FloatingPoint\hls_tanh.h:74]   --->   Operation 84 'br' <Predicate = (!tmp & !tmp_7)> <Delay = 0.00>
ST_1 : Operation 85 [1/1] (5.24ns)   --->   "%tmp_1 = fcmp olt float %abst_in, 2.200000e+01" [r:/builds/2018.3/continuous/2018_12_06_2405991/src/products/hls/hls_lib/hlsmath/include/FloatingPoint\hls_tanh.h:79]   --->   Operation 85 'fcmp' 'tmp_1' <Predicate = (!tmp & !tmp_7 & !or_cond)> <Delay = 5.24> <Core = "FCmp">   --->   Core 110 'FCmp' <Latency = 0> <II = 1> <Delay = 5.24> <FuncUnit> <Opcode : 'fcmp'> <InPorts = 2> <OutPorts = 1>
ST_1 : Operation 86 [1/1] (1.48ns)   --->   "br i1 %tmp_1, label %_ifconv, label %._crit_edge_ifconv" [r:/builds/2018.3/continuous/2018_12_06_2405991/src/products/hls/hls_lib/hlsmath/include/FloatingPoint\hls_tanh.h:79]   --->   Operation 86 'br' <Predicate = (!tmp & !tmp_7 & !or_cond)> <Delay = 1.48>
ST_1 : Operation 87 [1/1] (1.31ns)   --->   "%tmp_3 = icmp ult i8 %tmp_V, 127" [r:/builds/2018.3/continuous/2018_12_06_2405991/src/products/hls/hls_lib/hlsmath/include/FloatingPoint\hls_tanh.h:82]   --->   Operation 87 'icmp' 'tmp_3' <Predicate = (!tmp & !tmp_7 & !or_cond & tmp_1)> <Delay = 1.31> <Core = "Cmp">   --->   Core 25 'Cmp' <Latency = 0> <II = 1> <Delay = 2.02> <FuncUnit> <Opcode : 'icmp'> <InPorts = 2> <OutPorts = 1>
ST_1 : Operation 88 [1/1] (0.80ns)   --->   "%tmp_4_neg = xor i32 %p_Result_9, -2147483648" [r:/builds/2018.3/continuous/2018_12_06_2405991/src/products/hls/hls_lib/hlsmath/include/FloatingPoint\hls_tanh.h:83]   --->   Operation 88 'xor' 'tmp_4_neg' <Predicate = (!tmp & !tmp_7 & !or_cond & tmp_1)> <Delay = 0.80> <Core = "LogicGate">   --->   Core 27 'LogicGate' <Latency = 0> <II = 1> <Delay = 0.80> <FuncUnit> <Opcode : 'and' 'or' 'xor'> <InPorts = 2> <OutPorts = 1>
ST_1 : Operation 89 [4/4] (8.58ns)   --->   "%tmp_2 = fadd float %abst_in, 1.000000e+00" [r:/builds/2018.3/continuous/2018_12_06_2405991/src/products/hls/hls_lib/hlsmath/include/FloatingPoint\hls_tanh.h:77]   --->   Operation 89 'fadd' 'tmp_2' <Predicate = (!tmp & or_cond) | (!tmp & tmp_7)> <Delay = 8.58> <Core = "FAddSub">   --->   Core 104 'FAddSub' <Latency = 3> <II = 1> <Delay = 8.58> <FuncUnit> <Opcode : 'fadd' 'fsub'> <InPorts = 2> <OutPorts = 1>
ST_1 : Operation 90 [1/1] (2.02ns)   --->   "%tmp_6 = icmp eq i23 %tmp_V_1, 0" [r:/builds/2018.3/continuous/2018_12_06_2405991/src/products/hls/hls_lib/hlsmath/include/FloatingPoint\hls_tanh.h:66]   --->   Operation 90 'icmp' 'tmp_6' <Predicate = (tmp)> <Delay = 2.02> <Core = "Cmp">   --->   Core 25 'Cmp' <Latency = 0> <II = 1> <Delay = 2.02> <FuncUnit> <Opcode : 'icmp'> <InPorts = 2> <OutPorts = 1>
ST_1 : Operation 91 [1/1] (0.70ns)   --->   "%p_1 = select i1 %tmp_6, float 1.000000e+00, float 0x7FFFFFFFE0000000" [r:/builds/2018.3/continuous/2018_12_06_2405991/src/products/hls/hls_lib/hlsmath/include/FloatingPoint\hls_tanh.h:66]   --->   Operation 91 'select' 'p_1' <Predicate = (tmp)> <Delay = 0.70> <Core = "Sel">   --->   Core 26 'Sel' <Latency = 0> <II = 1> <Delay = 0.70> <FuncUnit> <Opcode : 'select'> <InPorts = 3> <OutPorts = 1>
ST_1 : Operation 92 [1/1] (1.48ns)   --->   "br label %._crit_edge_ifconv" [r:/builds/2018.3/continuous/2018_12_06_2405991/src/products/hls/hls_lib/hlsmath/include/FloatingPoint\hls_tanh.h:66]   --->   Operation 92 'br' <Predicate = (tmp)> <Delay = 1.48>

State 2 <SV = 1> <Delay = 8.58>
ST_2 : Operation 93 [1/1] (0.00ns)   --->   "%tmp_4 = bitcast i32 %tmp_4_neg to float" [r:/builds/2018.3/continuous/2018_12_06_2405991/src/products/hls/hls_lib/hlsmath/include/FloatingPoint\hls_tanh.h:83]   --->   Operation 93 'bitcast' 'tmp_4' <Predicate = (tmp_3)> <Delay = 0.00>
ST_2 : Operation 94 [4/4] (8.58ns)   --->   "%x = fsub float %tmp_4, %abst_in" [r:/builds/2018.3/continuous/2018_12_06_2405991/src/products/hls/hls_lib/hlsmath/include/FloatingPoint\hls_tanh.h:83]   --->   Operation 94 'fsub' 'x' <Predicate = (tmp_3)> <Delay = 8.58> <Core = "FAddSub">   --->   Core 104 'FAddSub' <Latency = 3> <II = 1> <Delay = 8.58> <FuncUnit> <Opcode : 'fadd' 'fsub'> <InPorts = 2> <OutPorts = 1>
ST_2 : Operation 95 [4/4] (8.58ns)   --->   "%x_1 = fadd float %abst_in, %abst_in" [r:/builds/2018.3/continuous/2018_12_06_2405991/src/products/hls/hls_lib/hlsmath/include/FloatingPoint\hls_tanh.h:86]   --->   Operation 95 'fadd' 'x_1' <Predicate = (!tmp_3)> <Delay = 8.58> <Core = "FAddSub">   --->   Core 104 'FAddSub' <Latency = 3> <II = 1> <Delay = 8.58> <FuncUnit> <Opcode : 'fadd' 'fsub'> <InPorts = 2> <OutPorts = 1>

State 3 <SV = 2> <Delay = 8.58>
ST_3 : Operation 96 [3/4] (8.58ns)   --->   "%x = fsub float %tmp_4, %abst_in" [r:/builds/2018.3/continuous/2018_12_06_2405991/src/products/hls/hls_lib/hlsmath/include/FloatingPoint\hls_tanh.h:83]   --->   Operation 96 'fsub' 'x' <Predicate = (tmp_3)> <Delay = 8.58> <Core = "FAddSub">   --->   Core 104 'FAddSub' <Latency = 3> <II = 1> <Delay = 8.58> <FuncUnit> <Opcode : 'fadd' 'fsub'> <InPorts = 2> <OutPorts = 1>
ST_3 : Operation 97 [3/4] (8.58ns)   --->   "%x_1 = fadd float %abst_in, %abst_in" [r:/builds/2018.3/continuous/2018_12_06_2405991/src/products/hls/hls_lib/hlsmath/include/FloatingPoint\hls_tanh.h:86]   --->   Operation 97 'fadd' 'x_1' <Predicate = (!tmp_3)> <Delay = 8.58> <Core = "FAddSub">   --->   Core 104 'FAddSub' <Latency = 3> <II = 1> <Delay = 8.58> <FuncUnit> <Opcode : 'fadd' 'fsub'> <InPorts = 2> <OutPorts = 1>

State 4 <SV = 3> <Delay = 8.58>
ST_4 : Operation 98 [2/4] (8.58ns)   --->   "%x = fsub float %tmp_4, %abst_in" [r:/builds/2018.3/continuous/2018_12_06_2405991/src/products/hls/hls_lib/hlsmath/include/FloatingPoint\hls_tanh.h:83]   --->   Operation 98 'fsub' 'x' <Predicate = (tmp_3)> <Delay = 8.58> <Core = "FAddSub">   --->   Core 104 'FAddSub' <Latency = 3> <II = 1> <Delay = 8.58> <FuncUnit> <Opcode : 'fadd' 'fsub'> <InPorts = 2> <OutPorts = 1>
ST_4 : Operation 99 [2/4] (8.58ns)   --->   "%x_1 = fadd float %abst_in, %abst_in" [r:/builds/2018.3/continuous/2018_12_06_2405991/src/products/hls/hls_lib/hlsmath/include/FloatingPoint\hls_tanh.h:86]   --->   Operation 99 'fadd' 'x_1' <Predicate = (!tmp_3)> <Delay = 8.58> <Core = "FAddSub">   --->   Core 104 'FAddSub' <Latency = 3> <II = 1> <Delay = 8.58> <FuncUnit> <Opcode : 'fadd' 'fsub'> <InPorts = 2> <OutPorts = 1>

State 5 <SV = 4> <Delay = 8.58>
ST_5 : Operation 100 [1/4] (8.58ns)   --->   "%x = fsub float %tmp_4, %abst_in" [r:/builds/2018.3/continuous/2018_12_06_2405991/src/products/hls/hls_lib/hlsmath/include/FloatingPoint\hls_tanh.h:83]   --->   Operation 100 'fsub' 'x' <Predicate = (tmp_3)> <Delay = 8.58> <Core = "FAddSub">   --->   Core 104 'FAddSub' <Latency = 3> <II = 1> <Delay = 8.58> <FuncUnit> <Opcode : 'fadd' 'fsub'> <InPorts = 2> <OutPorts = 1>
ST_5 : Operation 101 [1/4] (8.58ns)   --->   "%x_1 = fadd float %abst_in, %abst_in" [r:/builds/2018.3/continuous/2018_12_06_2405991/src/products/hls/hls_lib/hlsmath/include/FloatingPoint\hls_tanh.h:86]   --->   Operation 101 'fadd' 'x_1' <Predicate = (!tmp_3)> <Delay = 8.58> <Core = "FAddSub">   --->   Core 104 'FAddSub' <Latency = 3> <II = 1> <Delay = 8.58> <FuncUnit> <Opcode : 'fadd' 'fsub'> <InPorts = 2> <OutPorts = 1>

State 6 <SV = 5> <Delay = 4.65>
ST_6 : Operation 102 [1/1] (0.70ns)   --->   "%x_2 = select i1 %tmp_3, float %x, float %x_1" [r:/builds/2018.3/continuous/2018_12_06_2405991/src/products/hls/hls_lib/hlsmath/include/FloatingPoint\hls_tanh.h:86]   --->   Operation 102 'select' 'x_2' <Predicate = true> <Delay = 0.70> <Core = "Sel">   --->   Core 26 'Sel' <Latency = 0> <II = 1> <Delay = 0.70> <FuncUnit> <Opcode : 'select'> <InPorts = 3> <OutPorts = 1>
ST_6 : Operation 103 [1/1] (0.00ns)   --->   "%p_Val2_3 = bitcast float %x_2 to i32" [r:/builds/2018.3/continuous/2018_12_06_2405991/src/products/hls/hls_lib/src/hls\utils/x_hls_utils.h:310->r:/builds/2018.3/continuous/2018_12_06_2405991/src/products/hls/hls_lib/src/hls\utils/x_hls_utils.h:319->r:/builds/2018.3/continuous/2018_12_06_2405991/src/products/hls/hls_lib/hlsmath/src/common/hls_exp_float.cpp:7->r:/builds/2018.3/continuous/2018_12_06_2405991/src/products/hls/hls_lib/hlsmath/include/FloatingPoint\hls_tanh.h:89]   --->   Operation 103 'bitcast' 'p_Val2_3' <Predicate = true> <Delay = 0.00>
ST_6 : Operation 104 [1/1] (0.00ns)   --->   "%tmp_V_2 = call i8 @_ssdm_op_PartSelect.i8.i32.i32.i32(i32 %p_Val2_3, i32 23, i32 30) nounwind" [r:/builds/2018.3/continuous/2018_12_06_2405991/src/products/hls/hls_lib/src/hls\utils/x_hls_utils.h:317->r:/builds/2018.3/continuous/2018_12_06_2405991/src/products/hls/hls_lib/src/hls\utils/x_hls_utils.h:319->r:/builds/2018.3/continuous/2018_12_06_2405991/src/products/hls/hls_lib/hlsmath/src/common/hls_exp_float.cpp:7->r:/builds/2018.3/continuous/2018_12_06_2405991/src/products/hls/hls_lib/hlsmath/include/FloatingPoint\hls_tanh.h:89]   --->   Operation 104 'partselect' 'tmp_V_2' <Predicate = true> <Delay = 0.00>
ST_6 : Operation 105 [1/1] (1.31ns)   --->   "%tmp_i = icmp eq i8 %tmp_V_2, 0" [r:/builds/2018.3/continuous/2018_12_06_2405991/src/products/hls/hls_lib/hlsmath/src/common/hls_exp_float.cpp:8->r:/builds/2018.3/continuous/2018_12_06_2405991/src/products/hls/hls_lib/hlsmath/include/FloatingPoint\hls_tanh.h:89]   --->   Operation 105 'icmp' 'tmp_i' <Predicate = true> <Delay = 1.31> <Core = "Cmp">   --->   Core 25 'Cmp' <Latency = 0> <II = 1> <Delay = 2.02> <FuncUnit> <Opcode : 'icmp'> <InPorts = 2> <OutPorts = 1>
ST_6 : Operation 106 [1/1] (0.79ns)   --->   "br i1 %tmp_i, label %expm1.exit, label %4" [r:/builds/2018.3/continuous/2018_12_06_2405991/src/products/hls/hls_lib/hlsmath/src/common/hls_exp_float.cpp:8->r:/builds/2018.3/continuous/2018_12_06_2405991/src/products/hls/hls_lib/hlsmath/include/FloatingPoint\hls_tanh.h:89]   --->   Operation 106 'br' <Predicate = true> <Delay = 0.79>
ST_6 : Operation 107 [1/1] (1.31ns)   --->   "%tmp_i_30 = icmp ult i8 %tmp_V_2, 96" [r:/builds/2018.3/continuous/2018_12_06_2405991/src/products/hls/hls_lib/hlsmath/src/common/hls_exp_float.cpp:9->r:/builds/2018.3/continuous/2018_12_06_2405991/src/products/hls/hls_lib/hlsmath/include/FloatingPoint\hls_tanh.h:89]   --->   Operation 107 'icmp' 'tmp_i_30' <Predicate = (!tmp_i)> <Delay = 1.31> <Core = "Cmp">   --->   Core 25 'Cmp' <Latency = 0> <II = 1> <Delay = 2.02> <FuncUnit> <Opcode : 'icmp'> <InPorts = 2> <OutPorts = 1>
ST_6 : Operation 108 [1/1] (0.79ns)   --->   "br i1 %tmp_i_30, label %expm1.exit, label %5" [r:/builds/2018.3/continuous/2018_12_06_2405991/src/products/hls/hls_lib/hlsmath/src/common/hls_exp_float.cpp:9->r:/builds/2018.3/continuous/2018_12_06_2405991/src/products/hls/hls_lib/hlsmath/include/FloatingPoint\hls_tanh.h:89]   --->   Operation 108 'br' <Predicate = (!tmp_i)> <Delay = 0.79>
ST_6 : Operation 109 [1/1] (3.94ns)   --->   "%xd = fpext float %x_2 to double" [r:/builds/2018.3/continuous/2018_12_06_2405991/src/products/hls/hls_lib/hlsmath/src/common/hls_exp_float.cpp:10->r:/builds/2018.3/continuous/2018_12_06_2405991/src/products/hls/hls_lib/hlsmath/include/FloatingPoint\hls_tanh.h:89]   --->   Operation 109 'fpext' 'xd' <Predicate = (!tmp_i & !tmp_i_30)> <Delay = 3.94> <Core = "Float2Double">   --->   Core 113 'Float2Double' <Latency = 0> <II = 1> <Delay = 3.94> <FuncUnit> <Opcode : 'fpext'> <InPorts = 1> <OutPorts = 1>

State 7 <SV = 6> <Delay = 6.90>
ST_7 : Operation 110 [13/13] (6.90ns)   --->   "%tmp_13_i = call fastcc double @"exp_generic<double>"(double %xd) nounwind" [r:/builds/2018.3/continuous/2018_12_06_2405991/src/products/hls/hls_lib/hlsmath/src/common/hls_exp_float.cpp:11->r:/builds/2018.3/continuous/2018_12_06_2405991/src/products/hls/hls_lib/hlsmath/include/FloatingPoint\hls_tanh.h:89]   --->   Operation 110 'call' 'tmp_13_i' <Predicate = true> <Delay = 6.90> <CoreType = "Generic">   --->   Core 0 '' <Latency = 0> <II = 1> <Delay = 1.00> <Generic> <Opcode : >

State 8 <SV = 7> <Delay = 8.66>
ST_8 : Operation 111 [12/13] (8.66ns)   --->   "%tmp_13_i = call fastcc double @"exp_generic<double>"(double %xd) nounwind" [r:/builds/2018.3/continuous/2018_12_06_2405991/src/products/hls/hls_lib/hlsmath/src/common/hls_exp_float.cpp:11->r:/builds/2018.3/continuous/2018_12_06_2405991/src/products/hls/hls_lib/hlsmath/include/FloatingPoint\hls_tanh.h:89]   --->   Operation 111 'call' 'tmp_13_i' <Predicate = true> <Delay = 8.66> <CoreType = "Generic">   --->   Core 0 '' <Latency = 0> <II = 1> <Delay = 1.00> <Generic> <Opcode : >

State 9 <SV = 8> <Delay = 8.66>
ST_9 : Operation 112 [11/13] (8.66ns)   --->   "%tmp_13_i = call fastcc double @"exp_generic<double>"(double %xd) nounwind" [r:/builds/2018.3/continuous/2018_12_06_2405991/src/products/hls/hls_lib/hlsmath/src/common/hls_exp_float.cpp:11->r:/builds/2018.3/continuous/2018_12_06_2405991/src/products/hls/hls_lib/hlsmath/include/FloatingPoint\hls_tanh.h:89]   --->   Operation 112 'call' 'tmp_13_i' <Predicate = true> <Delay = 8.66> <CoreType = "Generic">   --->   Core 0 '' <Latency = 0> <II = 1> <Delay = 1.00> <Generic> <Opcode : >

State 10 <SV = 9> <Delay = 8.66>
ST_10 : Operation 113 [10/13] (8.66ns)   --->   "%tmp_13_i = call fastcc double @"exp_generic<double>"(double %xd) nounwind" [r:/builds/2018.3/continuous/2018_12_06_2405991/src/products/hls/hls_lib/hlsmath/src/common/hls_exp_float.cpp:11->r:/builds/2018.3/continuous/2018_12_06_2405991/src/products/hls/hls_lib/hlsmath/include/FloatingPoint\hls_tanh.h:89]   --->   Operation 113 'call' 'tmp_13_i' <Predicate = true> <Delay = 8.66> <CoreType = "Generic">   --->   Core 0 '' <Latency = 0> <II = 1> <Delay = 1.00> <Generic> <Opcode : >

State 11 <SV = 10> <Delay = 8.66>
ST_11 : Operation 114 [9/13] (8.66ns)   --->   "%tmp_13_i = call fastcc double @"exp_generic<double>"(double %xd) nounwind" [r:/builds/2018.3/continuous/2018_12_06_2405991/src/products/hls/hls_lib/hlsmath/src/common/hls_exp_float.cpp:11->r:/builds/2018.3/continuous/2018_12_06_2405991/src/products/hls/hls_lib/hlsmath/include/FloatingPoint\hls_tanh.h:89]   --->   Operation 114 'call' 'tmp_13_i' <Predicate = true> <Delay = 8.66> <CoreType = "Generic">   --->   Core 0 '' <Latency = 0> <II = 1> <Delay = 1.00> <Generic> <Opcode : >

State 12 <SV = 11> <Delay = 8.66>
ST_12 : Operation 115 [8/13] (8.66ns)   --->   "%tmp_13_i = call fastcc double @"exp_generic<double>"(double %xd) nounwind" [r:/builds/2018.3/continuous/2018_12_06_2405991/src/products/hls/hls_lib/hlsmath/src/common/hls_exp_float.cpp:11->r:/builds/2018.3/continuous/2018_12_06_2405991/src/products/hls/hls_lib/hlsmath/include/FloatingPoint\hls_tanh.h:89]   --->   Operation 115 'call' 'tmp_13_i' <Predicate = true> <Delay = 8.66> <CoreType = "Generic">   --->   Core 0 '' <Latency = 0> <II = 1> <Delay = 1.00> <Generic> <Opcode : >

State 13 <SV = 12> <Delay = 8.66>
ST_13 : Operation 116 [7/13] (8.66ns)   --->   "%tmp_13_i = call fastcc double @"exp_generic<double>"(double %xd) nounwind" [r:/builds/2018.3/continuous/2018_12_06_2405991/src/products/hls/hls_lib/hlsmath/src/common/hls_exp_float.cpp:11->r:/builds/2018.3/continuous/2018_12_06_2405991/src/products/hls/hls_lib/hlsmath/include/FloatingPoint\hls_tanh.h:89]   --->   Operation 116 'call' 'tmp_13_i' <Predicate = true> <Delay = 8.66> <CoreType = "Generic">   --->   Core 0 '' <Latency = 0> <II = 1> <Delay = 1.00> <Generic> <Opcode : >

State 14 <SV = 13> <Delay = 8.66>
ST_14 : Operation 117 [6/13] (8.66ns)   --->   "%tmp_13_i = call fastcc double @"exp_generic<double>"(double %xd) nounwind" [r:/builds/2018.3/continuous/2018_12_06_2405991/src/products/hls/hls_lib/hlsmath/src/common/hls_exp_float.cpp:11->r:/builds/2018.3/continuous/2018_12_06_2405991/src/products/hls/hls_lib/hlsmath/include/FloatingPoint\hls_tanh.h:89]   --->   Operation 117 'call' 'tmp_13_i' <Predicate = true> <Delay = 8.66> <CoreType = "Generic">   --->   Core 0 '' <Latency = 0> <II = 1> <Delay = 1.00> <Generic> <Opcode : >

State 15 <SV = 14> <Delay = 8.66>
ST_15 : Operation 118 [5/13] (8.66ns)   --->   "%tmp_13_i = call fastcc double @"exp_generic<double>"(double %xd) nounwind" [r:/builds/2018.3/continuous/2018_12_06_2405991/src/products/hls/hls_lib/hlsmath/src/common/hls_exp_float.cpp:11->r:/builds/2018.3/continuous/2018_12_06_2405991/src/products/hls/hls_lib/hlsmath/include/FloatingPoint\hls_tanh.h:89]   --->   Operation 118 'call' 'tmp_13_i' <Predicate = true> <Delay = 8.66> <CoreType = "Generic">   --->   Core 0 '' <Latency = 0> <II = 1> <Delay = 1.00> <Generic> <Opcode : >

State 16 <SV = 15> <Delay = 8.66>
ST_16 : Operation 119 [4/13] (8.66ns)   --->   "%tmp_13_i = call fastcc double @"exp_generic<double>"(double %xd) nounwind" [r:/builds/2018.3/continuous/2018_12_06_2405991/src/products/hls/hls_lib/hlsmath/src/common/hls_exp_float.cpp:11->r:/builds/2018.3/continuous/2018_12_06_2405991/src/products/hls/hls_lib/hlsmath/include/FloatingPoint\hls_tanh.h:89]   --->   Operation 119 'call' 'tmp_13_i' <Predicate = true> <Delay = 8.66> <CoreType = "Generic">   --->   Core 0 '' <Latency = 0> <II = 1> <Delay = 1.00> <Generic> <Opcode : >

State 17 <SV = 16> <Delay = 8.66>
ST_17 : Operation 120 [3/13] (8.66ns)   --->   "%tmp_13_i = call fastcc double @"exp_generic<double>"(double %xd) nounwind" [r:/builds/2018.3/continuous/2018_12_06_2405991/src/products/hls/hls_lib/hlsmath/src/common/hls_exp_float.cpp:11->r:/builds/2018.3/continuous/2018_12_06_2405991/src/products/hls/hls_lib/hlsmath/include/FloatingPoint\hls_tanh.h:89]   --->   Operation 120 'call' 'tmp_13_i' <Predicate = true> <Delay = 8.66> <CoreType = "Generic">   --->   Core 0 '' <Latency = 0> <II = 1> <Delay = 1.00> <Generic> <Opcode : >

State 18 <SV = 17> <Delay = 8.66>
ST_18 : Operation 121 [2/13] (8.66ns)   --->   "%tmp_13_i = call fastcc double @"exp_generic<double>"(double %xd) nounwind" [r:/builds/2018.3/continuous/2018_12_06_2405991/src/products/hls/hls_lib/hlsmath/src/common/hls_exp_float.cpp:11->r:/builds/2018.3/continuous/2018_12_06_2405991/src/products/hls/hls_lib/hlsmath/include/FloatingPoint\hls_tanh.h:89]   --->   Operation 121 'call' 'tmp_13_i' <Predicate = true> <Delay = 8.66> <CoreType = "Generic">   --->   Core 0 '' <Latency = 0> <II = 1> <Delay = 1.00> <Generic> <Opcode : >

State 19 <SV = 18> <Delay = 4.74>
ST_19 : Operation 122 [1/13] (4.74ns)   --->   "%tmp_13_i = call fastcc double @"exp_generic<double>"(double %xd) nounwind" [r:/builds/2018.3/continuous/2018_12_06_2405991/src/products/hls/hls_lib/hlsmath/src/common/hls_exp_float.cpp:11->r:/builds/2018.3/continuous/2018_12_06_2405991/src/products/hls/hls_lib/hlsmath/include/FloatingPoint\hls_tanh.h:89]   --->   Operation 122 'call' 'tmp_13_i' <Predicate = true> <Delay = 4.74> <CoreType = "Generic">   --->   Core 0 '' <Latency = 0> <II = 1> <Delay = 1.00> <Generic> <Opcode : >

State 20 <SV = 19> <Delay = 7.51>
ST_20 : Operation 123 [5/5] (7.51ns)   --->   "%tmp_14_i = fadd double %tmp_13_i, -1.000000e+00" [r:/builds/2018.3/continuous/2018_12_06_2405991/src/products/hls/hls_lib/hlsmath/src/common/hls_exp_float.cpp:11->r:/builds/2018.3/continuous/2018_12_06_2405991/src/products/hls/hls_lib/hlsmath/include/FloatingPoint\hls_tanh.h:89]   --->   Operation 123 'dadd' 'tmp_14_i' <Predicate = true> <Delay = 7.51> <Core = "DAddSub">   --->   Core 114 'DAddSub' <Latency = 4> <II = 1> <Delay = 7.51> <FuncUnit> <Opcode : 'dadd' 'dsub'> <InPorts = 2> <OutPorts = 1>

State 21 <SV = 20> <Delay = 7.51>
ST_21 : Operation 124 [4/5] (7.51ns)   --->   "%tmp_14_i = fadd double %tmp_13_i, -1.000000e+00" [r:/builds/2018.3/continuous/2018_12_06_2405991/src/products/hls/hls_lib/hlsmath/src/common/hls_exp_float.cpp:11->r:/builds/2018.3/continuous/2018_12_06_2405991/src/products/hls/hls_lib/hlsmath/include/FloatingPoint\hls_tanh.h:89]   --->   Operation 124 'dadd' 'tmp_14_i' <Predicate = true> <Delay = 7.51> <Core = "DAddSub">   --->   Core 114 'DAddSub' <Latency = 4> <II = 1> <Delay = 7.51> <FuncUnit> <Opcode : 'dadd' 'dsub'> <InPorts = 2> <OutPorts = 1>

State 22 <SV = 21> <Delay = 7.51>
ST_22 : Operation 125 [3/5] (7.51ns)   --->   "%tmp_14_i = fadd double %tmp_13_i, -1.000000e+00" [r:/builds/2018.3/continuous/2018_12_06_2405991/src/products/hls/hls_lib/hlsmath/src/common/hls_exp_float.cpp:11->r:/builds/2018.3/continuous/2018_12_06_2405991/src/products/hls/hls_lib/hlsmath/include/FloatingPoint\hls_tanh.h:89]   --->   Operation 125 'dadd' 'tmp_14_i' <Predicate = true> <Delay = 7.51> <Core = "DAddSub">   --->   Core 114 'DAddSub' <Latency = 4> <II = 1> <Delay = 7.51> <FuncUnit> <Opcode : 'dadd' 'dsub'> <InPorts = 2> <OutPorts = 1>

State 23 <SV = 22> <Delay = 7.51>
ST_23 : Operation 126 [2/5] (7.51ns)   --->   "%tmp_14_i = fadd double %tmp_13_i, -1.000000e+00" [r:/builds/2018.3/continuous/2018_12_06_2405991/src/products/hls/hls_lib/hlsmath/src/common/hls_exp_float.cpp:11->r:/builds/2018.3/continuous/2018_12_06_2405991/src/products/hls/hls_lib/hlsmath/include/FloatingPoint\hls_tanh.h:89]   --->   Operation 126 'dadd' 'tmp_14_i' <Predicate = true> <Delay = 7.51> <Core = "DAddSub">   --->   Core 114 'DAddSub' <Latency = 4> <II = 1> <Delay = 7.51> <FuncUnit> <Opcode : 'dadd' 'dsub'> <InPorts = 2> <OutPorts = 1>

State 24 <SV = 23> <Delay = 7.51>
ST_24 : Operation 127 [1/5] (7.51ns)   --->   "%tmp_14_i = fadd double %tmp_13_i, -1.000000e+00" [r:/builds/2018.3/continuous/2018_12_06_2405991/src/products/hls/hls_lib/hlsmath/src/common/hls_exp_float.cpp:11->r:/builds/2018.3/continuous/2018_12_06_2405991/src/products/hls/hls_lib/hlsmath/include/FloatingPoint\hls_tanh.h:89]   --->   Operation 127 'dadd' 'tmp_14_i' <Predicate = true> <Delay = 7.51> <Core = "DAddSub">   --->   Core 114 'DAddSub' <Latency = 4> <II = 1> <Delay = 7.51> <FuncUnit> <Opcode : 'dadd' 'dsub'> <InPorts = 2> <OutPorts = 1>

State 25 <SV = 24> <Delay = 5.43>
ST_25 : Operation 128 [1/1] (5.43ns)   --->   "%tmp_15_i = fptrunc double %tmp_14_i to float" [r:/builds/2018.3/continuous/2018_12_06_2405991/src/products/hls/hls_lib/hlsmath/src/common/hls_exp_float.cpp:11->r:/builds/2018.3/continuous/2018_12_06_2405991/src/products/hls/hls_lib/hlsmath/include/FloatingPoint\hls_tanh.h:89]   --->   Operation 128 'fptrunc' 'tmp_15_i' <Predicate = true> <Delay = 5.43> <Core = "Double2Float">   --->   Core 122 'Double2Float' <Latency = 0> <II = 1> <Delay = 5.43> <FuncUnit> <Opcode : 'fptrunc'> <InPorts = 1> <OutPorts = 1>
ST_25 : Operation 129 [1/1] (0.79ns)   --->   "br label %expm1.exit" [r:/builds/2018.3/continuous/2018_12_06_2405991/src/products/hls/hls_lib/hlsmath/src/common/hls_exp_float.cpp:11->r:/builds/2018.3/continuous/2018_12_06_2405991/src/products/hls/hls_lib/hlsmath/include/FloatingPoint\hls_tanh.h:89]   --->   Operation 129 'br' <Predicate = true> <Delay = 0.79>

State 26 <SV = 25> <Delay = 8.58>
ST_26 : Operation 130 [1/1] (0.00ns)   --->   "%expx = phi float [ %tmp_15_i, %5 ], [ 0.000000e+00, %_ifconv ], [ %x_2, %4 ]"   --->   Operation 130 'phi' 'expx' <Predicate = true> <Delay = 0.00>
ST_26 : Operation 131 [1/1] (0.00ns)   --->   "br i1 %tmp_3, label %6, label %7" [r:/builds/2018.3/continuous/2018_12_06_2405991/src/products/hls/hls_lib/hlsmath/include/FloatingPoint\hls_tanh.h:91]   --->   Operation 131 'br' <Predicate = true> <Delay = 0.00>
ST_26 : Operation 132 [4/4] (8.58ns)   --->   "%tmp_10 = fadd float %expx, 2.000000e+00" [r:/builds/2018.3/continuous/2018_12_06_2405991/src/products/hls/hls_lib/hlsmath/include/FloatingPoint\hls_tanh.h:99]   --->   Operation 132 'fadd' 'tmp_10' <Predicate = (!tmp_3)> <Delay = 8.58> <Core = "FAddSub">   --->   Core 104 'FAddSub' <Latency = 3> <II = 1> <Delay = 8.58> <FuncUnit> <Opcode : 'fadd' 'fsub'> <InPorts = 2> <OutPorts = 1>
ST_26 : Operation 133 [4/4] (8.58ns)   --->   "%tmp_8 = fadd float %expx, 2.000000e+00" [r:/builds/2018.3/continuous/2018_12_06_2405991/src/products/hls/hls_lib/hlsmath/include/FloatingPoint\hls_tanh.h:94]   --->   Operation 133 'fadd' 'tmp_8' <Predicate = (tmp_3)> <Delay = 8.58> <Core = "FAddSub">   --->   Core 104 'FAddSub' <Latency = 3> <II = 1> <Delay = 8.58> <FuncUnit> <Opcode : 'fadd' 'fsub'> <InPorts = 2> <OutPorts = 1>

State 27 <SV = 26> <Delay = 8.58>
ST_27 : Operation 134 [3/4] (8.58ns)   --->   "%tmp_10 = fadd float %expx, 2.000000e+00" [r:/builds/2018.3/continuous/2018_12_06_2405991/src/products/hls/hls_lib/hlsmath/include/FloatingPoint\hls_tanh.h:99]   --->   Operation 134 'fadd' 'tmp_10' <Predicate = true> <Delay = 8.58> <Core = "FAddSub">   --->   Core 104 'FAddSub' <Latency = 3> <II = 1> <Delay = 8.58> <FuncUnit> <Opcode : 'fadd' 'fsub'> <InPorts = 2> <OutPorts = 1>

State 28 <SV = 27> <Delay = 8.58>
ST_28 : Operation 135 [2/4] (8.58ns)   --->   "%tmp_10 = fadd float %expx, 2.000000e+00" [r:/builds/2018.3/continuous/2018_12_06_2405991/src/products/hls/hls_lib/hlsmath/include/FloatingPoint\hls_tanh.h:99]   --->   Operation 135 'fadd' 'tmp_10' <Predicate = true> <Delay = 8.58> <Core = "FAddSub">   --->   Core 104 'FAddSub' <Latency = 3> <II = 1> <Delay = 8.58> <FuncUnit> <Opcode : 'fadd' 'fsub'> <InPorts = 2> <OutPorts = 1>

State 29 <SV = 28> <Delay = 8.58>
ST_29 : Operation 136 [1/4] (8.58ns)   --->   "%tmp_10 = fadd float %expx, 2.000000e+00" [r:/builds/2018.3/continuous/2018_12_06_2405991/src/products/hls/hls_lib/hlsmath/include/FloatingPoint\hls_tanh.h:99]   --->   Operation 136 'fadd' 'tmp_10' <Predicate = true> <Delay = 8.58> <Core = "FAddSub">   --->   Core 104 'FAddSub' <Latency = 3> <II = 1> <Delay = 8.58> <FuncUnit> <Opcode : 'fadd' 'fsub'> <InPorts = 2> <OutPorts = 1>

State 30 <SV = 29> <Delay = 7.19>
ST_30 : Operation 137 [12/12] (7.19ns)   --->   "%tmp_11 = fdiv float 2.000000e+00, %tmp_10" [r:/builds/2018.3/continuous/2018_12_06_2405991/src/products/hls/hls_lib/hlsmath/include/FloatingPoint\hls_tanh.h:99]   --->   Operation 137 'fdiv' 'tmp_11' <Predicate = true> <Delay = 7.19> <Core = "FDiv">   --->   Core 106 'FDiv' <Latency = 11> <II = 1> <Delay = 7.19> <FuncUnit> <Opcode : 'fdiv' 'frem'> <InPorts = 2> <OutPorts = 1>

State 31 <SV = 30> <Delay = 7.19>
ST_31 : Operation 138 [11/12] (7.19ns)   --->   "%tmp_11 = fdiv float 2.000000e+00, %tmp_10" [r:/builds/2018.3/continuous/2018_12_06_2405991/src/products/hls/hls_lib/hlsmath/include/FloatingPoint\hls_tanh.h:99]   --->   Operation 138 'fdiv' 'tmp_11' <Predicate = true> <Delay = 7.19> <Core = "FDiv">   --->   Core 106 'FDiv' <Latency = 11> <II = 1> <Delay = 7.19> <FuncUnit> <Opcode : 'fdiv' 'frem'> <InPorts = 2> <OutPorts = 1>

State 32 <SV = 31> <Delay = 7.19>
ST_32 : Operation 139 [10/12] (7.19ns)   --->   "%tmp_11 = fdiv float 2.000000e+00, %tmp_10" [r:/builds/2018.3/continuous/2018_12_06_2405991/src/products/hls/hls_lib/hlsmath/include/FloatingPoint\hls_tanh.h:99]   --->   Operation 139 'fdiv' 'tmp_11' <Predicate = true> <Delay = 7.19> <Core = "FDiv">   --->   Core 106 'FDiv' <Latency = 11> <II = 1> <Delay = 7.19> <FuncUnit> <Opcode : 'fdiv' 'frem'> <InPorts = 2> <OutPorts = 1>

State 33 <SV = 32> <Delay = 7.19>
ST_33 : Operation 140 [9/12] (7.19ns)   --->   "%tmp_11 = fdiv float 2.000000e+00, %tmp_10" [r:/builds/2018.3/continuous/2018_12_06_2405991/src/products/hls/hls_lib/hlsmath/include/FloatingPoint\hls_tanh.h:99]   --->   Operation 140 'fdiv' 'tmp_11' <Predicate = true> <Delay = 7.19> <Core = "FDiv">   --->   Core 106 'FDiv' <Latency = 11> <II = 1> <Delay = 7.19> <FuncUnit> <Opcode : 'fdiv' 'frem'> <InPorts = 2> <OutPorts = 1>

State 34 <SV = 33> <Delay = 7.19>
ST_34 : Operation 141 [8/12] (7.19ns)   --->   "%tmp_11 = fdiv float 2.000000e+00, %tmp_10" [r:/builds/2018.3/continuous/2018_12_06_2405991/src/products/hls/hls_lib/hlsmath/include/FloatingPoint\hls_tanh.h:99]   --->   Operation 141 'fdiv' 'tmp_11' <Predicate = true> <Delay = 7.19> <Core = "FDiv">   --->   Core 106 'FDiv' <Latency = 11> <II = 1> <Delay = 7.19> <FuncUnit> <Opcode : 'fdiv' 'frem'> <InPorts = 2> <OutPorts = 1>

State 35 <SV = 34> <Delay = 7.19>
ST_35 : Operation 142 [7/12] (7.19ns)   --->   "%tmp_11 = fdiv float 2.000000e+00, %tmp_10" [r:/builds/2018.3/continuous/2018_12_06_2405991/src/products/hls/hls_lib/hlsmath/include/FloatingPoint\hls_tanh.h:99]   --->   Operation 142 'fdiv' 'tmp_11' <Predicate = true> <Delay = 7.19> <Core = "FDiv">   --->   Core 106 'FDiv' <Latency = 11> <II = 1> <Delay = 7.19> <FuncUnit> <Opcode : 'fdiv' 'frem'> <InPorts = 2> <OutPorts = 1>

State 36 <SV = 35> <Delay = 7.19>
ST_36 : Operation 143 [6/12] (7.19ns)   --->   "%tmp_11 = fdiv float 2.000000e+00, %tmp_10" [r:/builds/2018.3/continuous/2018_12_06_2405991/src/products/hls/hls_lib/hlsmath/include/FloatingPoint\hls_tanh.h:99]   --->   Operation 143 'fdiv' 'tmp_11' <Predicate = true> <Delay = 7.19> <Core = "FDiv">   --->   Core 106 'FDiv' <Latency = 11> <II = 1> <Delay = 7.19> <FuncUnit> <Opcode : 'fdiv' 'frem'> <InPorts = 2> <OutPorts = 1>

State 37 <SV = 36> <Delay = 7.19>
ST_37 : Operation 144 [5/12] (7.19ns)   --->   "%tmp_11 = fdiv float 2.000000e+00, %tmp_10" [r:/builds/2018.3/continuous/2018_12_06_2405991/src/products/hls/hls_lib/hlsmath/include/FloatingPoint\hls_tanh.h:99]   --->   Operation 144 'fdiv' 'tmp_11' <Predicate = true> <Delay = 7.19> <Core = "FDiv">   --->   Core 106 'FDiv' <Latency = 11> <II = 1> <Delay = 7.19> <FuncUnit> <Opcode : 'fdiv' 'frem'> <InPorts = 2> <OutPorts = 1>

State 38 <SV = 37> <Delay = 7.19>
ST_38 : Operation 145 [4/12] (7.19ns)   --->   "%tmp_11 = fdiv float 2.000000e+00, %tmp_10" [r:/builds/2018.3/continuous/2018_12_06_2405991/src/products/hls/hls_lib/hlsmath/include/FloatingPoint\hls_tanh.h:99]   --->   Operation 145 'fdiv' 'tmp_11' <Predicate = true> <Delay = 7.19> <Core = "FDiv">   --->   Core 106 'FDiv' <Latency = 11> <II = 1> <Delay = 7.19> <FuncUnit> <Opcode : 'fdiv' 'frem'> <InPorts = 2> <OutPorts = 1>

State 39 <SV = 38> <Delay = 7.19>
ST_39 : Operation 146 [3/12] (7.19ns)   --->   "%tmp_11 = fdiv float 2.000000e+00, %tmp_10" [r:/builds/2018.3/continuous/2018_12_06_2405991/src/products/hls/hls_lib/hlsmath/include/FloatingPoint\hls_tanh.h:99]   --->   Operation 146 'fdiv' 'tmp_11' <Predicate = true> <Delay = 7.19> <Core = "FDiv">   --->   Core 106 'FDiv' <Latency = 11> <II = 1> <Delay = 7.19> <FuncUnit> <Opcode : 'fdiv' 'frem'> <InPorts = 2> <OutPorts = 1>

State 40 <SV = 39> <Delay = 7.19>
ST_40 : Operation 147 [2/12] (7.19ns)   --->   "%tmp_11 = fdiv float 2.000000e+00, %tmp_10" [r:/builds/2018.3/continuous/2018_12_06_2405991/src/products/hls/hls_lib/hlsmath/include/FloatingPoint\hls_tanh.h:99]   --->   Operation 147 'fdiv' 'tmp_11' <Predicate = true> <Delay = 7.19> <Core = "FDiv">   --->   Core 106 'FDiv' <Latency = 11> <II = 1> <Delay = 7.19> <FuncUnit> <Opcode : 'fdiv' 'frem'> <InPorts = 2> <OutPorts = 1>

State 41 <SV = 40> <Delay = 7.19>
ST_41 : Operation 148 [1/12] (7.19ns)   --->   "%tmp_11 = fdiv float 2.000000e+00, %tmp_10" [r:/builds/2018.3/continuous/2018_12_06_2405991/src/products/hls/hls_lib/hlsmath/include/FloatingPoint\hls_tanh.h:99]   --->   Operation 148 'fdiv' 'tmp_11' <Predicate = true> <Delay = 7.19> <Core = "FDiv">   --->   Core 106 'FDiv' <Latency = 11> <II = 1> <Delay = 7.19> <FuncUnit> <Opcode : 'fdiv' 'frem'> <InPorts = 2> <OutPorts = 1>

State 42 <SV = 41> <Delay = 8.58>
ST_42 : Operation 149 [4/4] (8.58ns)   --->   "%resultf_2 = fsub float 1.000000e+00, %tmp_11" [r:/builds/2018.3/continuous/2018_12_06_2405991/src/products/hls/hls_lib/hlsmath/include/FloatingPoint\hls_tanh.h:99]   --->   Operation 149 'fsub' 'resultf_2' <Predicate = true> <Delay = 8.58> <Core = "FAddSub">   --->   Core 104 'FAddSub' <Latency = 3> <II = 1> <Delay = 8.58> <FuncUnit> <Opcode : 'fadd' 'fsub'> <InPorts = 2> <OutPorts = 1>

State 43 <SV = 42> <Delay = 8.58>
ST_43 : Operation 150 [3/4] (8.58ns)   --->   "%resultf_2 = fsub float 1.000000e+00, %tmp_11" [r:/builds/2018.3/continuous/2018_12_06_2405991/src/products/hls/hls_lib/hlsmath/include/FloatingPoint\hls_tanh.h:99]   --->   Operation 150 'fsub' 'resultf_2' <Predicate = true> <Delay = 8.58> <Core = "FAddSub">   --->   Core 104 'FAddSub' <Latency = 3> <II = 1> <Delay = 8.58> <FuncUnit> <Opcode : 'fadd' 'fsub'> <InPorts = 2> <OutPorts = 1>

State 44 <SV = 43> <Delay = 8.58>
ST_44 : Operation 151 [2/4] (8.58ns)   --->   "%resultf_2 = fsub float 1.000000e+00, %tmp_11" [r:/builds/2018.3/continuous/2018_12_06_2405991/src/products/hls/hls_lib/hlsmath/include/FloatingPoint\hls_tanh.h:99]   --->   Operation 151 'fsub' 'resultf_2' <Predicate = true> <Delay = 8.58> <Core = "FAddSub">   --->   Core 104 'FAddSub' <Latency = 3> <II = 1> <Delay = 8.58> <FuncUnit> <Opcode : 'fadd' 'fsub'> <InPorts = 2> <OutPorts = 1>

State 45 <SV = 44> <Delay = 8.58>
ST_45 : Operation 152 [1/4] (8.58ns)   --->   "%resultf_2 = fsub float 1.000000e+00, %tmp_11" [r:/builds/2018.3/continuous/2018_12_06_2405991/src/products/hls/hls_lib/hlsmath/include/FloatingPoint\hls_tanh.h:99]   --->   Operation 152 'fsub' 'resultf_2' <Predicate = true> <Delay = 8.58> <Core = "FAddSub">   --->   Core 104 'FAddSub' <Latency = 3> <II = 1> <Delay = 8.58> <FuncUnit> <Opcode : 'fadd' 'fsub'> <InPorts = 2> <OutPorts = 1>

State 46 <SV = 45> <Delay = 2.29>
ST_46 : Operation 153 [1/1] (1.48ns)   --->   "br label %._crit_edge_ifconv"   --->   Operation 153 'br' <Predicate = (!tmp & !tmp_7 & !or_cond & tmp_1 & !tmp_3)> <Delay = 1.48>
ST_46 : Operation 154 [1/1] (0.00ns)   --->   "%resultf_4 = phi float [ %resultf, %._crit_edge56 ], [ %resultf_1, %6 ], [ %resultf_2, %7 ], [ 1.000000e+00, %._crit_edge57 ], [ %p_1, %1 ]"   --->   Operation 154 'phi' 'resultf_4' <Predicate = true> <Delay = 0.00>
ST_46 : Operation 155 [1/1] (0.00ns) (grouped into LUT with out node p_s)   --->   "%tmp_12_to_int = bitcast float %resultf_4 to i32" [r:/builds/2018.3/continuous/2018_12_06_2405991/src/products/hls/hls_lib/hlsmath/include/FloatingPoint\hls_tanh.h:111]   --->   Operation 155 'bitcast' 'tmp_12_to_int' <Predicate = (p_Result_s)> <Delay = 0.00>
ST_46 : Operation 156 [1/1] (0.00ns) (grouped into LUT with out node p_s)   --->   "%tmp_12_neg = xor i32 %tmp_12_to_int, -2147483648" [r:/builds/2018.3/continuous/2018_12_06_2405991/src/products/hls/hls_lib/hlsmath/include/FloatingPoint\hls_tanh.h:111]   --->   Operation 156 'xor' 'tmp_12_neg' <Predicate = (p_Result_s)> <Delay = 0.00> <Core = "LogicGate">   --->   Core 27 'LogicGate' <Latency = 0> <II = 1> <Delay = 0.80> <FuncUnit> <Opcode : 'and' 'or' 'xor'> <InPorts = 2> <OutPorts = 1>
ST_46 : Operation 157 [1/1] (0.00ns) (grouped into LUT with out node p_s)   --->   "%tmp_12 = bitcast i32 %tmp_12_neg to float" [r:/builds/2018.3/continuous/2018_12_06_2405991/src/products/hls/hls_lib/hlsmath/include/FloatingPoint\hls_tanh.h:111]   --->   Operation 157 'bitcast' 'tmp_12' <Predicate = (p_Result_s)> <Delay = 0.00>
ST_46 : Operation 158 [1/1] (0.80ns) (out node of the LUT)   --->   "%p_s = select i1 %p_Result_s, float %tmp_12, float %resultf_4" [r:/builds/2018.3/continuous/2018_12_06_2405991/src/products/hls/hls_lib/src/hls\utils/x_hls_utils.h:310->r:/builds/2018.3/continuous/2018_12_06_2405991/src/products/hls/hls_lib/src/hls\utils/x_hls_utils.h:319->r:/builds/2018.3/continuous/2018_12_06_2405991/src/products/hls/hls_lib/hlsmath/include/FloatingPoint\hls_tanh.h:60]   --->   Operation 158 'select' 'p_s' <Predicate = true> <Delay = 0.80> <Core = "Sel">   --->   Core 26 'Sel' <Latency = 0> <II = 1> <Delay = 0.70> <FuncUnit> <Opcode : 'select'> <InPorts = 3> <OutPorts = 1>
ST_46 : Operation 159 [1/1] (0.00ns)   --->   "ret float %p_s" [r:/builds/2018.3/continuous/2018_12_06_2405991/src/products/hls/hls_lib/hlsmath/include/FloatingPoint\hls_tanh.h:113]   --->   Operation 159 'ret' <Predicate = true> <Delay = 0.00>

State 47 <SV = 26> <Delay = 8.58>
ST_47 : Operation 160 [3/4] (8.58ns)   --->   "%tmp_8 = fadd float %expx, 2.000000e+00" [r:/builds/2018.3/continuous/2018_12_06_2405991/src/products/hls/hls_lib/hlsmath/include/FloatingPoint\hls_tanh.h:94]   --->   Operation 160 'fadd' 'tmp_8' <Predicate = true> <Delay = 8.58> <Core = "FAddSub">   --->   Core 104 'FAddSub' <Latency = 3> <II = 1> <Delay = 8.58> <FuncUnit> <Opcode : 'fadd' 'fsub'> <InPorts = 2> <OutPorts = 1>

State 48 <SV = 27> <Delay = 8.58>
ST_48 : Operation 161 [2/4] (8.58ns)   --->   "%tmp_8 = fadd float %expx, 2.000000e+00" [r:/builds/2018.3/continuous/2018_12_06_2405991/src/products/hls/hls_lib/hlsmath/include/FloatingPoint\hls_tanh.h:94]   --->   Operation 161 'fadd' 'tmp_8' <Predicate = true> <Delay = 8.58> <Core = "FAddSub">   --->   Core 104 'FAddSub' <Latency = 3> <II = 1> <Delay = 8.58> <FuncUnit> <Opcode : 'fadd' 'fsub'> <InPorts = 2> <OutPorts = 1>

State 49 <SV = 28> <Delay = 8.58>
ST_49 : Operation 162 [1/4] (8.58ns)   --->   "%tmp_8 = fadd float %expx, 2.000000e+00" [r:/builds/2018.3/continuous/2018_12_06_2405991/src/products/hls/hls_lib/hlsmath/include/FloatingPoint\hls_tanh.h:94]   --->   Operation 162 'fadd' 'tmp_8' <Predicate = true> <Delay = 8.58> <Core = "FAddSub">   --->   Core 104 'FAddSub' <Latency = 3> <II = 1> <Delay = 8.58> <FuncUnit> <Opcode : 'fadd' 'fsub'> <InPorts = 2> <OutPorts = 1>

State 50 <SV = 29> <Delay = 8.00>
ST_50 : Operation 163 [1/1] (0.00ns)   --->   "%tmp_5_to_int = bitcast float %expx to i32" [r:/builds/2018.3/continuous/2018_12_06_2405991/src/products/hls/hls_lib/hlsmath/include/FloatingPoint\hls_tanh.h:94]   --->   Operation 163 'bitcast' 'tmp_5_to_int' <Predicate = true> <Delay = 0.00>
ST_50 : Operation 164 [1/1] (0.80ns)   --->   "%tmp_5_neg = xor i32 %tmp_5_to_int, -2147483648" [r:/builds/2018.3/continuous/2018_12_06_2405991/src/products/hls/hls_lib/hlsmath/include/FloatingPoint\hls_tanh.h:94]   --->   Operation 164 'xor' 'tmp_5_neg' <Predicate = true> <Delay = 0.80> <Core = "LogicGate">   --->   Core 27 'LogicGate' <Latency = 0> <II = 1> <Delay = 0.80> <FuncUnit> <Opcode : 'and' 'or' 'xor'> <InPorts = 2> <OutPorts = 1>
ST_50 : Operation 165 [1/1] (0.00ns)   --->   "%tmp_5 = bitcast i32 %tmp_5_neg to float" [r:/builds/2018.3/continuous/2018_12_06_2405991/src/products/hls/hls_lib/hlsmath/include/FloatingPoint\hls_tanh.h:94]   --->   Operation 165 'bitcast' 'tmp_5' <Predicate = true> <Delay = 0.00>
ST_50 : Operation 166 [12/12] (7.19ns)   --->   "%resultf_1 = fdiv float %tmp_5, %tmp_8" [r:/builds/2018.3/continuous/2018_12_06_2405991/src/products/hls/hls_lib/hlsmath/include/FloatingPoint\hls_tanh.h:94]   --->   Operation 166 'fdiv' 'resultf_1' <Predicate = true> <Delay = 7.19> <Core = "FDiv">   --->   Core 106 'FDiv' <Latency = 11> <II = 1> <Delay = 7.19> <FuncUnit> <Opcode : 'fdiv' 'frem'> <InPorts = 2> <OutPorts = 1>

State 51 <SV = 30> <Delay = 7.19>
ST_51 : Operation 167 [11/12] (7.19ns)   --->   "%resultf_1 = fdiv float %tmp_5, %tmp_8" [r:/builds/2018.3/continuous/2018_12_06_2405991/src/products/hls/hls_lib/hlsmath/include/FloatingPoint\hls_tanh.h:94]   --->   Operation 167 'fdiv' 'resultf_1' <Predicate = true> <Delay = 7.19> <Core = "FDiv">   --->   Core 106 'FDiv' <Latency = 11> <II = 1> <Delay = 7.19> <FuncUnit> <Opcode : 'fdiv' 'frem'> <InPorts = 2> <OutPorts = 1>

State 52 <SV = 31> <Delay = 7.19>
ST_52 : Operation 168 [10/12] (7.19ns)   --->   "%resultf_1 = fdiv float %tmp_5, %tmp_8" [r:/builds/2018.3/continuous/2018_12_06_2405991/src/products/hls/hls_lib/hlsmath/include/FloatingPoint\hls_tanh.h:94]   --->   Operation 168 'fdiv' 'resultf_1' <Predicate = true> <Delay = 7.19> <Core = "FDiv">   --->   Core 106 'FDiv' <Latency = 11> <II = 1> <Delay = 7.19> <FuncUnit> <Opcode : 'fdiv' 'frem'> <InPorts = 2> <OutPorts = 1>

State 53 <SV = 32> <Delay = 7.19>
ST_53 : Operation 169 [9/12] (7.19ns)   --->   "%resultf_1 = fdiv float %tmp_5, %tmp_8" [r:/builds/2018.3/continuous/2018_12_06_2405991/src/products/hls/hls_lib/hlsmath/include/FloatingPoint\hls_tanh.h:94]   --->   Operation 169 'fdiv' 'resultf_1' <Predicate = true> <Delay = 7.19> <Core = "FDiv">   --->   Core 106 'FDiv' <Latency = 11> <II = 1> <Delay = 7.19> <FuncUnit> <Opcode : 'fdiv' 'frem'> <InPorts = 2> <OutPorts = 1>

State 54 <SV = 33> <Delay = 7.19>
ST_54 : Operation 170 [8/12] (7.19ns)   --->   "%resultf_1 = fdiv float %tmp_5, %tmp_8" [r:/builds/2018.3/continuous/2018_12_06_2405991/src/products/hls/hls_lib/hlsmath/include/FloatingPoint\hls_tanh.h:94]   --->   Operation 170 'fdiv' 'resultf_1' <Predicate = true> <Delay = 7.19> <Core = "FDiv">   --->   Core 106 'FDiv' <Latency = 11> <II = 1> <Delay = 7.19> <FuncUnit> <Opcode : 'fdiv' 'frem'> <InPorts = 2> <OutPorts = 1>

State 55 <SV = 34> <Delay = 7.19>
ST_55 : Operation 171 [7/12] (7.19ns)   --->   "%resultf_1 = fdiv float %tmp_5, %tmp_8" [r:/builds/2018.3/continuous/2018_12_06_2405991/src/products/hls/hls_lib/hlsmath/include/FloatingPoint\hls_tanh.h:94]   --->   Operation 171 'fdiv' 'resultf_1' <Predicate = true> <Delay = 7.19> <Core = "FDiv">   --->   Core 106 'FDiv' <Latency = 11> <II = 1> <Delay = 7.19> <FuncUnit> <Opcode : 'fdiv' 'frem'> <InPorts = 2> <OutPorts = 1>

State 56 <SV = 35> <Delay = 7.19>
ST_56 : Operation 172 [6/12] (7.19ns)   --->   "%resultf_1 = fdiv float %tmp_5, %tmp_8" [r:/builds/2018.3/continuous/2018_12_06_2405991/src/products/hls/hls_lib/hlsmath/include/FloatingPoint\hls_tanh.h:94]   --->   Operation 172 'fdiv' 'resultf_1' <Predicate = true> <Delay = 7.19> <Core = "FDiv">   --->   Core 106 'FDiv' <Latency = 11> <II = 1> <Delay = 7.19> <FuncUnit> <Opcode : 'fdiv' 'frem'> <InPorts = 2> <OutPorts = 1>

State 57 <SV = 36> <Delay = 7.19>
ST_57 : Operation 173 [5/12] (7.19ns)   --->   "%resultf_1 = fdiv float %tmp_5, %tmp_8" [r:/builds/2018.3/continuous/2018_12_06_2405991/src/products/hls/hls_lib/hlsmath/include/FloatingPoint\hls_tanh.h:94]   --->   Operation 173 'fdiv' 'resultf_1' <Predicate = true> <Delay = 7.19> <Core = "FDiv">   --->   Core 106 'FDiv' <Latency = 11> <II = 1> <Delay = 7.19> <FuncUnit> <Opcode : 'fdiv' 'frem'> <InPorts = 2> <OutPorts = 1>

State 58 <SV = 37> <Delay = 7.19>
ST_58 : Operation 174 [4/12] (7.19ns)   --->   "%resultf_1 = fdiv float %tmp_5, %tmp_8" [r:/builds/2018.3/continuous/2018_12_06_2405991/src/products/hls/hls_lib/hlsmath/include/FloatingPoint\hls_tanh.h:94]   --->   Operation 174 'fdiv' 'resultf_1' <Predicate = true> <Delay = 7.19> <Core = "FDiv">   --->   Core 106 'FDiv' <Latency = 11> <II = 1> <Delay = 7.19> <FuncUnit> <Opcode : 'fdiv' 'frem'> <InPorts = 2> <OutPorts = 1>

State 59 <SV = 38> <Delay = 7.19>
ST_59 : Operation 175 [3/12] (7.19ns)   --->   "%resultf_1 = fdiv float %tmp_5, %tmp_8" [r:/builds/2018.3/continuous/2018_12_06_2405991/src/products/hls/hls_lib/hlsmath/include/FloatingPoint\hls_tanh.h:94]   --->   Operation 175 'fdiv' 'resultf_1' <Predicate = true> <Delay = 7.19> <Core = "FDiv">   --->   Core 106 'FDiv' <Latency = 11> <II = 1> <Delay = 7.19> <FuncUnit> <Opcode : 'fdiv' 'frem'> <InPorts = 2> <OutPorts = 1>

State 60 <SV = 39> <Delay = 7.19>
ST_60 : Operation 176 [2/12] (7.19ns)   --->   "%resultf_1 = fdiv float %tmp_5, %tmp_8" [r:/builds/2018.3/continuous/2018_12_06_2405991/src/products/hls/hls_lib/hlsmath/include/FloatingPoint\hls_tanh.h:94]   --->   Operation 176 'fdiv' 'resultf_1' <Predicate = true> <Delay = 7.19> <Core = "FDiv">   --->   Core 106 'FDiv' <Latency = 11> <II = 1> <Delay = 7.19> <FuncUnit> <Opcode : 'fdiv' 'frem'> <InPorts = 2> <OutPorts = 1>

State 61 <SV = 40> <Delay = 7.19>
ST_61 : Operation 177 [1/12] (7.19ns)   --->   "%resultf_1 = fdiv float %tmp_5, %tmp_8" [r:/builds/2018.3/continuous/2018_12_06_2405991/src/products/hls/hls_lib/hlsmath/include/FloatingPoint\hls_tanh.h:94]   --->   Operation 177 'fdiv' 'resultf_1' <Predicate = true> <Delay = 7.19> <Core = "FDiv">   --->   Core 106 'FDiv' <Latency = 11> <II = 1> <Delay = 7.19> <FuncUnit> <Opcode : 'fdiv' 'frem'> <InPorts = 2> <OutPorts = 1>
ST_61 : Operation 178 [1/1] (1.48ns)   --->   "br label %._crit_edge_ifconv" [r:/builds/2018.3/continuous/2018_12_06_2405991/src/products/hls/hls_lib/hlsmath/include/FloatingPoint\hls_tanh.h:95]   --->   Operation 178 'br' <Predicate = true> <Delay = 1.48>

State 62 <SV = 1> <Delay = 8.58>
ST_62 : Operation 179 [3/4] (8.58ns)   --->   "%tmp_2 = fadd float %abst_in, 1.000000e+00" [r:/builds/2018.3/continuous/2018_12_06_2405991/src/products/hls/hls_lib/hlsmath/include/FloatingPoint\hls_tanh.h:77]   --->   Operation 179 'fadd' 'tmp_2' <Predicate = true> <Delay = 8.58> <Core = "FAddSub">   --->   Core 104 'FAddSub' <Latency = 3> <II = 1> <Delay = 8.58> <FuncUnit> <Opcode : 'fadd' 'fsub'> <InPorts = 2> <OutPorts = 1>

State 63 <SV = 2> <Delay = 8.58>
ST_63 : Operation 180 [2/4] (8.58ns)   --->   "%tmp_2 = fadd float %abst_in, 1.000000e+00" [r:/builds/2018.3/continuous/2018_12_06_2405991/src/products/hls/hls_lib/hlsmath/include/FloatingPoint\hls_tanh.h:77]   --->   Operation 180 'fadd' 'tmp_2' <Predicate = true> <Delay = 8.58> <Core = "FAddSub">   --->   Core 104 'FAddSub' <Latency = 3> <II = 1> <Delay = 8.58> <FuncUnit> <Opcode : 'fadd' 'fsub'> <InPorts = 2> <OutPorts = 1>

State 64 <SV = 3> <Delay = 8.58>
ST_64 : Operation 181 [1/4] (8.58ns)   --->   "%tmp_2 = fadd float %abst_in, 1.000000e+00" [r:/builds/2018.3/continuous/2018_12_06_2405991/src/products/hls/hls_lib/hlsmath/include/FloatingPoint\hls_tanh.h:77]   --->   Operation 181 'fadd' 'tmp_2' <Predicate = true> <Delay = 8.58> <Core = "FAddSub">   --->   Core 104 'FAddSub' <Latency = 3> <II = 1> <Delay = 8.58> <FuncUnit> <Opcode : 'fadd' 'fsub'> <InPorts = 2> <OutPorts = 1>

State 65 <SV = 4> <Delay = 8.43>
ST_65 : Operation 182 [3/3] (8.43ns)   --->   "%resultf = fmul float %abst_in, %tmp_2" [r:/builds/2018.3/continuous/2018_12_06_2405991/src/products/hls/hls_lib/hlsmath/include/FloatingPoint\hls_tanh.h:77]   --->   Operation 182 'fmul' 'resultf' <Predicate = true> <Delay = 8.43> <Core = "FMul">   --->   Core 105 'FMul' <Latency = 2> <II = 1> <Delay = 8.43> <FuncUnit> <Opcode : 'fmul'> <InPorts = 2> <OutPorts = 1>

State 66 <SV = 5> <Delay = 8.43>
ST_66 : Operation 183 [2/3] (8.43ns)   --->   "%resultf = fmul float %abst_in, %tmp_2" [r:/builds/2018.3/continuous/2018_12_06_2405991/src/products/hls/hls_lib/hlsmath/include/FloatingPoint\hls_tanh.h:77]   --->   Operation 183 'fmul' 'resultf' <Predicate = true> <Delay = 8.43> <Core = "FMul">   --->   Core 105 'FMul' <Latency = 2> <II = 1> <Delay = 8.43> <FuncUnit> <Opcode : 'fmul'> <InPorts = 2> <OutPorts = 1>

State 67 <SV = 6> <Delay = 8.43>
ST_67 : Operation 184 [1/3] (8.43ns)   --->   "%resultf = fmul float %abst_in, %tmp_2" [r:/builds/2018.3/continuous/2018_12_06_2405991/src/products/hls/hls_lib/hlsmath/include/FloatingPoint\hls_tanh.h:77]   --->   Operation 184 'fmul' 'resultf' <Predicate = true> <Delay = 8.43> <Core = "FMul">   --->   Core 105 'FMul' <Latency = 2> <II = 1> <Delay = 8.43> <FuncUnit> <Opcode : 'fmul'> <InPorts = 2> <OutPorts = 1>

State 68 <SV = 7> <Delay = 1.48>
ST_68 : Operation 185 [1/1] (1.48ns)   --->   "br label %._crit_edge_ifconv" [r:/builds/2018.3/continuous/2018_12_06_2405991/src/products/hls/hls_lib/hlsmath/include/FloatingPoint\hls_tanh.h:78]   --->   Operation 185 'br' <Predicate = true> <Delay = 1.48>


============================================================
+ Verbose Summary: Timing violations
============================================================
Target clock period: 10ns, clock uncertainty: 1.25ns.

 <State 1>: 8.59ns
The critical path consists of the following:
	wire read on port 't_in' (r:/builds/2018.3/continuous/2018_12_06_2405991/src/products/hls/hls_lib/hlsmath/include/FloatingPoint\hls_tanh.h:56) [5]  (0 ns)
	'fadd' operation ('tmp_2', r:/builds/2018.3/continuous/2018_12_06_2405991/src/products/hls/hls_lib/hlsmath/include/FloatingPoint\hls_tanh.h:77) [62]  (8.59 ns)

 <State 2>: 8.59ns
The critical path consists of the following:
	'fsub' operation ('x', r:/builds/2018.3/continuous/2018_12_06_2405991/src/products/hls/hls_lib/hlsmath/include/FloatingPoint\hls_tanh.h:83) [30]  (8.59 ns)

 <State 3>: 8.59ns
The critical path consists of the following:
	'fsub' operation ('x', r:/builds/2018.3/continuous/2018_12_06_2405991/src/products/hls/hls_lib/hlsmath/include/FloatingPoint\hls_tanh.h:83) [30]  (8.59 ns)

 <State 4>: 8.59ns
The critical path consists of the following:
	'fsub' operation ('x', r:/builds/2018.3/continuous/2018_12_06_2405991/src/products/hls/hls_lib/hlsmath/include/FloatingPoint\hls_tanh.h:83) [30]  (8.59 ns)

 <State 5>: 8.59ns
The critical path consists of the following:
	'fsub' operation ('x', r:/builds/2018.3/continuous/2018_12_06_2405991/src/products/hls/hls_lib/hlsmath/include/FloatingPoint\hls_tanh.h:83) [30]  (8.59 ns)

 <State 6>: 4.65ns
The critical path consists of the following:
	'select' operation ('x', r:/builds/2018.3/continuous/2018_12_06_2405991/src/products/hls/hls_lib/hlsmath/include/FloatingPoint\hls_tanh.h:86) [32]  (0.705 ns)
	'fpext' operation ('xd', r:/builds/2018.3/continuous/2018_12_06_2405991/src/products/hls/hls_lib/hlsmath/src/common/hls_exp_float.cpp:10->r:/builds/2018.3/continuous/2018_12_06_2405991/src/products/hls/hls_lib/hlsmath/include/FloatingPoint\hls_tanh.h:89) [41]  (3.95 ns)

 <State 7>: 6.9ns
The critical path consists of the following:
	'call' operation ('tmp_13_i', r:/builds/2018.3/continuous/2018_12_06_2405991/src/products/hls/hls_lib/hlsmath/src/common/hls_exp_float.cpp:11->r:/builds/2018.3/continuous/2018_12_06_2405991/src/products/hls/hls_lib/hlsmath/include/FloatingPoint\hls_tanh.h:89) to 'exp_generic<double>' [42]  (6.9 ns)

 <State 8>: 8.66ns
The critical path consists of the following:
	'call' operation ('tmp_13_i', r:/builds/2018.3/continuous/2018_12_06_2405991/src/products/hls/hls_lib/hlsmath/src/common/hls_exp_float.cpp:11->r:/builds/2018.3/continuous/2018_12_06_2405991/src/products/hls/hls_lib/hlsmath/include/FloatingPoint\hls_tanh.h:89) to 'exp_generic<double>' [42]  (8.66 ns)

 <State 9>: 8.66ns
The critical path consists of the following:
	'call' operation ('tmp_13_i', r:/builds/2018.3/continuous/2018_12_06_2405991/src/products/hls/hls_lib/hlsmath/src/common/hls_exp_float.cpp:11->r:/builds/2018.3/continuous/2018_12_06_2405991/src/products/hls/hls_lib/hlsmath/include/FloatingPoint\hls_tanh.h:89) to 'exp_generic<double>' [42]  (8.66 ns)

 <State 10>: 8.66ns
The critical path consists of the following:
	'call' operation ('tmp_13_i', r:/builds/2018.3/continuous/2018_12_06_2405991/src/products/hls/hls_lib/hlsmath/src/common/hls_exp_float.cpp:11->r:/builds/2018.3/continuous/2018_12_06_2405991/src/products/hls/hls_lib/hlsmath/include/FloatingPoint\hls_tanh.h:89) to 'exp_generic<double>' [42]  (8.66 ns)

 <State 11>: 8.66ns
The critical path consists of the following:
	'call' operation ('tmp_13_i', r:/builds/2018.3/continuous/2018_12_06_2405991/src/products/hls/hls_lib/hlsmath/src/common/hls_exp_float.cpp:11->r:/builds/2018.3/continuous/2018_12_06_2405991/src/products/hls/hls_lib/hlsmath/include/FloatingPoint\hls_tanh.h:89) to 'exp_generic<double>' [42]  (8.66 ns)

 <State 12>: 8.66ns
The critical path consists of the following:
	'call' operation ('tmp_13_i', r:/builds/2018.3/continuous/2018_12_06_2405991/src/products/hls/hls_lib/hlsmath/src/common/hls_exp_float.cpp:11->r:/builds/2018.3/continuous/2018_12_06_2405991/src/products/hls/hls_lib/hlsmath/include/FloatingPoint\hls_tanh.h:89) to 'exp_generic<double>' [42]  (8.66 ns)

 <State 13>: 8.66ns
The critical path consists of the following:
	'call' operation ('tmp_13_i', r:/builds/2018.3/continuous/2018_12_06_2405991/src/products/hls/hls_lib/hlsmath/src/common/hls_exp_float.cpp:11->r:/builds/2018.3/continuous/2018_12_06_2405991/src/products/hls/hls_lib/hlsmath/include/FloatingPoint\hls_tanh.h:89) to 'exp_generic<double>' [42]  (8.66 ns)

 <State 14>: 8.66ns
The critical path consists of the following:
	'call' operation ('tmp_13_i', r:/builds/2018.3/continuous/2018_12_06_2405991/src/products/hls/hls_lib/hlsmath/src/common/hls_exp_float.cpp:11->r:/builds/2018.3/continuous/2018_12_06_2405991/src/products/hls/hls_lib/hlsmath/include/FloatingPoint\hls_tanh.h:89) to 'exp_generic<double>' [42]  (8.66 ns)

 <State 15>: 8.66ns
The critical path consists of the following:
	'call' operation ('tmp_13_i', r:/builds/2018.3/continuous/2018_12_06_2405991/src/products/hls/hls_lib/hlsmath/src/common/hls_exp_float.cpp:11->r:/builds/2018.3/continuous/2018_12_06_2405991/src/products/hls/hls_lib/hlsmath/include/FloatingPoint\hls_tanh.h:89) to 'exp_generic<double>' [42]  (8.66 ns)

 <State 16>: 8.66ns
The critical path consists of the following:
	'call' operation ('tmp_13_i', r:/builds/2018.3/continuous/2018_12_06_2405991/src/products/hls/hls_lib/hlsmath/src/common/hls_exp_float.cpp:11->r:/builds/2018.3/continuous/2018_12_06_2405991/src/products/hls/hls_lib/hlsmath/include/FloatingPoint\hls_tanh.h:89) to 'exp_generic<double>' [42]  (8.66 ns)

 <State 17>: 8.66ns
The critical path consists of the following:
	'call' operation ('tmp_13_i', r:/builds/2018.3/continuous/2018_12_06_2405991/src/products/hls/hls_lib/hlsmath/src/common/hls_exp_float.cpp:11->r:/builds/2018.3/continuous/2018_12_06_2405991/src/products/hls/hls_lib/hlsmath/include/FloatingPoint\hls_tanh.h:89) to 'exp_generic<double>' [42]  (8.66 ns)

 <State 18>: 8.66ns
The critical path consists of the following:
	'call' operation ('tmp_13_i', r:/builds/2018.3/continuous/2018_12_06_2405991/src/products/hls/hls_lib/hlsmath/src/common/hls_exp_float.cpp:11->r:/builds/2018.3/continuous/2018_12_06_2405991/src/products/hls/hls_lib/hlsmath/include/FloatingPoint\hls_tanh.h:89) to 'exp_generic<double>' [42]  (8.66 ns)

 <State 19>: 4.74ns
The critical path consists of the following:
	'call' operation ('tmp_13_i', r:/builds/2018.3/continuous/2018_12_06_2405991/src/products/hls/hls_lib/hlsmath/src/common/hls_exp_float.cpp:11->r:/builds/2018.3/continuous/2018_12_06_2405991/src/products/hls/hls_lib/hlsmath/include/FloatingPoint\hls_tanh.h:89) to 'exp_generic<double>' [42]  (4.74 ns)

 <State 20>: 7.52ns
The critical path consists of the following:
	'dadd' operation ('tmp_14_i', r:/builds/2018.3/continuous/2018_12_06_2405991/src/products/hls/hls_lib/hlsmath/src/common/hls_exp_float.cpp:11->r:/builds/2018.3/continuous/2018_12_06_2405991/src/products/hls/hls_lib/hlsmath/include/FloatingPoint\hls_tanh.h:89) [43]  (7.52 ns)

 <State 21>: 7.52ns
The critical path consists of the following:
	'dadd' operation ('tmp_14_i', r:/builds/2018.3/continuous/2018_12_06_2405991/src/products/hls/hls_lib/hlsmath/src/common/hls_exp_float.cpp:11->r:/builds/2018.3/continuous/2018_12_06_2405991/src/products/hls/hls_lib/hlsmath/include/FloatingPoint\hls_tanh.h:89) [43]  (7.52 ns)

 <State 22>: 7.52ns
The critical path consists of the following:
	'dadd' operation ('tmp_14_i', r:/builds/2018.3/continuous/2018_12_06_2405991/src/products/hls/hls_lib/hlsmath/src/common/hls_exp_float.cpp:11->r:/builds/2018.3/continuous/2018_12_06_2405991/src/products/hls/hls_lib/hlsmath/include/FloatingPoint\hls_tanh.h:89) [43]  (7.52 ns)

 <State 23>: 7.52ns
The critical path consists of the following:
	'dadd' operation ('tmp_14_i', r:/builds/2018.3/continuous/2018_12_06_2405991/src/products/hls/hls_lib/hlsmath/src/common/hls_exp_float.cpp:11->r:/builds/2018.3/continuous/2018_12_06_2405991/src/products/hls/hls_lib/hlsmath/include/FloatingPoint\hls_tanh.h:89) [43]  (7.52 ns)

 <State 24>: 7.52ns
The critical path consists of the following:
	'dadd' operation ('tmp_14_i', r:/builds/2018.3/continuous/2018_12_06_2405991/src/products/hls/hls_lib/hlsmath/src/common/hls_exp_float.cpp:11->r:/builds/2018.3/continuous/2018_12_06_2405991/src/products/hls/hls_lib/hlsmath/include/FloatingPoint\hls_tanh.h:89) [43]  (7.52 ns)

 <State 25>: 5.44ns
The critical path consists of the following:
	'fptrunc' operation ('tmp_15_i', r:/builds/2018.3/continuous/2018_12_06_2405991/src/products/hls/hls_lib/hlsmath/src/common/hls_exp_float.cpp:11->r:/builds/2018.3/continuous/2018_12_06_2405991/src/products/hls/hls_lib/hlsmath/include/FloatingPoint\hls_tanh.h:89) [44]  (5.44 ns)

 <State 26>: 8.59ns
The critical path consists of the following:
	'phi' operation ('x') with incoming values : ('x', r:/builds/2018.3/continuous/2018_12_06_2405991/src/products/hls/hls_lib/hlsmath/include/FloatingPoint\hls_tanh.h:86) ('tmp_15_i', r:/builds/2018.3/continuous/2018_12_06_2405991/src/products/hls/hls_lib/hlsmath/src/common/hls_exp_float.cpp:11->r:/builds/2018.3/continuous/2018_12_06_2405991/src/products/hls/hls_lib/hlsmath/include/FloatingPoint\hls_tanh.h:89) [47]  (0 ns)
	'fadd' operation ('tmp_10', r:/builds/2018.3/continuous/2018_12_06_2405991/src/products/hls/hls_lib/hlsmath/include/FloatingPoint\hls_tanh.h:99) [50]  (8.59 ns)

 <State 27>: 8.59ns
The critical path consists of the following:
	'fadd' operation ('tmp_10', r:/builds/2018.3/continuous/2018_12_06_2405991/src/products/hls/hls_lib/hlsmath/include/FloatingPoint\hls_tanh.h:99) [50]  (8.59 ns)

 <State 28>: 8.59ns
The critical path consists of the following:
	'fadd' operation ('tmp_10', r:/builds/2018.3/continuous/2018_12_06_2405991/src/products/hls/hls_lib/hlsmath/include/FloatingPoint\hls_tanh.h:99) [50]  (8.59 ns)

 <State 29>: 8.59ns
The critical path consists of the following:
	'fadd' operation ('tmp_10', r:/builds/2018.3/continuous/2018_12_06_2405991/src/products/hls/hls_lib/hlsmath/include/FloatingPoint\hls_tanh.h:99) [50]  (8.59 ns)

 <State 30>: 7.2ns
The critical path consists of the following:
	'fdiv' operation ('tmp_11', r:/builds/2018.3/continuous/2018_12_06_2405991/src/products/hls/hls_lib/hlsmath/include/FloatingPoint\hls_tanh.h:99) [51]  (7.2 ns)

 <State 31>: 7.2ns
The critical path consists of the following:
	'fdiv' operation ('tmp_11', r:/builds/2018.3/continuous/2018_12_06_2405991/src/products/hls/hls_lib/hlsmath/include/FloatingPoint\hls_tanh.h:99) [51]  (7.2 ns)

 <State 32>: 7.2ns
The critical path consists of the following:
	'fdiv' operation ('tmp_11', r:/builds/2018.3/continuous/2018_12_06_2405991/src/products/hls/hls_lib/hlsmath/include/FloatingPoint\hls_tanh.h:99) [51]  (7.2 ns)

 <State 33>: 7.2ns
The critical path consists of the following:
	'fdiv' operation ('tmp_11', r:/builds/2018.3/continuous/2018_12_06_2405991/src/products/hls/hls_lib/hlsmath/include/FloatingPoint\hls_tanh.h:99) [51]  (7.2 ns)

 <State 34>: 7.2ns
The critical path consists of the following:
	'fdiv' operation ('tmp_11', r:/builds/2018.3/continuous/2018_12_06_2405991/src/products/hls/hls_lib/hlsmath/include/FloatingPoint\hls_tanh.h:99) [51]  (7.2 ns)

 <State 35>: 7.2ns
The critical path consists of the following:
	'fdiv' operation ('tmp_11', r:/builds/2018.3/continuous/2018_12_06_2405991/src/products/hls/hls_lib/hlsmath/include/FloatingPoint\hls_tanh.h:99) [51]  (7.2 ns)

 <State 36>: 7.2ns
The critical path consists of the following:
	'fdiv' operation ('tmp_11', r:/builds/2018.3/continuous/2018_12_06_2405991/src/products/hls/hls_lib/hlsmath/include/FloatingPoint\hls_tanh.h:99) [51]  (7.2 ns)

 <State 37>: 7.2ns
The critical path consists of the following:
	'fdiv' operation ('tmp_11', r:/builds/2018.3/continuous/2018_12_06_2405991/src/products/hls/hls_lib/hlsmath/include/FloatingPoint\hls_tanh.h:99) [51]  (7.2 ns)

 <State 38>: 7.2ns
The critical path consists of the following:
	'fdiv' operation ('tmp_11', r:/builds/2018.3/continuous/2018_12_06_2405991/src/products/hls/hls_lib/hlsmath/include/FloatingPoint\hls_tanh.h:99) [51]  (7.2 ns)

 <State 39>: 7.2ns
The critical path consists of the following:
	'fdiv' operation ('tmp_11', r:/builds/2018.3/continuous/2018_12_06_2405991/src/products/hls/hls_lib/hlsmath/include/FloatingPoint\hls_tanh.h:99) [51]  (7.2 ns)

 <State 40>: 7.2ns
The critical path consists of the following:
	'fdiv' operation ('tmp_11', r:/builds/2018.3/continuous/2018_12_06_2405991/src/products/hls/hls_lib/hlsmath/include/FloatingPoint\hls_tanh.h:99) [51]  (7.2 ns)

 <State 41>: 7.2ns
The critical path consists of the following:
	'fdiv' operation ('tmp_11', r:/builds/2018.3/continuous/2018_12_06_2405991/src/products/hls/hls_lib/hlsmath/include/FloatingPoint\hls_tanh.h:99) [51]  (7.2 ns)

 <State 42>: 8.59ns
The critical path consists of the following:
	'fsub' operation ('resultf', r:/builds/2018.3/continuous/2018_12_06_2405991/src/products/hls/hls_lib/hlsmath/include/FloatingPoint\hls_tanh.h:99) [52]  (8.59 ns)

 <State 43>: 8.59ns
The critical path consists of the following:
	'fsub' operation ('resultf', r:/builds/2018.3/continuous/2018_12_06_2405991/src/products/hls/hls_lib/hlsmath/include/FloatingPoint\hls_tanh.h:99) [52]  (8.59 ns)

 <State 44>: 8.59ns
The critical path consists of the following:
	'fsub' operation ('resultf', r:/builds/2018.3/continuous/2018_12_06_2405991/src/products/hls/hls_lib/hlsmath/include/FloatingPoint\hls_tanh.h:99) [52]  (8.59 ns)

 <State 45>: 8.59ns
The critical path consists of the following:
	'fsub' operation ('resultf', r:/builds/2018.3/continuous/2018_12_06_2405991/src/products/hls/hls_lib/hlsmath/include/FloatingPoint\hls_tanh.h:99) [52]  (8.59 ns)

 <State 46>: 2.29ns
The critical path consists of the following:
	multiplexor before 'phi' operation ('resultf') with incoming values : ('resultf', r:/builds/2018.3/continuous/2018_12_06_2405991/src/products/hls/hls_lib/hlsmath/include/FloatingPoint\hls_tanh.h:99) ('resultf', r:/builds/2018.3/continuous/2018_12_06_2405991/src/products/hls/hls_lib/hlsmath/include/FloatingPoint\hls_tanh.h:94) ('resultf', r:/builds/2018.3/continuous/2018_12_06_2405991/src/products/hls/hls_lib/hlsmath/include/FloatingPoint\hls_tanh.h:77) ('p_1', r:/builds/2018.3/continuous/2018_12_06_2405991/src/products/hls/hls_lib/hlsmath/include/FloatingPoint\hls_tanh.h:66) [70]  (1.48 ns)
	'phi' operation ('resultf') with incoming values : ('resultf', r:/builds/2018.3/continuous/2018_12_06_2405991/src/products/hls/hls_lib/hlsmath/include/FloatingPoint\hls_tanh.h:99) ('resultf', r:/builds/2018.3/continuous/2018_12_06_2405991/src/products/hls/hls_lib/hlsmath/include/FloatingPoint\hls_tanh.h:94) ('resultf', r:/builds/2018.3/continuous/2018_12_06_2405991/src/products/hls/hls_lib/hlsmath/include/FloatingPoint\hls_tanh.h:77) ('p_1', r:/builds/2018.3/continuous/2018_12_06_2405991/src/products/hls/hls_lib/hlsmath/include/FloatingPoint\hls_tanh.h:66) [70]  (0 ns)
	'select' operation ('p_s', r:/builds/2018.3/continuous/2018_12_06_2405991/src/products/hls/hls_lib/src/hls\utils/x_hls_utils.h:310->r:/builds/2018.3/continuous/2018_12_06_2405991/src/products/hls/hls_lib/src/hls\utils/x_hls_utils.h:319->r:/builds/2018.3/continuous/2018_12_06_2405991/src/products/hls/hls_lib/hlsmath/include/FloatingPoint\hls_tanh.h:60) [74]  (0.808 ns)

 <State 47>: 8.59ns
The critical path consists of the following:
	'fadd' operation ('tmp_8', r:/builds/2018.3/continuous/2018_12_06_2405991/src/products/hls/hls_lib/hlsmath/include/FloatingPoint\hls_tanh.h:94) [58]  (8.59 ns)

 <State 48>: 8.59ns
The critical path consists of the following:
	'fadd' operation ('tmp_8', r:/builds/2018.3/continuous/2018_12_06_2405991/src/products/hls/hls_lib/hlsmath/include/FloatingPoint\hls_tanh.h:94) [58]  (8.59 ns)

 <State 49>: 8.59ns
The critical path consists of the following:
	'fadd' operation ('tmp_8', r:/builds/2018.3/continuous/2018_12_06_2405991/src/products/hls/hls_lib/hlsmath/include/FloatingPoint\hls_tanh.h:94) [58]  (8.59 ns)

 <State 50>: 8ns
The critical path consists of the following:
	'xor' operation ('tmp_5_neg', r:/builds/2018.3/continuous/2018_12_06_2405991/src/products/hls/hls_lib/hlsmath/include/FloatingPoint\hls_tanh.h:94) [56]  (0.808 ns)
	'fdiv' operation ('resultf', r:/builds/2018.3/continuous/2018_12_06_2405991/src/products/hls/hls_lib/hlsmath/include/FloatingPoint\hls_tanh.h:94) [59]  (7.2 ns)

 <State 51>: 7.2ns
The critical path consists of the following:
	'fdiv' operation ('resultf', r:/builds/2018.3/continuous/2018_12_06_2405991/src/products/hls/hls_lib/hlsmath/include/FloatingPoint\hls_tanh.h:94) [59]  (7.2 ns)

 <State 52>: 7.2ns
The critical path consists of the following:
	'fdiv' operation ('resultf', r:/builds/2018.3/continuous/2018_12_06_2405991/src/products/hls/hls_lib/hlsmath/include/FloatingPoint\hls_tanh.h:94) [59]  (7.2 ns)

 <State 53>: 7.2ns
The critical path consists of the following:
	'fdiv' operation ('resultf', r:/builds/2018.3/continuous/2018_12_06_2405991/src/products/hls/hls_lib/hlsmath/include/FloatingPoint\hls_tanh.h:94) [59]  (7.2 ns)

 <State 54>: 7.2ns
The critical path consists of the following:
	'fdiv' operation ('resultf', r:/builds/2018.3/continuous/2018_12_06_2405991/src/products/hls/hls_lib/hlsmath/include/FloatingPoint\hls_tanh.h:94) [59]  (7.2 ns)

 <State 55>: 7.2ns
The critical path consists of the following:
	'fdiv' operation ('resultf', r:/builds/2018.3/continuous/2018_12_06_2405991/src/products/hls/hls_lib/hlsmath/include/FloatingPoint\hls_tanh.h:94) [59]  (7.2 ns)

 <State 56>: 7.2ns
The critical path consists of the following:
	'fdiv' operation ('resultf', r:/builds/2018.3/continuous/2018_12_06_2405991/src/products/hls/hls_lib/hlsmath/include/FloatingPoint\hls_tanh.h:94) [59]  (7.2 ns)

 <State 57>: 7.2ns
The critical path consists of the following:
	'fdiv' operation ('resultf', r:/builds/2018.3/continuous/2018_12_06_2405991/src/products/hls/hls_lib/hlsmath/include/FloatingPoint\hls_tanh.h:94) [59]  (7.2 ns)

 <State 58>: 7.2ns
The critical path consists of the following:
	'fdiv' operation ('resultf', r:/builds/2018.3/continuous/2018_12_06_2405991/src/products/hls/hls_lib/hlsmath/include/FloatingPoint\hls_tanh.h:94) [59]  (7.2 ns)

 <State 59>: 7.2ns
The critical path consists of the following:
	'fdiv' operation ('resultf', r:/builds/2018.3/continuous/2018_12_06_2405991/src/products/hls/hls_lib/hlsmath/include/FloatingPoint\hls_tanh.h:94) [59]  (7.2 ns)

 <State 60>: 7.2ns
The critical path consists of the following:
	'fdiv' operation ('resultf', r:/builds/2018.3/continuous/2018_12_06_2405991/src/products/hls/hls_lib/hlsmath/include/FloatingPoint\hls_tanh.h:94) [59]  (7.2 ns)

 <State 61>: 7.2ns
The critical path consists of the following:
	'fdiv' operation ('resultf', r:/builds/2018.3/continuous/2018_12_06_2405991/src/products/hls/hls_lib/hlsmath/include/FloatingPoint\hls_tanh.h:94) [59]  (7.2 ns)

 <State 62>: 8.59ns
The critical path consists of the following:
	'fadd' operation ('tmp_2', r:/builds/2018.3/continuous/2018_12_06_2405991/src/products/hls/hls_lib/hlsmath/include/FloatingPoint\hls_tanh.h:77) [62]  (8.59 ns)

 <State 63>: 8.59ns
The critical path consists of the following:
	'fadd' operation ('tmp_2', r:/builds/2018.3/continuous/2018_12_06_2405991/src/products/hls/hls_lib/hlsmath/include/FloatingPoint\hls_tanh.h:77) [62]  (8.59 ns)

 <State 64>: 8.59ns
The critical path consists of the following:
	'fadd' operation ('tmp_2', r:/builds/2018.3/continuous/2018_12_06_2405991/src/products/hls/hls_lib/hlsmath/include/FloatingPoint\hls_tanh.h:77) [62]  (8.59 ns)

 <State 65>: 8.43ns
The critical path consists of the following:
	'fmul' operation ('resultf', r:/builds/2018.3/continuous/2018_12_06_2405991/src/products/hls/hls_lib/hlsmath/include/FloatingPoint\hls_tanh.h:77) [63]  (8.43 ns)

 <State 66>: 8.43ns
The critical path consists of the following:
	'fmul' operation ('resultf', r:/builds/2018.3/continuous/2018_12_06_2405991/src/products/hls/hls_lib/hlsmath/include/FloatingPoint\hls_tanh.h:77) [63]  (8.43 ns)

 <State 67>: 8.43ns
The critical path consists of the following:
	'fmul' operation ('resultf', r:/builds/2018.3/continuous/2018_12_06_2405991/src/products/hls/hls_lib/hlsmath/include/FloatingPoint\hls_tanh.h:77) [63]  (8.43 ns)

 <State 68>: 1.48ns
The critical path consists of the following:
	multiplexor before 'phi' operation ('resultf') with incoming values : ('resultf', r:/builds/2018.3/continuous/2018_12_06_2405991/src/products/hls/hls_lib/hlsmath/include/FloatingPoint\hls_tanh.h:99) ('resultf', r:/builds/2018.3/continuous/2018_12_06_2405991/src/products/hls/hls_lib/hlsmath/include/FloatingPoint\hls_tanh.h:94) ('resultf', r:/builds/2018.3/continuous/2018_12_06_2405991/src/products/hls/hls_lib/hlsmath/include/FloatingPoint\hls_tanh.h:77) ('p_1', r:/builds/2018.3/continuous/2018_12_06_2405991/src/products/hls/hls_lib/hlsmath/include/FloatingPoint\hls_tanh.h:66) [70]  (1.48 ns)


============================================================
+ Verbose Summary: Binding
============================================================
N/A
* FSMD analyzer results:
  - Output states:
 - Input state : 
  - Chain level:
	State 1
	State 2
	State 3
	State 4
	State 5
	State 6
	State 7
	State 8
	State 9
	State 10
	State 11
	State 12
	State 13
	State 14
	State 15
	State 16
	State 17
	State 18
	State 19
	State 20
	State 21
	State 22
	State 23
	State 24
	State 25
	State 26
	State 27
	State 28
	State 29
	State 30
	State 31
	State 32
	State 33
	State 34
	State 35
	State 36
	State 37
	State 38
	State 39
	State 40
	State 41
	State 42
	State 43
	State 44
	State 45
	State 46
	State 47
	State 48
	State 49
	State 50
	State 51
	State 52
	State 53
	State 54
	State 55
	State 56
	State 57
	State 58
	State 59
	State 60
	State 61
	State 62
	State 63
	State 64
	State 65
	State 66
	State 67
	State 68


============================================================
+ Verbose Summary: Datapath Resource usage 
============================================================
N/A
